Normal Modes for h2o_ccsd_6311.out
Mode  Wavenumber (cm^-1)  Symmetry  Displacement Vector (x,y,z) in Angstrom           
====================================================================================================
1     1688.96             A1        H1: (-0.0000, -0.4192, 0.5334)  O2: (0.0000, -0.0000, -0.0672)  H3: (0.0000, 0.4192, 0.5334)  
2     3904.22             A1        H1: (-0.0000, 0.5661, 0.3950)  O2: (-0.0000, -0.0000, -0.0498)  H3: (0.0000, -0.5661, 0.3950)  
3     3997.81             B2        H1: (0.0000, 0.5302, 0.4238)  O2: (0.0000, -0.0668, 0.0000)  H3: (-0.0000, 0.5302, -0.4238)  

Normal Modes for h2o_vdz_ccsd.out
Mode  Wavenumber (cm^-1)  Symmetry  Displacement Vector (x,y,z) in Angstrom           
====================================================================================================
1     1696.3              A1        H1: (0.0000, -0.4192, 0.5334)  O2: (0.0000, -0.0000, -0.0672)  H3: (0.0000, 0.4192, 0.5334)  
2     3846.26             A1        H1: (0.0000, 0.5661, 0.3950)  O2: (-0.0000, -0.0000, -0.0498)  H3: (-0.0000, -0.5661, 0.3950)  
3     3950.43             B2        H1: (-0.0000, 0.5283, 0.4264)  O2: (-0.0000, -0.0666, 0.0000)  H3: (-0.0000, 0.5283, -0.4264)  

Normal Modes for h2o_vtz_ccsd.out
Mode  Wavenumber (cm^-1)  Symmetry  Displacement Vector (x,y,z) in Angstrom           
====================================================================================================
1     1678.22             A1        H1: (-0.0000, -0.4115, 0.5387)  O2: (-0.0000, -0.0000, -0.0679)  H3: (0.0000, 0.4115, 0.5387)  
2     3876.04             A1        H1: (-0.0000, 0.5716, 0.3878)  O2: (0.0000, -0.0000, -0.0489)  H3: (-0.0000, -0.5716, 0.3878)  
3     3979.17             B2        H1: (0.0000, 0.5342, 0.4181)  O2: (0.0000, -0.0673, 0.0000)  H3: (-0.0000, 0.5342, -0.4181)  

Normal Modes for h2o_hf.out
Mode  Wavenumber (cm^-1)  Symmetry  Displacement Vector (x,y,z) in Angstrom           
====================================================================================================
1     1750.94             A1        H1: (0.0000, -0.4134, 0.5374)  O2: (-0.0000, -0.0000, -0.0677)  H3: (-0.0000, 0.4134, 0.5374)  
2     4142.11             A1        H1: (-0.0000, 0.5703, 0.3896)  O2: (0.0000, -0.0000, -0.0491)  H3: (-0.0000, -0.5703, 0.3896)  
3     4237.38             B2        H1: (0.0000, 0.5394, 0.4105)  O2: (0.0000, -0.0680, 0.0000)  H3: (0.0000, 0.5394, -0.4105)  

Normal Modes for h2o_mp2.out
Mode  Wavenumber (cm^-1)  Symmetry  Displacement Vector (x,y,z) in Angstrom           
====================================================================================================
1     1667.26             A1        H1: (0.0000, -0.4194, 0.5333)  O2: (0.0000, 0.0000, -0.0672)  H3: (0.0000, 0.4194, 0.5333)  
2     3904.75             A1        H1: (0.0000, 0.5659, 0.3952)  O2: (0.0000, 0.0000, -0.0498)  H3: (0.0000, -0.5659, 0.3952)  
3     4012.53             B2        H1: (0.0000, 0.5292, 0.4252)  O2: (-0.0000, -0.0667, -0.0000)  H3: (-0.0000, 0.5292, -0.4252)  
