
 Running default procedure: HF-SCF000

 PROGRAM * ALASKA (Gradient of the energy)     Author: R. Lindh

 Orbitals from record         2100.2

 Number of closed-shell orbitals: 24 ( 24 )
 Number of occupied orbitals:     24 ( 24 )

 Number of electrons= 48     Singlet     Space symmetry=1      Wavefunction type: CLOSED          


 SCF GRADIENT FOR STATE 1.1

 Atom          dE/dx               dE/dy               dE/dz

   1         0.016328358         0.009718739         0.023245752
   2         0.028560346        -0.009694568        -0.002547334
   3         0.011757561         0.009498181        -0.025567163
   4        -0.016065053        -0.009554612        -0.023240572
   5        -0.028568866         0.009743489         0.002449513
   6        -0.012018806        -0.009666189         0.025740596
   7        -0.007736782         0.010624662         0.016640064
   8         0.000167291         0.020021410        -0.000012759
   9        -0.018309922        -0.010655910         0.001605845
  10         0.000060755        -0.020024922         0.000099203
  11        -0.010506218         0.010668411        -0.015047521
  12        -0.000088830         0.020033173        -0.000127632
  13         0.010523194        -0.010640711         0.015045944
  14         0.018289246         0.010652955        -0.001583098
  15        -0.000153471        -0.020044453         0.000017579
  16        -0.000049717         0.020021453         0.000082965
  17         0.007742595        -0.010708089        -0.016652245
  18         0.000068320        -0.019993022        -0.000149138

 Nuclear force contribution to virial =         0.352685306

 Entering BMAT geometry-optimization, modelhes=F
 Reading points 1 to 1 from record 700.2,  wavefunction type=HF-SCF000       

 torquex=0.4783D-09  torquey=0.3935D-08  torquez=0.1007D-07 total=    0.0000

 Entering opt_bmat, project=F  hessinp=F  newcoord=T  MAXIT=100  maxitq=40

 Number of contracted internal coordinates:  48
 Smallest nonzero eigenvalue of G:  0.172D+00
 No hessian update for point  1
 bmat iter=  1  nc=  48  grad=     0.62039041  step=     0.13193583  stepmax=     0.30000000  scale=     1.00000000  de=-0.036743225742
 it=  1  dnq=  0.132D+00  dnx=  0.119D+00
 it=  2  dnq=  0.134D-02  dnx=  0.108D-02
 it=  3  dnq=  0.284D-04  dnx=  0.221D-04
 it=  4  dnq=  0.486D-06  dnx=  0.529D-06
 it=  5  dnq=  0.113D-07  dnx=  0.137D-07
 it=  6  dnq=  0.316D-09  dnx=  0.323D-09
 back transformation to cartesian coordinates converged in  6 iterations
 Bmat iter=  1  dq=   0.13193583  dx=   0.11809682  rms=   0.01607094  de=  -0.0084278388  enext=-234.2628103047

 Optimization point 1

 Variable                      Last           Current        Next           Gradient       Hessian

 E(HF-SCF000) / Hartree      0.00000000  -234.25438247  -234.26281030
 GX1 / ANGSTROM              0.00000000    -0.82840768    -0.83872298     0.03085612     3.57106483
 GY1 / ANGSTROM              0.00000000    -0.22810019    -0.22700696     0.01836576     3.57106483
 GZ1 / ANGSTROM              0.00000000    -1.18375772    -1.19816292     0.04392810     3.57106483
 GX2 / ANGSTROM              0.00000000    -1.43821709    -1.45675614     0.05397123     3.57106483
 GY2 / ANGSTROM              0.00000000     0.22882841     0.22741941    -0.01832008     3.57106483
 GZ2 / ANGSTROM              0.00000000     0.12578225     0.12715920    -0.00481376     3.57106483
 GX3 / ANGSTROM              0.00000000    -0.61073064    -0.61831826     0.02221857     3.57106483
 GY3 / ANGSTROM              0.00000000    -0.22922923    -0.22692298     0.01794896     3.57106483
 GZ3 / ANGSTROM              0.00000000     1.30951293     1.32523684    -0.04831494     3.57106483
 GX4 / ANGSTROM              0.00000000     0.82824406     0.83866490    -0.03035855     3.57106483
 GY4 / ANGSTROM              0.00000000     0.22910726     0.22699788    -0.01805560     3.57106483
 GZ4 / ANGSTROM              0.00000000     1.18372491     1.19798119    -0.04391832     3.57106483
 GX5 / ANGSTROM              0.00000000     1.43829190     1.45680236    -0.05398733     3.57106483
 GY5 / ANGSTROM              0.00000000    -0.22853256    -0.22741879     0.01841253     3.57106483
 GZ5 / ANGSTROM              0.00000000    -0.12547785    -0.12724992     0.00462891     3.57106483
 GX6 / ANGSTROM              0.00000000     0.61080364     0.61839958    -0.02271225     3.57106483
 GY6 / ANGSTROM              0.00000000     0.22796627     0.22683961    -0.01826645     3.57106483
 GZ6 / ANGSTROM              0.00000000    -1.30967088    -1.32548220     0.04864268     3.57106483
 GX7 / ANGSTROM              0.00000000    -1.05277367    -1.05066409    -0.01462040     3.57106483
 GY7 / ANGSTROM              0.00000000     0.17612539     0.15042923     0.02007770     3.57106483
 GZ7 / ANGSTROM              0.00000000     2.25642250     2.25182598     0.03144516     3.57106483
 GX8 / ANGSTROM              0.00000000    -1.51032374    -1.52773245     0.00031613     3.57106483
 GY8 / ANGSTROM              0.00000000     1.34825570     1.31734309     0.03783498     3.57106483
 GZ8 / ANGSTROM              0.00000000     0.13264082     0.13344574    -0.00002411     3.57106483
 GX9 / ANGSTROM              0.00000000    -2.47950793    -2.47568684    -0.03460074     3.57106483
 GY9 / ANGSTROM              0.00000000    -0.17629483    -0.14929504    -0.02013675     3.57106483
 GZ9 / ANGSTROM              0.00000000     0.21645045     0.21604996     0.00303461     3.57106483
 GX10 / ANGSTROM             0.00000000    -0.87139225    -0.88007867     0.00011481     3.57106483
 GY10 / ANGSTROM             0.00000000    -1.34740889    -1.31690284    -0.03784162     3.57106483
 GZ10 / ANGSTROM             0.00000000    -1.24441266    -1.25670874     0.00018747     3.57106483
 GX11 / ANGSTROM             0.00000000    -1.42753472    -1.42521432    -0.01985388     3.57106483
 GY11 / ANGSTROM             0.00000000     0.17882683     0.15007929     0.02016038     3.57106483
 GZ11 / ANGSTROM             0.00000000    -2.03929416    -2.03588419    -0.02843569     3.57106483
 GX12 / ANGSTROM             0.00000000     0.86952640     0.87986388    -0.00016786     3.57106483
 GY12 / ANGSTROM             0.00000000     1.34851990     1.31686066     0.03785721     3.57106483
 GZ12 / ANGSTROM             0.00000000     1.24337390     1.25676903    -0.00024119     3.57106483
 GX13 / ANGSTROM             0.00000000     1.42794199     1.42517702     0.01988596     3.57106483
 GY13 / ANGSTROM             0.00000000    -0.17638189    -0.15024373    -0.02010803     3.57106483
 GZ13 / ANGSTROM             0.00000000     2.03951836     2.03560526     0.02843271     3.57106483
 GX14 / ANGSTROM             0.00000000     2.47938144     2.47573550     0.03456167     3.57106483
 GY14 / ANGSTROM             0.00000000     0.17694586     0.14924556     0.02013117     3.57106483
 GZ14 / ANGSTROM             0.00000000    -0.21639379    -0.21623296    -0.00299162     3.57106483
 GX15 / ANGSTROM             0.00000000     1.51096604     1.52776115    -0.00029002     3.57106483
 GY15 / ANGSTROM             0.00000000    -1.34797670    -1.31735807    -0.03787853     3.57106483
 GZ15 / ANGSTROM             0.00000000    -0.13126334    -0.13328508     0.00003322     3.57106483
 GX16 / ANGSTROM             0.00000000     0.64261698     0.64893380    -0.00009395     3.57106483
 GY16 / ANGSTROM             0.00000000     1.34721411     1.31671273     0.03783506     3.57106483
 GZ16 / ANGSTROM             0.00000000    -1.37762757    -1.39054444     0.00015678     3.57106483
 GX17 / ANGSTROM             0.00000000     1.05243542     1.05077499     0.01463138     3.57106483
 GY17 / ANGSTROM             0.00000000    -0.17972468    -0.15045542    -0.02023536     3.57106483
 GZ17 / ANGSTROM             0.00000000    -2.25589775    -2.25212166    -0.03146818     3.57106483
 GX18 / ANGSTROM             0.00000000    -0.64114777    -0.64876703     0.00012911     3.57106483
 GY18 / ANGSTROM             0.00000000    -1.34857660    -1.31675947    -0.03778134     3.57106483
 GZ18 / ANGSTROM             0.00000000     1.37513018     1.39035944    -0.00028183     3.57106483
 Convergence:                0.00000000  (line search)     0.22317065     0.10255175  (total)

 Geometry written to block  2 of record 700


 Recomputing integrals since geometry changed


 PROGRAM * SEWARD (Integral evaluation for generally contracted gaussian basis sets)     Author: Roland Lindh, 1990

 Geometry written to block  2 of record 700


 Point group  C1  



 ATOMIC COORDINATES

 NR  ATOM    CHARGE       X              Y              Z

   1  C       6.00   -1.584956725   -0.428980977   -2.264199763
   2  C       6.00   -2.752870142    0.429760407    0.240296069
   3  C       6.00   -1.168452175   -0.428822293    2.504334674
   4  C       6.00    1.584846963    0.428963830    2.263856351
   5  C       6.00    2.752957483   -0.429759231   -0.240467489
   6  C       6.00    1.168605846    0.428664739   -2.504798346
   7  H       1.00   -1.985467370    0.284270043    4.255334389
   8  H       1.00   -2.886995923    2.489417659    0.252175907
   9  H       1.00   -4.678370096   -0.282126732    0.408275246
  10  H       1.00   -1.663107656   -2.488585695   -2.374835329
  11  H       1.00   -2.693264725    0.283608753   -3.847263533
  12  H       1.00    1.662701767    2.488505988    2.374949273
  13  H       1.00    2.693194239   -0.283919509    3.846736448
  14  H       1.00    4.678462050    0.282033236   -0.408621068
  15  H       1.00    2.887050148   -2.489445964   -0.251872296
  16  H       1.00    1.226307149    2.488226443   -2.627748155
  17  H       1.00    1.985676953   -0.284319539   -4.255893127
  18  H       1.00   -1.225992003   -2.488314769    2.627398555

 Bond lengths in Bohr (Angstrom)

  1- 2  2.893779170   1- 6  2.894054367   1-10  2.064054116   1-11  2.059665421   2- 3  2.893685427
       ( 1.531321990)       ( 1.531467618)       ( 1.092250400)       ( 1.089928003)       ( 1.531272384)

  2- 8  2.064053986   2- 9  2.059745221   3- 4  2.893835344   3- 7  2.059615137   3-18  2.063968220
       ( 1.092250331)       ( 1.089970231)       ( 1.531351716)       ( 1.089901394)       ( 1.092204946)

  4- 5  2.893704439   4-12  2.064005065   4-13  2.059646995   5- 6  2.893830688   5-14  2.059731046
       ( 1.531282444)       ( 1.092224444)       ( 1.089918252)       ( 1.531349252)       ( 1.089962730)

  5-15  2.064078572   6-16  2.064035007   6-17  2.059680730
       ( 1.092263342)       ( 1.092240288)       ( 1.089936104)

 Bond angles

  1-2-3  111.59964760   1-2-8  109.10678190   1-2-9  110.20063033   1-6-5  111.58959153

  1- 6-16  109.10230331   1- 6-17  110.21450595   2- 1- 6  111.59302673   2- 1-10  109.10035845

  2- 1-11  110.20395776   2- 3- 4  111.59135059   2- 3- 7  110.19644971   2- 3-18  109.11419549

  3- 2- 8  109.09613342   3- 2- 9  110.21235534   3- 4- 5  111.59376585   3- 4-12  109.09849785

  3- 4-13  110.21421906   4- 3- 7  110.20862632   4- 3-18  109.10224079   4- 5- 6  111.60100599

  4- 5-14  110.21040694   4- 5-15  109.09471017   5- 4-12  109.11520439   5- 4-13  110.19203380

  5- 6-16  109.10502539   5- 6-17  110.20392417   6- 1-10  109.10360069   6- 1-11  110.21551874

  6- 5-14  110.20765022   6- 5-15  109.10210027   7- 3-18  106.48269590   8- 2- 9  106.47918082

 10- 1-11  106.47851466  12- 4-13  106.48162211  14- 5-15  106.47863103  16- 6-17  106.47991687

 NUCLEAR CHARGE:                   48
 NUMBER OF PRIMITIVE AOS:         288
 NUMBER OF SYMMETRY AOS:          282
 NUMBER OF CONTRACTIONS:          180   (  180A   )
 NUMBER OF INNER CORE ORBITALS:     0   (    0A   )
 NUMBER OF OUTER CORE ORBITALS:     6   (    6A   )
 NUMBER OF VALENCE ORBITALS:       36   (   36A   )


 NUCLEAR REPULSION ENERGY  256.04000690


 Eigenvalues of metric

         1 0.142E-02 0.142E-02 0.229E-02 0.331E-02 0.331E-02 0.109E-01 0.109E-01 0.113E-01


 Contracted 2-electron integrals neglected if value below      1.0D-11
 AO integral compression algorithm  1   Integral accuracy      1.0D-11

     453.771 MB (compressed) written to integral file ( 40.0%)

     Node minimum: 110.887 MB, node maximum: 116.392 MB


 NUMBER OF SORTED TWO-ELECTRON INTEGRALS:   33170512.     BUFFER LENGTH:  32768
 NUMBER OF SEGMENTS:   3  SEGMENT LENGTH:   15989512      RECORD LENGTH: 524288

 Memory used in sort:      16.55 MW

 SORT1 READ   141824574. AND WROTE    28298841. INTEGRALS IN     82 RECORDS. CPU TIME:     2.06 SEC, REAL TIME:     2.36 SEC
 SORT2 READ   112910086. AND WROTE   132690195. INTEGRALS IN   1716 RECORDS. CPU TIME:     0.43 SEC, REAL TIME:     0.66 SEC

 Node minimum:    33166440.  Node maximum:    33178658. integrals

 OPERATOR DM      FOR CENTER  0  COORDINATES:    0.000000    0.000000    0.000000

 Program * Restricted Hartree-Fock

 Molecular orbitals read from record     2100.2  Type=RHF/CANONICAL  

 NELEC=   48   SYM=1   MS2= 0   THRE=1.0D-08   THRD=1.0D-06   THRG=1.0D-06  HFMA2=F  DIIS_START=2   DIIS_MAX=10   DIIS_INCORE=F

 Level shifts:    0.00 (CLOSED)    0.00 (OPEN)    0.30 (GAP_MIN)

 ITER           ETOT              DE          GRAD        DDIFF     DIIS  NEXP   TIME(IT)  TIME(TOT)  DIAG
   1     -234.26101665    -234.26101665     0.00D+00     0.28D-01     0     0      42.20     42.33    start
   2     -234.26339299      -0.00237634     0.80D-03     0.51D-03     1     0      39.40     81.73    diag
   3     -234.26350674      -0.00011375     0.16D-03     0.13D-03     2     0      37.81    119.54    diag
   4     -234.26351504      -0.00000830     0.41D-04     0.33D-04     3     0      43.97    163.51    diag
   5     -234.26351624      -0.00000120     0.16D-04     0.15D-04     4     0      44.76    208.27    diag
   6     -234.26351631      -0.00000007     0.31D-05     0.40D-05     5     0      40.13    248.40    diag
   7     -234.26351631      -0.00000000     0.47D-06     0.98D-06     6     0      39.04    287.44    diag
   8     -234.26351631      -0.00000000     0.57D-07     0.71D-07     0     0      42.56    330.00    fixocc

 Final occupancy:  24

 !RHF STATE 1.1 Energy               -234.263516310152
  RHF One-electron energy            -822.519778820258
  RHF Two-electron energy             332.216255607654
  RHF Kinetic energy                  234.145776752854
  RHF Nuclear energy                  256.040006902452
  RHF Virial quotient                  -1.000502847239

 !RHF STATE 1.1 Dipole moment          -0.00000729    -0.00000212     0.00005527
 Dipole moment /Debye                  -0.00001852    -0.00000538     0.00014047

 Orbital energies:

           1.1          2.1          3.1          4.1          5.1          6.1          7.1          8.1          9.1         10.1
    -11.211838   -11.211555   -11.211554   -11.210946   -11.210945   -11.210632    -1.111185    -1.000016    -0.999995    -0.827498

          11.1         12.1         13.1         14.1         15.1         16.1         17.1         18.1         19.1         20.1
     -0.827452    -0.749163    -0.646716    -0.606922    -0.595049    -0.595024    -0.523960    -0.523950    -0.511831    -0.479481

          21.1         22.1         23.1         24.1         25.1         26.1
     -0.479459    -0.447611    -0.425430    -0.425420     0.155242     0.171961


 HOMO     24.1    -0.425420 =     -11.5763eV
 LUMO     25.1     0.155242 =       4.2244eV
 LUMO-HOMO         0.580662 =      15.8006eV

 Orbitals saved in record  2100.2


 **********************************************************************************************************************************
 DATASETS  * FILE   NREC   LENGTH (MB)   RECORD NAMES
              1      18       30.02       500      610      700      900      950      970     1000      129      960     1100   
                                          VAR    BASINP    GEOM    SYMINP    ZMAT    AOBASIS   BASIS     P2S    ABASIS      S 
                                         1400     1410     1200     1210     1080     1600     1650     1700   
                                           T        V       H0       H01     AOSYM     SMH    MOLCAS    OPER   

              2       4        1.15       700     1000      520     2100   
                                         GEOM     BASIS   MCVARS     RHF  

              3       2        0.14      1000     8000   
                                         BASIS   

 PROGRAMS   *        TOTAL    HF-SCF    HF-SCF       INT
 CPU TIMES  *       792.28    335.31    423.38      5.29
 REAL TIME  *       219.31 SEC
 DISK USED  *        33.22 MB (local),        1.80 GB (total)
 SF USED    *         0.04 MB
 GA USED    *         0.00 MB       (max)       0.00 MB       (current)
 **********************************************************************************************************************************

 PROGRESS OF GEOMETRY OPTIMIZATION.    TOTAL CPU:       363.4 SEC
   1  -234.25438247  -234.26351631    -0.00913384  0.02856887  0.10255175  0.01395553  0.06012565  0.22317065  0.05260183

 **********************************************************************************************************************************

 Current geometry (xyz format, in Angstrom)

   18
 HF-SCF000/6-311G(D,P)  ENERGY=-234.26351631
 C         -0.8387229789       -0.2270069568       -1.1981629153
 C         -1.4567561436        0.2274194133        0.1271592034
 C         -0.6183182629       -0.2269229848        1.3252368379
 C          0.8386648955        0.2269978829        1.1979811898
 C          1.4568023625       -0.2274187911       -0.1272499152
 C          0.6183995821        0.2268396110       -1.3254822025
 H         -1.0506640853        0.1504292283        2.2518259836
 H         -1.5277324505        1.3173430938        0.1334457429
 H         -2.4756868387       -0.1492950369        0.2160499559
 H         -0.8800786709       -1.3169028372       -1.2567087357
 H         -1.4252143152        0.1500792891       -2.0358841858
 H          0.8798638835        1.3168606580        1.2567690325
 H          1.4251770159       -0.1502437341        2.0356052648
 H          2.4757354991        0.1492455614       -0.2162329572
 H          1.5277611453       -1.3173580719       -0.1332850793
 H          0.6489337970        1.3167127292       -1.3905444397
 H          1.0507749919       -0.1504554209       -2.2521216550
 H         -0.6487670286       -1.3167594694        1.3903594395

 **********************************************************************************************************************************

 PROGRAM * ALASKA (Gradient of the energy)     Author: R. Lindh

 Orbitals from record         2100.2

 Number of closed-shell orbitals: 24 ( 24 )
 Number of occupied orbitals:     24 ( 24 )

 Number of electrons= 48     Singlet     Space symmetry=1      Wavefunction type: CLOSED          


 SCF GRADIENT FOR STATE 1.1

 Atom          dE/dx               dE/dy               dE/dz

   1         0.000897109         0.001829554         0.001375299
   2         0.001705017        -0.001837060        -0.000119442
   3         0.000679587         0.001820348        -0.001530997
   4        -0.000949765        -0.001829440        -0.001386580
   5        -0.001681585         0.001846636         0.000180605
   6        -0.000650874        -0.001816333         0.001501337
   7        -0.000823280         0.000476102         0.001725915
   8        -0.000068007         0.001495086         0.000017834
   9        -0.001952973        -0.000480486         0.000158190
  10        -0.000047926        -0.001496080        -0.000056981
  11        -0.001125457         0.000465769        -0.001578121
  12         0.000027561         0.001479641         0.000071238
  13         0.001125917        -0.000477445         0.001560081
  14         0.001950000         0.000474485        -0.000172086
  15         0.000067621        -0.001502972         0.000002854
  16         0.000031370         0.001490517        -0.000067685
  17         0.000835017        -0.000470673        -0.001754189
  18        -0.000019333        -0.001467648         0.000072728

 Nuclear force contribution to virial =         0.046489001

 Entering BMAT geometry-optimization, modelhes=F
 Reading points 1 to 2 from record 700.2,  wavefunction type=HF-SCF000       

 torquex=-.1195D-07  torquey=0.4205D-08  torquez=-.2718D-07 total=    0.0000

 Entering opt_bmat, project=F  hessinp=F  newcoord=F  MAXIT=100  maxitq=40
 Smallest nonzero eigenvalue of G:  0.180D+00
 BFGS update of hessian using  1 points
 bmat iter=  2  nc=  48  grad=     0.05068172  step=     0.01515650  stepmax=     0.30000000  scale=     1.00000000  de=-0.000286371434
 it=  1  dnq=  0.152D-01  dnx=  0.125D-01
 it=  2  dnq=  0.163D-04  dnx=  0.266D-04
 it=  3  dnq=  0.720D-07  dnx=  0.793D-07
 it=  4  dnq=  0.306D-09  dnx=  0.408D-09
 back transformation to cartesian coordinates converged in  4 iterations
 Bmat iter=  2  dq=   0.01515650  dx=   0.01255859  rms=   0.00170901  de=  -0.0000656854  enext=-234.2635819955

 Optimization point 2

 Variable                      Last           Current        Next           Gradient       Hessian

 E(HF-SCF000) / Hartree   -234.25438247  -234.26351631  -234.26358200
 GX1 / ANGSTROM             -0.82840768    -0.83872298    -0.83813885     0.00169529     3.57106483
 GY1 / ANGSTROM             -0.22810019    -0.22700696    -0.22795820     0.00345736     3.57106483
 GZ1 / ANGSTROM             -1.18375772    -1.19816292    -1.19738310     0.00259894     3.57106483
 GX2 / ANGSTROM             -1.43821709    -1.45675614    -1.45582797     0.00322202     3.57106483
 GY2 / ANGSTROM              0.22882841     0.22741941     0.22846405    -0.00347154     3.57106483
 GZ2 / ANGSTROM              0.12578225     0.12715920     0.12708059    -0.00022571     3.57106483
 GX3 / ANGSTROM             -0.61073064    -0.61831826    -0.61790140     0.00128423     3.57106483
 GY3 / ANGSTROM             -0.22922923    -0.22692298    -0.22794361     0.00343996     3.57106483
 GZ3 / ANGSTROM              1.30951293     1.32523684     1.32442489    -0.00289316     3.57106483
 GX4 / ANGSTROM              0.82824406     0.83866490     0.83812031    -0.00179480     3.57106483
 GY4 / ANGSTROM              0.22910726     0.22699788     0.22802495    -0.00345714     3.57106483
 GZ4 / ANGSTROM              1.18372491     1.19798119     1.19724978    -0.00262026     3.57106483
 GX5 / ANGSTROM              1.43829190     1.45680236     1.45586020    -0.00317774     3.57106483
 GY5 / ANGSTROM             -0.22853256    -0.22741879    -0.22846956     0.00348964     3.57106483
 GZ5 / ANGSTROM             -0.12547785    -0.12724992    -0.12716702     0.00034129     3.57106483
 GX6 / ANGSTROM              0.61080364     0.61839958     0.61794337    -0.00122997     3.57106483
 GY6 / ANGSTROM              0.22796627     0.22683961     0.22774856    -0.00343237     3.57106483
 GZ6 / ANGSTROM             -1.30967088    -1.32548220    -1.32458694     0.00283711     3.57106483
 GX7 / ANGSTROM             -1.05277367    -1.05066409    -1.04874192    -0.00155577     3.57106483
 GY7 / ANGSTROM              0.17612539     0.15042923     0.14905342     0.00089970     3.57106483
 GZ7 / ANGSTROM              2.25642250     2.25182598     2.24804858     0.00326151     3.57106483
 GX8 / ANGSTROM             -1.51032374    -1.52773245    -1.52653502    -0.00012851     3.57106483
 GY8 / ANGSTROM              1.34825570     1.31734309     1.31590371     0.00282530     3.57106483
 GZ8 / ANGSTROM              0.13264082     0.13344574     0.13328518     0.00003370     3.57106483
 GX9 / ANGSTROM             -2.47950793    -2.47568684    -2.47128618    -0.00369058     3.57106483
 GY9 / ANGSTROM             -0.17629483    -0.14929504    -0.14811013    -0.00090799     3.57106483
 GZ9 / ANGSTROM              0.21645045     0.21604996     0.21572118     0.00029894     3.57106483
 GX10 / ANGSTROM            -0.87139225    -0.88007867    -0.87937678    -0.00009057     3.57106483
 GY10 / ANGSTROM            -1.34740889    -1.31690284    -1.31536276    -0.00282718     3.57106483
 GZ10 / ANGSTROM            -1.24441266    -1.25670874    -1.25577246    -0.00010768     3.57106483
 GX11 / ANGSTROM            -1.42753472    -1.42521432    -1.42250391    -0.00212680     3.57106483
 GY11 / ANGSTROM             0.17882683     0.15007929     0.14910191     0.00088018     3.57106483
 GZ11 / ANGSTROM            -2.03929416    -2.03588419    -2.03234352    -0.00298222     3.57106483
 GX12 / ANGSTROM             0.86952640     0.87986388     0.87915213     0.00005208     3.57106483
 GY12 / ANGSTROM             1.34851990     1.31686066     1.31544116     0.00279612     3.57106483
 GZ12 / ANGSTROM             1.24337390     1.25676903     1.25557167     0.00013462     3.57106483
 GX13 / ANGSTROM             1.42794199     1.42517702     1.42256171     0.00212768     3.57106483
 GY13 / ANGSTROM            -0.17638189    -0.15024373    -0.14888923    -0.00090224     3.57106483
 GZ13 / ANGSTROM             2.03951836     2.03560526     2.03223000     0.00294813     3.57106483
 GX14 / ANGSTROM             2.47938144     2.47573550     2.47129398     0.00368497     3.57106483
 GY14 / ANGSTROM             0.17694586     0.14924556     0.14814867     0.00089665     3.57106483
 GZ14 / ANGSTROM            -0.21639379    -0.21623296    -0.21588227    -0.00032520     3.57106483
 GX15 / ANGSTROM             1.51096604     1.52776115     1.52663049     0.00012779     3.57106483
 GY15 / ANGSTROM            -1.34797670    -1.31735807    -1.31590658    -0.00284021     3.57106483
 GZ15 / ANGSTROM            -0.13126334    -0.13328508    -0.13320510     0.00000539     3.57106483
 GX16 / ANGSTROM             0.64261698     0.64893380     0.64840711     0.00005928     3.57106483
 GY16 / ANGSTROM             1.34721411     1.31671273     1.31514123     0.00281667     3.57106483
 GZ16 / ANGSTROM            -1.37762757    -1.39054444    -1.38943259    -0.00012791     3.57106483
 GX17 / ANGSTROM             1.05243542     1.05077499     1.04873402     0.00157795     3.57106483
 GY17 / ANGSTROM            -0.17972468    -0.15045542    -0.14946891    -0.00088944     3.57106483
 GZ17 / ANGSTROM            -2.25589775    -2.25212166    -2.24813396    -0.00331494     3.57106483
 GX18 / ANGSTROM            -0.64114777    -0.64876703    -0.64821890    -0.00003653     3.57106483
 GY18 / ANGSTROM            -1.34857660    -1.31675947    -1.31535451    -0.00277345     3.57106483
 GZ18 / ANGSTROM             1.37513018     1.39035944     1.38905565     0.00013744     3.57106483
 Convergence:                0.00000000  (line search)     0.02373230     0.00860914  (total)

 Geometry written to block  3 of record 700


 Recomputing integrals since geometry changed


 PROGRAM * SEWARD (Integral evaluation for generally contracted gaussian basis sets)     Author: Roland Lindh, 1990

 Geometry written to block  3 of record 700


 Point group  C1  



 ATOMIC COORDINATES

 NR  ATOM    CHARGE       X              Y              Z

   1  C       6.00   -1.583852885   -0.430778558   -2.262726134
   2  C       6.00   -2.751116153    0.431734481    0.240147507
   3  C       6.00   -1.167664411   -0.430750992    2.502800306
   4  C       6.00    1.583817842    0.430904699    2.262474196
   5  C       6.00    2.751177048   -0.431744901   -0.240310849
   6  C       6.00    1.167743730    0.430382405   -2.503106539
   7  H       1.00   -1.981835003    0.281670133    4.248196138
   8  H       1.00   -2.884733103    2.486697613    0.251872495
   9  H       1.00   -4.670054058   -0.279887585    0.407653953
  10  H       1.00   -1.661781272   -2.485675365   -2.373066031
  11  H       1.00   -2.688142792    0.281761765   -3.840572651
  12  H       1.00    1.661356742    2.485823526    2.372686590
  13  H       1.00    2.688252022   -0.281359863    3.840358131
  14  H       1.00    4.670068803    0.279960421   -0.407958362
  15  H       1.00    2.884913526   -2.486703040   -0.251721166
  16  H       1.00    1.225311856    2.485256746   -2.625647060
  17  H       1.00    1.981820077   -0.282455307   -4.248357468
  18  H       1.00   -1.224956184   -2.485659787    2.624934750

 Bond lengths in Bohr (Angstrom)

  1- 2  2.893234996   1- 6  2.893210133   1-10  2.059332080   1-11  2.053477427   2- 3  2.893233192
       ( 1.531034026)       ( 1.531020869)       ( 1.089751606)       ( 1.086653457)       ( 1.531033071)

  2- 8  2.059335921   2- 9  2.053481692   3- 4  2.893244157   3- 7  2.053490741   3-18  2.059332252
       ( 1.089753639)       ( 1.086655714)       ( 1.531038874)       ( 1.086660503)       ( 1.089751697)

  4- 5  2.893237776   4-12  2.059332523   4-13  2.053488100   5- 6  2.893228111   5-14  2.053478931
       ( 1.531035497)       ( 1.089751841)       ( 1.086659105)       ( 1.531030382)       ( 1.086654253)

  5-15  2.059336931   6-16  2.059329703   6-17  2.053474788
       ( 1.089754173)       ( 1.089750349)       ( 1.086652061)

 Bond angles

  1-2-3  111.52217647   1-2-8  109.18279593   1-2-9  110.13714995   1-6-5  111.52008238

  1- 6-16  109.17990518   1- 6-17  110.14044107   2- 1- 6  111.52083240   2- 1-10  109.18114651

  2- 1-11  110.13933218   2- 3- 4  111.51456552   2- 3- 7  110.13914700   2- 3-18  109.18501515

  3- 2- 8  109.17952427   3- 2- 9  110.14130319   3- 4- 5  111.51634326   3- 4-12  109.18019666

  3- 4-13  110.14243764   4- 3- 7  110.14118707   4- 3-18  109.18142879   4- 5- 6  111.52379807

  4- 5-14  110.14023387   4- 5-15  109.17910246   5- 4-12  109.18537823   5- 4-13  110.13735465

  5- 6-16  109.18236736   5- 6-17  110.13915983   6- 1-10  109.18052040   6- 1-11  110.14040627

  6- 5-14  110.13861064   6- 5-15  109.18114634   7- 3-18  106.54370473   8- 2- 9  106.54160471

 10- 1-11  106.54239848  12- 4-13  106.54322503  14- 5-15  106.54155477  16- 6-17  106.54274008

 NUCLEAR CHARGE:                   48
 NUMBER OF PRIMITIVE AOS:         288
 NUMBER OF SYMMETRY AOS:          282
 NUMBER OF CONTRACTIONS:          180   (  180A   )
 NUMBER OF INNER CORE ORBITALS:     0   (    0A   )
 NUMBER OF OUTER CORE ORBITALS:     6   (    6A   )
 NUMBER OF VALENCE ORBITALS:       36   (   36A   )


 NUCLEAR REPULSION ENERGY  256.28135641


 Eigenvalues of metric

         1 0.141E-02 0.141E-02 0.227E-02 0.329E-02 0.329E-02 0.108E-01 0.108E-01 0.112E-01


 Contracted 2-electron integrals neglected if value below      1.0D-11
 AO integral compression algorithm  1   Integral accuracy      1.0D-11

     454.558 MB (compressed) written to integral file ( 40.0%)

     Node minimum: 110.625 MB, node maximum: 116.916 MB


 NUMBER OF SORTED TWO-ELECTRON INTEGRALS:   33170512.     BUFFER LENGTH:  32768
 NUMBER OF SEGMENTS:   3  SEGMENT LENGTH:   15989512      RECORD LENGTH: 524288

 Memory used in sort:      16.55 MW

 SORT1 READ   141848991. AND WROTE    28324605. INTEGRALS IN     82 RECORDS. CPU TIME:     2.15 SEC, REAL TIME:     2.43 SEC
 SORT2 READ   113019527. AND WROTE   132690195. INTEGRALS IN   1732 RECORDS. CPU TIME:     0.44 SEC, REAL TIME:     0.66 SEC

 Node minimum:    33166440.  Node maximum:    33178658. integrals

 OPERATOR DM      FOR CENTER  0  COORDINATES:    0.000000    0.000000    0.000000

 Program * Restricted Hartree-Fock

 Molecular orbitals read from record     2100.2  Type=RHF/CANONICAL  

 NELEC=   48   SYM=1   MS2= 0   THRE=1.0D-08   THRD=1.0D-06   THRG=1.0D-06  HFMA2=F  DIIS_START=2   DIIS_MAX=10   DIIS_INCORE=F

 Level shifts:    0.00 (CLOSED)    0.00 (OPEN)    0.30 (GAP_MIN)

 ITER           ETOT              DE          GRAD        DDIFF     DIIS  NEXP   TIME(IT)  TIME(TOT)  DIAG
   1     -234.26355615    -234.26355615     0.00D+00     0.28D-01     0     0      40.40     40.54    start
   2     -234.26357401      -0.00001787     0.72D-04     0.45D-04     1     0      43.26     83.80    diag
   3     -234.26357494      -0.00000093     0.16D-04     0.14D-04     2     0      49.44    133.24    diag
   4     -234.26357512      -0.00000018     0.67D-05     0.40D-05     3     0      49.68    182.92    diag
   5     -234.26357513      -0.00000001     0.13D-05     0.15D-05     4     0      48.51    231.43    diag
   6     -234.26357513      -0.00000000     0.25D-06     0.42D-06     5     0      44.49    275.92    diag
   7     -234.26357513      -0.00000000     0.34D-07     0.55D-07     0     0      43.14    319.06    diag

 Final occupancy:  24

 !RHF STATE 1.1 Energy               -234.263575134579
  RHF One-electron energy            -822.999106020377
  RHF Two-electron energy             332.454174474345
  RHF Kinetic energy                  234.199755041684
  RHF Nuclear energy                  256.281356411453
  RHF Virial quotient                  -1.000272502817

 !RHF STATE 1.1 Dipole moment          -0.00000023    -0.00000072    -0.00000414
 Dipole moment /Debye                  -0.00000059    -0.00000184    -0.00001053

 Orbital energies:

           1.1          2.1          3.1          4.1          5.1          6.1          7.1          8.1          9.1         10.1
    -11.210763   -11.210480   -11.210480   -11.209870   -11.209870   -11.209556    -1.111584    -1.000456    -1.000449    -0.828123

          11.1         12.1         13.1         14.1         15.1         16.1         17.1         18.1         19.1         20.1
     -0.828120    -0.750151    -0.647284    -0.607732    -0.595778    -0.595765    -0.524123    -0.524112    -0.511311    -0.480262

          21.1         22.1         23.1         24.1         25.1         26.1
     -0.480258    -0.448533    -0.425162    -0.425157     0.155636     0.172198


 HOMO     24.1    -0.425157 =     -11.5691eV
 LUMO     25.1     0.155636 =       4.2351eV
 LUMO-HOMO         0.580793 =      15.8042eV

 Orbitals saved in record  2100.2


 **********************************************************************************************************************************
 DATASETS  * FILE   NREC   LENGTH (MB)   RECORD NAMES
              1      18       30.02       500      610      700      900      950      970     1000      129      960     1100   
                                          VAR    BASINP    GEOM    SYMINP    ZMAT    AOBASIS   BASIS     P2S    ABASIS      S 
                                         1400     1410     1200     1210     1080     1600     1650     1700   
                                           T        V       H0       H01     AOSYM     SMH    MOLCAS    OPER   

              2       4        1.15       700     1000      520     2100   
                                         GEOM     BASIS   MCVARS     RHF  

              3       2        0.14      1000     8000   
                                         BASIS   

 PROGRAMS   *        TOTAL    HF-SCF    HF-SCF       INT
 CPU TIMES  *      1144.42    324.50    423.38      5.29
 REAL TIME  *       320.41 SEC
 DISK USED  *        33.22 MB (local),        1.80 GB (total)
 SF USED    *         0.05 MB
 GA USED    *         0.00 MB       (max)       0.00 MB       (current)
 **********************************************************************************************************************************

 PROGRESS OF GEOMETRY OPTIMIZATION.    TOTAL CPU:       715.6 SEC
   1  -234.25438247  -234.26351631    -0.00913384  0.02856887  0.10255175  0.01395553  0.06012565  0.22317065  0.05260183
   2  -234.26351631  -234.26357513    -0.00005882  0.00195297  0.00860914  0.00117156  0.00839325  0.02373230  0.00559376

 **********************************************************************************************************************************

 Current geometry (xyz format, in Angstrom)

   18
 HF-SCF000/6-311G(D,P)  ENERGY=-234.26357513
 C         -0.8381388521       -0.2279581960       -1.1973831047
 C         -1.4558279729        0.2284640486        0.1270805880
 C         -0.6179013961       -0.2279436088        1.3244248856
 C          0.8381203080        0.2280249466        1.1972497849
 C          1.4558601972       -0.2284695625       -0.1271670246
 C          0.6179433704        0.2277485604       -1.3245869369
 H         -1.0487419195        0.1490534152        2.2480485836
 H         -1.5265350174        1.3159037072        0.1332851842
 H         -2.4712861814       -0.1481101315        0.2157211820
 H         -0.8793767784       -1.3153627570       -1.2557724633
 H         -1.4225039054        0.1491019051       -2.0323435237
 H          0.8791521269        1.3154411602        1.2555716721
 H          1.4225617072       -0.1488892276        2.0322300045
 H          2.4712939839        0.1481486747       -0.2158822683
 H          1.5266304936       -1.3159065792       -0.1332051046
 H          0.6484071105        1.3151412332       -1.3894325881
 H          1.0487340209       -0.1494689116       -2.2481339556
 H         -0.6482188972       -1.3153545134        1.3890556496

 **********************************************************************************************************************************

 PROGRAM * ALASKA (Gradient of the energy)     Author: R. Lindh

 Orbitals from record         2100.2

 Number of closed-shell orbitals: 24 ( 24 )
 Number of occupied orbitals:     24 ( 24 )

 Number of electrons= 48     Singlet     Space symmetry=1      Wavefunction type: CLOSED          


 SCF GRADIENT FOR STATE 1.1

 Atom          dE/dx               dE/dy               dE/dz

   1        -0.000008918         0.000212251        -0.000016053
   2        -0.000004321        -0.000201342         0.000001714
   3        -0.000013305         0.000195347         0.000015098
   4         0.000012838        -0.000196766         0.000013215
   5         0.000006301         0.000205729        -0.000001275
   6         0.000009015        -0.000213959        -0.000019699
   7         0.000113006        -0.000163364        -0.000244777
   8        -0.000069297        -0.000107389         0.000008329
   9         0.000272184         0.000165898        -0.000026952
  10        -0.000036866         0.000109079        -0.000057495
  11         0.000156526        -0.000165917         0.000224906
  12         0.000035139        -0.000107559         0.000059450
  13        -0.000152065         0.000164022        -0.000223856
  14        -0.000273207        -0.000166438         0.000023019
  15         0.000068672         0.000107392        -0.000005341
  16         0.000025227        -0.000109852        -0.000063467
  17        -0.000115658         0.000165573         0.000249465
  18        -0.000025272         0.000107294         0.000063718

 Nuclear force contribution to virial =        -0.008654320

 Entering BMAT geometry-optimization, modelhes=F
 Reading points 1 to 3 from record 700.2,  wavefunction type=HF-SCF000       

 torquex=-.1542D-07  torquey=0.3164D-08  torquez=-.4054D-07 total=    0.0000

 Entering opt_bmat, project=F  hessinp=F  newcoord=F  MAXIT=100  maxitq=40
 Smallest nonzero eigenvalue of G:  0.181D+00
 BFGS update of hessian using  2 points
 bmat iter=  3  nc=  48  grad=     0.00795157  step=     0.00226674  stepmax=     0.30000000  scale=     1.00000000  de=-0.000006261392
 it=  1  dnq=  0.227D-02  dnx=  0.254D-02
 it=  2  dnq=  0.886D-06  dnx=  0.789D-06
 it=  3  dnq=  0.665D-09  dnx=  0.379D-09
 back transformation to cartesian coordinates converged in  3 iterations
 Bmat iter=  3  dq=   0.00226674  dx=   0.00253728  rms=   0.00034528  de=  -0.0000014362  enext=-234.2635765708

 Optimization point 3

 Variable                      Last           Current        Next           Gradient       Hessian

 E(HF-SCF000) / Hartree   -234.26351631  -234.26357513  -234.26357657
 GX1 / ANGSTROM             -0.83872298    -0.83813885    -0.83824512    -0.00001685     3.57106483
 GY1 / ANGSTROM             -0.22700696    -0.22795820    -0.22820199     0.00040110     3.57106483
 GZ1 / ANGSTROM             -1.19816292    -1.19738310    -1.19752759    -0.00003034     3.57106483
 GX2 / ANGSTROM             -1.45675614    -1.45582797    -1.45605677    -0.00000816     3.57106483
 GY2 / ANGSTROM              0.22741941     0.22846405     0.22865738    -0.00038048     3.57106483
 GZ2 / ANGSTROM              0.12715920     0.12708059     0.12707768     0.00000324     3.57106483
 GX3 / ANGSTROM             -0.61831826    -0.61790140    -0.61799142    -0.00002514     3.57106483
 GY3 / ANGSTROM             -0.22692298    -0.22794361    -0.22807959     0.00036915     3.57106483
 GZ3 / ANGSTROM              1.32523684     1.32442489     1.32457968     0.00002853     3.57106483
 GX4 / ANGSTROM              0.83866490     0.83812031     0.83825053     0.00002426     3.57106483
 GY4 / ANGSTROM              0.22699788     0.22802495     0.22817661    -0.00037183     3.57106483
 GZ4 / ANGSTROM              1.19798119     1.19724978     1.19738579     0.00002497     3.57106483
 GX5 / ANGSTROM              1.45680236     1.45586020     1.45608186     0.00001191     3.57106483
 GY5 / ANGSTROM             -0.22741879    -0.22846956    -0.22869357     0.00038877     3.57106483
 GZ5 / ANGSTROM             -0.12724992    -0.12716702    -0.12720294    -0.00000241     3.57106483
 GX6 / ANGSTROM              0.61839958     0.61794337     0.61802001     0.00001704     3.57106483
 GY6 / ANGSTROM              0.22683961     0.22774856     0.22799969    -0.00040432     3.57106483
 GZ6 / ANGSTROM             -1.32548220    -1.32458694    -1.32473329    -0.00003723     3.57106483
 GX7 / ANGSTROM             -1.05066409    -1.04874192    -1.04899387     0.00021355     3.57106483
 GY7 / ANGSTROM              0.15042923     0.14905342     0.14892277    -0.00030871     3.57106483
 GZ7 / ANGSTROM              2.25182598     2.24804858     2.24860539    -0.00046256     3.57106483
 GX8 / ANGSTROM             -1.52773245    -1.52653502    -1.52605048    -0.00013095     3.57106483
 GY8 / ANGSTROM              1.31734309     1.31590371     1.31627542    -0.00020294     3.57106483
 GZ8 / ANGSTROM              0.13344574     0.13328518     0.13316035     0.00001574     3.57106483
 GX9 / ANGSTROM             -2.47568684    -2.47128618    -2.47196277     0.00051435     3.57106483
 GY9 / ANGSTROM             -0.14929504    -0.14811013    -0.14788588     0.00031350     3.57106483
 GZ9 / ANGSTROM              0.21604996     0.21572118     0.21578867    -0.00005093     3.57106483
 GX10 / ANGSTROM            -0.88007867    -0.87937678    -0.87899922    -0.00006967     3.57106483
 GY10 / ANGSTROM            -1.31690284    -1.31536276    -1.31579484     0.00020613     3.57106483
 GZ10 / ANGSTROM            -1.25670874    -1.25577246    -1.25523993    -0.00010865     3.57106483
 GX11 / ANGSTROM            -1.42521432    -1.42250391    -1.42288060     0.00029579     3.57106483
 GY11 / ANGSTROM             0.15007929     0.14910191     0.14871501    -0.00031354     3.57106483
 GZ11 / ANGSTROM            -2.03588419    -2.03234352    -2.03290261     0.00042501     3.57106483
 GX12 / ANGSTROM             0.87986388     0.87915213     0.87895072     0.00006640     3.57106483
 GY12 / ANGSTROM             1.31686066     1.31544116     1.31576886    -0.00020326     3.57106483
 GZ12 / ANGSTROM             1.25676903     1.25557167     1.25511504     0.00011234     3.57106483
 GX13 / ANGSTROM             1.42517702     1.42256171     1.42290835    -0.00028736     3.57106483
 GY13 / ANGSTROM            -0.15024373    -0.14888923    -0.14872464     0.00030996     3.57106483
 GZ13 / ANGSTROM             2.03560526     2.03223000     2.03275292    -0.00042303     3.57106483
 GX14 / ANGSTROM             2.47573550     2.47129398     2.47198121    -0.00051629     3.57106483
 GY14 / ANGSTROM             0.14924556     0.14814867     0.14785837    -0.00031452     3.57106483
 GZ14 / ANGSTROM            -0.21623296    -0.21588227    -0.21594928     0.00004350     3.57106483
 GX15 / ANGSTROM             1.52776115     1.52663049     1.52608889     0.00012977     3.57106483
 GY15 / ANGSTROM            -1.31735807    -1.31590658    -1.31631166     0.00020294     3.57106483
 GZ15 / ANGSTROM            -0.13328508    -0.13320510    -0.13322083    -0.00001009     3.57106483
 GX16 / ANGSTROM             0.64893380     0.64840711     0.64813060     0.00004767     3.57106483
 GY16 / ANGSTROM             1.31671273     1.31514123     1.31558418    -0.00020759     3.57106483
 GZ16 / ANGSTROM            -1.39054444    -1.38943259    -1.38878603    -0.00011993     3.57106483
 GX17 / ANGSTROM             1.05077499     1.04873402     1.04901241    -0.00021856     3.57106483
 GY17 / ANGSTROM            -0.15045542    -0.14946891    -0.14903744     0.00031289     3.57106483
 GZ17 / ANGSTROM            -2.25212166    -2.24813396    -2.24874859     0.00047142     3.57106483
 GX18 / ANGSTROM            -0.64876703    -0.64821890    -0.64807192    -0.00004776     3.57106483
 GY18 / ANGSTROM            -1.31675947    -1.31535451    -1.31566452     0.00020276     3.57106483
 GZ18 / ANGSTROM             1.39035944     1.38905565     1.38860615     0.00012041     3.57106483
 Convergence:                0.00000000  (line search)     0.00479477     0.00098034  (total)

 Geometry written to block  4 of record 700


 Recomputing integrals since geometry changed


 PROGRAM * SEWARD (Integral evaluation for generally contracted gaussian basis sets)     Author: Roland Lindh, 1990

 Geometry written to block  4 of record 700


 Point group  C1  



 ATOMIC COORDINATES

 NR  ATOM    CHARGE       X              Y              Z

   1  C       6.00   -1.584053696   -0.431239264   -2.262999165
   2  C       6.00   -2.751548514    0.432099833    0.240142006
   3  C       6.00   -1.167834538   -0.431007953    2.503092832
   4  C       6.00    1.584063923    0.431191307    2.262731210
   5  C       6.00    2.751595923   -0.432168215   -0.240378720
   6  C       6.00    1.167888564    0.430856963   -2.503383114
   7  H       1.00   -1.982311130    0.281423254    4.249248344
   8  H       1.00   -2.883817462    2.487400045    0.251636583
   9  H       1.00   -4.671332624   -0.279463807    0.407781492
  10  H       1.00   -1.661067797   -2.486491886   -2.372059688
  11  H       1.00   -2.688854637    0.281030647   -3.841629176
  12  H       1.00    1.660976129    2.486442785    2.371823675
  13  H       1.00    2.688907080   -0.281048844    3.841346294
  14  H       1.00    4.671367470    0.279411834   -0.408084997
  15  H       1.00    2.883890038   -2.487468541   -0.251750877
  16  H       1.00    1.224789334    2.486093791   -2.624425247
  17  H       1.00    1.982346163   -0.281639938   -4.249518958
  18  H       1.00   -1.224678440   -2.486245624    2.624085313

 Bond lengths in Bohr (Angstrom)

  1- 2  2.893806191   1- 6  2.893817643   1-10  2.059584597   1-11  2.054260513   2- 3  2.893795336
       ( 1.531336289)       ( 1.531342349)       ( 1.089885233)       ( 1.087067849)       ( 1.531330545)

  2- 8  2.059583978   2- 9  2.054263089   3- 4  2.893804833   3- 7  2.054261282   3-18  2.059580611
       ( 1.089884905)       ( 1.087069212)       ( 1.531335571)       ( 1.087068256)       ( 1.089883124)

  4- 5  2.893800263   4-12  2.059581339   4-13  2.054261428   5- 6  2.893808968   5-14  2.054262484
       ( 1.531333152)       ( 1.089883509)       ( 1.087068333)       ( 1.531337758)       ( 1.087068892)

  5-15  2.059585028   6-16  2.059584258   6-17  2.054259818
       ( 1.089885461)       ( 1.089885053)       ( 1.087067481)

 Bond angles

  1-2-3  111.50912761   1-2-8  109.17515920   1-2-9  110.13807828   1-6-5  111.50832669

  1- 6-16  109.17384859   1- 6-17  110.14008008   2- 1- 6  111.50865266   2- 1-10  109.17355908

  2- 1-11  110.13924775   2- 3- 4  111.50744531   2- 3- 7  110.13836638   2- 3-18  109.17577846

  3- 2- 8  109.17312959   3- 2- 9  110.14052140   3- 4- 5  111.50792540   3- 4-12  109.17369132

  3- 4-13  110.14059135   4- 3- 7  110.13980463   4- 3-18  109.17436758   4- 5- 6  111.50955228

  4- 5-14  110.14007764   4- 5-15  109.17284474   5- 4-12  109.17600942   5- 4-13  110.13757828

  5- 6-16  109.17421069   5- 6-17  110.13917195   6- 1-10  109.17436802   6- 1-11  110.13990314

  6- 5-14  110.13890817   6- 5-15  109.17450869   7- 3-18  106.57063853   8- 2- 9  106.57026212

 10- 1-11  106.57057516  12- 4-13  106.57057403  14- 5-15  106.57035614  16- 6-17  106.57068916

 NUCLEAR CHARGE:                   48
 NUMBER OF PRIMITIVE AOS:         288
 NUMBER OF SYMMETRY AOS:          282
 NUMBER OF CONTRACTIONS:          180   (  180A   )
 NUMBER OF INNER CORE ORBITALS:     0   (    0A   )
 NUMBER OF OUTER CORE ORBITALS:     6   (    6A   )
 NUMBER OF VALENCE ORBITALS:       36   (   36A   )


 NUCLEAR REPULSION ENERGY  256.23784677


 Eigenvalues of metric

         1 0.141E-02 0.141E-02 0.227E-02 0.329E-02 0.329E-02 0.108E-01 0.108E-01 0.112E-01


 Contracted 2-electron integrals neglected if value below      1.0D-11
 AO integral compression algorithm  1   Integral accuracy      1.0D-11

     454.820 MB (compressed) written to integral file ( 40.0%)

     Node minimum: 111.673 MB, node maximum: 114.819 MB


 NUMBER OF SORTED TWO-ELECTRON INTEGRALS:   33170512.     BUFFER LENGTH:  32768
 NUMBER OF SEGMENTS:   3  SEGMENT LENGTH:   15989512      RECORD LENGTH: 524288

 Memory used in sort:      16.55 MW

 SORT1 READ   141846741. AND WROTE    28325499. INTEGRALS IN     82 RECORDS. CPU TIME:     2.14 SEC, REAL TIME:     2.42 SEC
 SORT2 READ   113020933. AND WROTE   132690195. INTEGRALS IN   1704 RECORDS. CPU TIME:     0.44 SEC, REAL TIME:     0.68 SEC

 Node minimum:    33166440.  Node maximum:    33178658. integrals

 OPERATOR DM      FOR CENTER  0  COORDINATES:    0.000000    0.000000    0.000000

 Program * Restricted Hartree-Fock

 Molecular orbitals read from record     2100.2  Type=RHF/CANONICAL  

 NELEC=   48   SYM=1   MS2= 0   THRE=1.0D-08   THRD=1.0D-07   THRG=1.0D-07  HFMA2=F  DIIS_START=2   DIIS_MAX=10   DIIS_INCORE=F

 Level shifts:    0.00 (CLOSED)    0.00 (OPEN)    0.30 (GAP_MIN)

 ITER           ETOT              DE          GRAD        DDIFF     DIIS  NEXP   TIME(IT)  TIME(TOT)  DIAG
   1     -234.26357618    -234.26357618     0.00D+00     0.28D-01     0     0      39.23     39.35    start
   2     -234.26357670      -0.00000052     0.11D-04     0.67D-05     1     0      43.26     82.61    diag
   3     -234.26357674      -0.00000004     0.27D-05     0.21D-05     2     0      41.71    124.32    diag
   4     -234.26357675      -0.00000001     0.11D-05     0.74D-06     3     0      41.72    166.04    diag
   5     -234.26357675      -0.00000000     0.28D-06     0.31D-06     4     0      48.84    214.88    diag
   6     -234.26357675      -0.00000000     0.52D-07     0.82D-07     5     0      43.34    258.22    diag
   7     -234.26357675      -0.00000000     0.77D-08     0.12D-07     0     0      47.27    305.49    diag

 Final occupancy:  24

 !RHF STATE 1.1 Energy               -234.263576746000
  RHF One-electron energy            -822.913243562778
  RHF Two-electron energy             332.411820048897
  RHF Kinetic energy                  234.191940866618
  RHF Nuclear energy                  256.237846767880
  RHF Virial quotient                  -1.000305885331

 !RHF STATE 1.1 Dipole moment          -0.00000068    -0.00000020     0.00000331
 Dipole moment /Debye                  -0.00000172    -0.00000051     0.00000841

 Orbital energies:

           1.1          2.1          3.1          4.1          5.1          6.1          7.1          8.1          9.1         10.1
    -11.210902   -11.210619   -11.210619   -11.210010   -11.210010   -11.209696    -1.111443    -1.000317    -1.000317    -0.827997

          11.1         12.1         13.1         14.1         15.1         16.1         17.1         18.1         19.1         20.1
     -0.827994    -0.750134    -0.647114    -0.607604    -0.595727    -0.595724    -0.524046    -0.524045    -0.511179    -0.480251

          21.1         22.1         23.1         24.1         25.1         26.1
     -0.480249    -0.448604    -0.425101    -0.425100     0.155617     0.172188


 HOMO     24.1    -0.425100 =     -11.5676eV
 LUMO     25.1     0.155617 =       4.2346eV
 LUMO-HOMO         0.580718 =      15.8021eV

 Orbitals saved in record  2100.2


 **********************************************************************************************************************************
 DATASETS  * FILE   NREC   LENGTH (MB)   RECORD NAMES
              1      18       30.02       500      610      700      900      950      970     1000      129      960     1100   
                                          VAR    BASINP    GEOM    SYMINP    ZMAT    AOBASIS   BASIS     P2S    ABASIS      S 
                                         1400     1410     1200     1210     1080     1600     1650     1700   
                                           T        V       H0       H01     AOSYM     SMH    MOLCAS    OPER   

              2       4        1.15       700     1000      520     2100   
                                         GEOM     BASIS   MCVARS     RHF  

              3       2        0.14      1000     8000   
                                         BASIS   

 PROGRAMS   *        TOTAL    HF-SCF    HF-SCF       INT
 CPU TIMES  *      1482.74    311.01    423.38      5.29
 REAL TIME  *       417.90 SEC
 DISK USED  *        33.22 MB (local),        1.80 GB (total)
 SF USED    *         0.05 MB
 GA USED    *         0.00 MB       (max)       0.00 MB       (current)
 **********************************************************************************************************************************

 PROGRESS OF GEOMETRY OPTIMIZATION.    TOTAL CPU:      1053.9 SEC
   1  -234.25438247  -234.26351631    -0.00913384  0.02856887  0.10255175  0.01395553  0.06012565  0.22317065  0.05260183
   2  -234.26351631  -234.26357513    -0.00005882  0.00195297  0.00860914  0.00117156  0.00839325  0.02373230  0.00559376
   3  -234.26357513  -234.26357675    -0.00000161  0.00027321  0.00098034  0.00013341  0.00129867  0.00479477  0.00113014

 **********************************************************************************************************************************

 Current geometry (xyz format, in Angstrom)

   18
 HF-SCF000/6-311G(D,P)  ENERGY=-234.26357675
 C         -0.8382451168       -0.2282019907       -1.1975275866
 C         -1.4560567684        0.2286573847        0.1270776770
 C         -0.6179914238       -0.2280795863        1.3245796834
 C          0.8382505286        0.2281766132        1.1973857908
 C          1.4560818562       -0.2286935707       -0.1272029409
 C          0.6180200129        0.2279996859       -1.3247332939
 H         -1.0489938750        0.1489227727        2.2486053871
 H         -1.5260504812        1.3162754185        0.1331603452
 H         -2.4719627692       -0.1478858779        0.2157886727
 H         -0.8789992239       -1.3157948412       -1.2552399297
 H         -1.4228805973        0.1487150141       -2.0329026128
 H          0.8789507151        1.3157688582        1.2551150373
 H          1.4229083489       -0.1487246432        2.0327529179
 H          2.4719812090        0.1478583749       -0.2159492805
 H          1.5260888870       -1.3163116648       -0.1332208270
 H          0.6481306035        1.3155841783       -1.3887860325
 H          1.0490124136       -0.1490374371       -2.2487485898
 H         -0.6480719213       -1.3156645249        1.3886061469

 **********************************************************************************************************************************

 PROGRAM * ALASKA (Gradient of the energy)     Author: R. Lindh

 Orbitals from record         2100.2

 Number of closed-shell orbitals: 24 ( 24 )
 Number of occupied orbitals:     24 ( 24 )

 Number of electrons= 48     Singlet     Space symmetry=1      Wavefunction type: CLOSED          


 SCF GRADIENT FOR STATE 1.1

 Atom          dE/dx               dE/dy               dE/dz

   1         0.000015829         0.000088361         0.000027580
   2         0.000037860        -0.000087901         0.000000389
   3         0.000013800         0.000087019        -0.000034320
   4        -0.000020926        -0.000087088        -0.000029584
   5        -0.000035248         0.000088436         0.000006042
   6        -0.000010641        -0.000088494         0.000028148
   7         0.000001787        -0.000035991        -0.000007751
   8        -0.000021152         0.000000867         0.000003913
   9         0.000006649         0.000036678        -0.000003078
  10        -0.000012580        -0.000001197        -0.000016836
  11         0.000003489        -0.000036910         0.000006563
  12         0.000010486         0.000000186         0.000019249
  13        -0.000001695         0.000036123        -0.000008153
  14        -0.000006957        -0.000036890        -0.000000525
  15         0.000020918        -0.000001196        -0.000000201
  16         0.000008442         0.000001130        -0.000019209
  17        -0.000002220         0.000036870         0.000007303
  18        -0.000007843        -0.000000004         0.000020470

 Nuclear force contribution to virial =        -0.000689352

 Entering BMAT geometry-optimization, modelhes=F
 Reading points 1 to 4 from record 700.2,  wavefunction type=HF-SCF000       

 torquex=-.4290D-08  torquey=0.4076D-08  torquez=-.7832D-08 total=    0.0000

 Entering opt_bmat, project=F  hessinp=F  newcoord=F  MAXIT=100  maxitq=40
 Smallest nonzero eigenvalue of G:  0.181D+00
 BFGS update of hessian using  3 points
 bmat iter=  4  nc=  48  grad=     0.00090316  step=     0.00086075  stepmax=     0.30000000  scale=     1.00000000  de=-0.000000289675
 it=  1  dnq=  0.861D-03  dnx=  0.407D-03
 it=  2  dnq=  0.594D-07  dnx=  0.879D-07
 it=  3  dnq=  0.121D-10  dnx=  0.802D-11
 back transformation to cartesian coordinates converged in  3 iterations
 Bmat iter=  4  dq=   0.00086075  dx=   0.00040659  rms=   0.00005533  de=  -0.0000000664  enext=-234.2635768124

 Optimization point 4

 Variable                      Last           Current        Next           Gradient       Hessian

 E(HF-SCF000) / Hartree   -234.26357513  -234.26357675  -234.26357681
 GX1 / ANGSTROM             -0.83813885    -0.83824512    -0.83825597     0.00002991     3.57106483
 GY1 / ANGSTROM             -0.22795820    -0.22820199    -0.22827062     0.00016698     3.57106483
 GZ1 / ANGSTROM             -1.19738310    -1.19752759    -1.19754466     0.00005212     3.57106483
 GX2 / ANGSTROM             -1.45582797    -1.45605677    -1.45609161     0.00007154     3.57106483
 GY2 / ANGSTROM              0.22846405     0.22865738     0.22872222    -0.00016611     3.57106483
 GZ2 / ANGSTROM              0.12708059     0.12707768     0.12707569     0.00000074     3.57106483
 GX3 / ANGSTROM             -0.61790140    -0.61799142    -0.61800346     0.00002608     3.57106483
 GY3 / ANGSTROM             -0.22794361    -0.22807959    -0.22813045     0.00016444     3.57106483
 GZ3 / ANGSTROM              1.32442489     1.32457968     1.32460332    -0.00006486     3.57106483
 GX4 / ANGSTROM              0.83812031     0.83825053     0.83827038    -0.00003954     3.57106483
 GY4 / ANGSTROM              0.22802495     0.22817661     0.22823186    -0.00016457     3.57106483
 GZ4 / ANGSTROM              1.19724978     1.19738579     1.19740581    -0.00005591     3.57106483
 GX5 / ANGSTROM              1.45586020     1.45608186     1.45611287    -0.00006661     3.57106483
 GY5 / ANGSTROM             -0.22846956    -0.22869357    -0.22876635     0.00016712     3.57106483
 GZ5 / ANGSTROM             -0.12716702    -0.12720294    -0.12720901     0.00001142     3.57106483
 GX6 / ANGSTROM              0.61794337     0.61802001     0.61802577    -0.00002011     3.57106483
 GY6 / ANGSTROM              0.22774856     0.22799969     0.22806845    -0.00016723     3.57106483
 GZ6 / ANGSTROM             -1.32458694    -1.32473329    -1.32474581     0.00005319     3.57106483
 GX7 / ANGSTROM             -1.04874192    -1.04899387    -1.04898516     0.00000338     3.57106483
 GY7 / ANGSTROM              0.14905342     0.14892277     0.14901439    -0.00006801     3.57106483
 GZ7 / ANGSTROM              2.24804858     2.24860539     2.24862164    -0.00001465     3.57106483
 GX8 / ANGSTROM             -1.52653502    -1.52605048    -1.52596512    -0.00003997     3.57106483
 GY8 / ANGSTROM              1.31590371     1.31627542     1.31633913     0.00000164     3.57106483
 GZ8 / ANGSTROM              0.13328518     0.13316035     0.13312380     0.00000739     3.57106483
 GX9 / ANGSTROM             -2.47128618    -2.47196277    -2.47197522     0.00001257     3.57106483
 GY9 / ANGSTROM             -0.14811013    -0.14788588    -0.14797525     0.00006931     3.57106483
 GZ9 / ANGSTROM              0.21572118     0.21578867     0.21580341    -0.00000582     3.57106483
 GX10 / ANGSTROM            -0.87937678    -0.87899922    -0.87892495    -0.00002377     3.57106483
 GY10 / ANGSTROM            -1.31536276    -1.31579484    -1.31586291    -0.00000226     3.57106483
 GZ10 / ANGSTROM            -1.25577246    -1.25523993    -1.25514820    -0.00003181     3.57106483
 GX11 / ANGSTROM            -1.42250391    -1.42288060    -1.42287309     0.00000659     3.57106483
 GY11 / ANGSTROM             0.14910191     0.14871501     0.14878320    -0.00006975     3.57106483
 GZ11 / ANGSTROM            -2.03234352    -2.03290261    -2.03291624     0.00001240     3.57106483
 GX12 / ANGSTROM             0.87915213     0.87895072     0.87891768     0.00001982     3.57106483
 GY12 / ANGSTROM             1.31544116     1.31576886     1.31582481     0.00000035     3.57106483
 GZ12 / ANGSTROM             1.25557167     1.25511504     1.25501063     0.00003638     3.57106483
 GX13 / ANGSTROM             1.42256171     1.42290835     1.42289643    -0.00000320     3.57106483
 GY13 / ANGSTROM            -0.14888923    -0.14872464    -0.14880964     0.00006826     3.57106483
 GZ13 / ANGSTROM             2.03223000     2.03275292     2.03277714    -0.00001541     3.57106483
 GX14 / ANGSTROM             2.47129398     2.47198121     2.47199334    -0.00001315     3.57106483
 GY14 / ANGSTROM             0.14814867     0.14785837     0.14793634    -0.00006971     3.57106483
 GZ14 / ANGSTROM            -0.21588227    -0.21594928    -0.21594855    -0.00000099     3.57106483
 GX15 / ANGSTROM             1.52663049     1.52608889     1.52599275     0.00003953     3.57106483
 GY15 / ANGSTROM            -1.31590658    -1.31631166    -1.31638299    -0.00000226     3.57106483
 GZ15 / ANGSTROM            -0.13320510    -0.13322083    -0.13323461    -0.00000038     3.57106483
 GX16 / ANGSTROM             0.64840711     0.64813060     0.64807864     0.00001595     3.57106483
 GY16 / ANGSTROM             1.31514123     1.31558418     1.31565318     0.00000214     3.57106483
 GZ16 / ANGSTROM            -1.38943259    -1.38878603    -1.38866293    -0.00003630     3.57106483
 GX17 / ANGSTROM             1.04873402     1.04901241     1.04900301    -0.00000419     3.57106483
 GY17 / ANGSTROM            -0.14946891    -0.14903744    -0.14909502     0.00006968     3.57106483
 GZ17 / ANGSTROM            -2.24813396    -2.24874859    -2.24875803     0.00001380     3.57106483
 GX18 / ANGSTROM            -0.64821890    -0.64807192    -0.64804389    -0.00001482     3.57106483
 GY18 / ANGSTROM            -1.31535451    -1.31566452    -1.31571619    -0.00000001     3.57106483
 GZ18 / ANGSTROM             1.38905565     1.38860615     1.38850715     0.00003868     3.57106483
 Convergence:                0.00000000  (line search)     0.00076834     0.00025452  (total)

 Geometry written to block  5 of record 700


 Recomputing integrals since geometry changed


 PROGRAM * SEWARD (Integral evaluation for generally contracted gaussian basis sets)     Author: Roland Lindh, 1990

 Geometry written to block  5 of record 700


 Point group  C1  



 ATOMIC COORDINATES

 NR  ATOM    CHARGE       X              Y              Z

   1  C       6.00   -1.584074207   -0.431368949   -2.263031425
   2  C       6.00   -2.751614364    0.432222363    0.240138248
   3  C       6.00   -1.167857287   -0.431104077    2.503137507
   4  C       6.00    1.584101439    0.431295713    2.262769037
   5  C       6.00    2.751654530   -0.432305745   -0.240390182
   6  C       6.00    1.167899451    0.430986915   -2.503406773
   7  H       1.00   -1.982294652    0.281596379    4.249279055
   8  H       1.00   -2.883656146    2.487520448    0.251567522
   9  H       1.00   -4.671356145   -0.279632699    0.407809347
  10  H       1.00   -1.660927441   -2.486620515   -2.371886335
  11  H       1.00   -2.688840453    0.281159493   -3.841654922
  12  H       1.00    1.660913703    2.486548524    2.371626379
  13  H       1.00    2.688884547   -0.281209470    3.841392066
  14  H       1.00    4.671390393    0.279559172   -0.408083619
  15  H       1.00    2.883708358   -2.487603335   -0.251776930
  16  H       1.00    1.224691141    2.486224176   -2.624192618
  17  H       1.00    1.982328386   -0.281748756   -4.249536789
  18  H       1.00   -1.224625468   -2.486343249    2.623898238

 Bond lengths in Bohr (Angstrom)

  1- 2  2.893924392   1- 6  2.893924145   1-10  2.059566657   1-11  2.054326504   2- 3  2.893922021
       ( 1.531398838)       ( 1.531398707)       ( 1.089875739)       ( 1.087102770)       ( 1.531397584)

  2- 8  2.059566915   2- 9  2.054327075   3- 4  2.893922464   3- 7  2.054327254   3-18  2.059566419
       ( 1.089875876)       ( 1.087103072)       ( 1.531397818)       ( 1.087103167)       ( 1.089875613)

  4- 5  2.893923595   4-12  2.059566499   4-13  2.054327146   5- 6  2.893924404   5-14  2.054326783
       ( 1.531398417)       ( 1.089875655)       ( 1.087103110)       ( 1.531398845)       ( 1.087102917)

  5-15  2.059566957   6-16  2.059566634   6-17  2.054326327
       ( 1.089875898)       ( 1.089875727)       ( 1.087102676)

 Bond angles

  1-2-3  111.50469537   1-2-8  109.17546892   1-2-9  110.13338771   1-6-5  111.50470412

  1- 6-16  109.17504604   1- 6-17  110.13389823   2- 1- 6  111.50473098   2- 1-10  109.17485472

  2- 1-11  110.13377487   2- 3- 4  111.50425439   2- 3- 7  110.13360792   2- 3-18  109.17554797

  3- 2- 8  109.17487238   3- 2- 9  110.13411089   3- 4- 5  111.50439545   3- 4-12  109.17504692

  3- 4-13  110.13410933   4- 3- 7  110.13390979   4- 3-18  109.17525831   4- 5- 6  111.50484470

  4- 5-14  110.13397485   4- 5-15  109.17475778   5- 4-12  109.17561203   5- 4-13  110.13337588

  5- 6-16  109.17502804   5- 6-17  110.13373170   6- 1-10  109.17526157   6- 1-11  110.13379945

  6- 5-14  110.13357178   6- 5-15  109.17531354   7- 3-18  106.58468654   8- 2- 9  106.58470406

 10- 1-11  106.58481773  12- 4-13  106.58471852  14- 5-15  106.58476882  16- 6-17  106.58483217

 NUCLEAR CHARGE:                   48
 NUMBER OF PRIMITIVE AOS:         288
 NUMBER OF SYMMETRY AOS:          282
 NUMBER OF CONTRACTIONS:          180   (  180A   )
 NUMBER OF INNER CORE ORBITALS:     0   (    0A   )
 NUMBER OF OUTER CORE ORBITALS:     6   (    6A   )
 NUMBER OF VALENCE ORBITALS:       36   (   36A   )


 NUCLEAR REPULSION ENERGY  256.23261228


 Eigenvalues of metric

         1 0.141E-02 0.141E-02 0.227E-02 0.329E-02 0.329E-02 0.108E-01 0.108E-01 0.112E-01


 Contracted 2-electron integrals neglected if value below      1.0D-11
 AO integral compression algorithm  1   Integral accuracy      1.0D-11

     454.558 MB (compressed) written to integral file ( 40.0%)

     Node minimum: 108.003 MB, node maximum: 118.227 MB


 NUMBER OF SORTED TWO-ELECTRON INTEGRALS:   33170512.     BUFFER LENGTH:  32768
 NUMBER OF SEGMENTS:   3  SEGMENT LENGTH:   15989512      RECORD LENGTH: 524288

 Memory used in sort:      16.55 MW

 SORT1 READ   141846606. AND WROTE    28325627. INTEGRALS IN     82 RECORDS. CPU TIME:     2.36 SEC, REAL TIME:     2.69 SEC
 SORT2 READ   113021030. AND WROTE   132690195. INTEGRALS IN   1804 RECORDS. CPU TIME:     0.43 SEC, REAL TIME:     0.69 SEC

 Node minimum:    33166440.  Node maximum:    33178658. integrals

 OPERATOR DM      FOR CENTER  0  COORDINATES:    0.000000    0.000000    0.000000

 Program * Restricted Hartree-Fock

 Molecular orbitals read from record     2100.2  Type=RHF/CANONICAL  

 NELEC=   48   SYM=1   MS2= 0   THRE=1.0D-08   THRD=1.0D-07   THRG=1.0D-07  HFMA2=F  DIIS_START=2   DIIS_MAX=10   DIIS_INCORE=F

 Level shifts:    0.00 (CLOSED)    0.00 (OPEN)    0.30 (GAP_MIN)

 ITER           ETOT              DE          GRAD        DDIFF     DIIS  NEXP   TIME(IT)  TIME(TOT)  DIAG
   1     -234.26357680    -234.26357680     0.00D+00     0.28D-01     0     0      52.26     52.40    start
   2     -234.26357682      -0.00000002     0.21D-05     0.15D-05     1     0      47.75    100.15    diag
   3     -234.26357682      -0.00000000     0.46D-06     0.41D-06     2     0      41.89    142.04    diag
   4     -234.26357682      -0.00000000     0.14D-06     0.11D-06     3     0      40.72    182.76    diag
   5     -234.26357682      -0.00000000     0.47D-07     0.47D-07     4     0      40.39    223.15    diag
   6     -234.26357682      -0.00000000     0.78D-08     0.81D-08     0     0      39.54    262.69    diag

 Final occupancy:  24

 !RHF STATE 1.1 Energy               -234.263576820078
  RHF One-electron energy            -822.903030402388
  RHF Two-electron energy             332.406841299418
  RHF Kinetic energy                  234.191147872949
  RHF Nuclear energy                  256.232612282893
  RHF Virial quotient                  -1.000309272779

 !RHF STATE 1.1 Dipole moment          -0.00000017    -0.00000002     0.00000060
 Dipole moment /Debye                  -0.00000043    -0.00000006     0.00000153

 Orbital energies:

           1.1          2.1          3.1          4.1          5.1          6.1          7.1          8.1          9.1         10.1
    -11.210912   -11.210629   -11.210629   -11.210020   -11.210020   -11.209706    -1.111418    -1.000295    -1.000295    -0.827975

          11.1         12.1         13.1         14.1         15.1         16.1         17.1         18.1         19.1         20.1
     -0.827974    -0.750134    -0.647075    -0.607602    -0.595741    -0.595740    -0.524018    -0.524017    -0.511141    -0.480273

          21.1         22.1         23.1         24.1         25.1         26.1
     -0.480273    -0.448648    -0.425069    -0.425069     0.155619     0.172185


 HOMO     24.1    -0.425069 =     -11.5667eV
 LUMO     25.1     0.155619 =       4.2346eV
 LUMO-HOMO         0.580688 =      15.8013eV

 Orbitals saved in record  2100.2


 **********************************************************************************************************************************
 DATASETS  * FILE   NREC   LENGTH (MB)   RECORD NAMES
              1      18       30.02       500      610      700      900      950      970     1000      129      960     1100   
                                          VAR    BASINP    GEOM    SYMINP    ZMAT    AOBASIS   BASIS     P2S    ABASIS      S 
                                         1400     1410     1200     1210     1080     1600     1650     1700   
                                           T        V       H0       H01     AOSYM     SMH    MOLCAS    OPER   

              2       4        1.15       700     1000      520     2100   
                                         GEOM     BASIS   MCVARS     RHF  

              3       2        0.14      1000     8000   
                                         BASIS   

 PROGRAMS   *        TOTAL    HF-SCF    HF-SCF       INT
 CPU TIMES  *      1782.90    268.69    423.38      5.29
 REAL TIME  *       507.89 SEC
 DISK USED  *        33.22 MB (local),        1.80 GB (total)
 SF USED    *         0.06 MB
 GA USED    *         0.00 MB       (max)       0.00 MB       (current)
 **********************************************************************************************************************************

 PROGRESS OF GEOMETRY OPTIMIZATION.    TOTAL CPU:      1354.1 SEC
   1  -234.25438247  -234.26351631    -0.00913384  0.02856887  0.10255175  0.01395553  0.06012565  0.22317065  0.05260183
   2  -234.26351631  -234.26357513    -0.00005882  0.00195297  0.00860914  0.00117156  0.00839325  0.02373230  0.00559376
   3  -234.26357513  -234.26357675    -0.00000161  0.00027321  0.00098034  0.00013341  0.00129867  0.00479477  0.00113014
   4  -234.26357675  -234.26357682    -0.00000007  0.00008849  0.00025452  0.00003464  0.00023263  0.00076834  0.00018110

 **********************************************************************************************************************************

 Current geometry (xyz format, in Angstrom)

   18
 HF-SCF000/6-311G(D,P)  ENERGY=-234.26357682
 C         -0.8382559705       -0.2282706172       -1.1975446576
 C         -1.4560916147        0.2287222245        0.1270756884
 C         -0.6180034618       -0.2281304530        1.3246033242
 C          0.8382703811        0.2282318626        1.1974058078
 C          1.4561128694       -0.2287663486       -0.1272090062
 C          0.6180257741        0.2280684534       -1.3247458140
 H         -1.0489851552        0.1490143863        2.2486216386
 H         -1.5259651166        1.3163391327        0.1331237995
 H         -2.4719752157       -0.1479752516        0.2158034131
 H         -0.8789249506       -1.3158629089       -1.2551481955
 H         -1.4228730913        0.1487831965       -2.0329162368
 H          0.8789176806        1.3158248129        1.2550106325
 H          1.4228964253       -0.1488096430        2.0327771397
 H          2.4719933390        0.1479363430       -0.2159485511
 H          1.5259927457       -1.3163829945       -0.1332346133
 H          0.6480786424        1.3156531752       -1.3886629305
 H          1.0490030063       -0.1490950209       -2.2487580257
 H         -0.6480438895       -1.3157161857        1.3885071514

 **********************************************************************************************************************************

 Recomputing wavefunction for reoriented structure


 Recomputing integrals since geometry changed


 PROGRAM * SEWARD (Integral evaluation for generally contracted gaussian basis sets)     Author: Roland Lindh, 1990

 Geometry written to block  1 of record 700

 Orientation using atomic masses  
 Molecule type: Asymmetric top
 Rotational constants:       4.3198299      2.4621389      4.3198429 GHz

 Point group  C1  



 ATOMIC COORDINATES

 NR  ATOM    CHARGE       X              Y              Z

   1  C       6.00   -1.745689075   -0.431538346   -2.140666612
   2  C       6.00   -2.726706012    0.431551214    0.441479892
   3  C       6.00   -0.981024924   -0.431560218    2.582138869
   4  C       6.00    1.745679773    0.431556423    2.140665896
   5  C       6.00    2.726710378   -0.431543282   -0.441471131
   6  C       6.00    0.981030021    0.431534373   -2.582147544
   7  H       1.00   -1.665376089    0.280790227    4.383383104
   8  H       1.00   -2.858060725    2.486814838    0.462769655
   9  H       1.00   -4.628804192   -0.280803912    0.749428618
  10  H       1.00   -1.829812324   -2.486800351   -2.243798492
  11  H       1.00   -2.963437587    0.280840115   -3.633939150
  12  H       1.00    1.829762341    2.486819661    2.243803206
  13  H       1.00    2.963445063   -0.280798775    3.633936734
  14  H       1.00    4.628801016    0.280821700   -0.749441699
  15  H       1.00    2.858080224   -2.486806411   -0.462719366
  16  H       1.00    1.028303067    2.486795886   -2.706566549
  17  H       1.00    1.665373633   -0.280851291   -4.383379663
  18  H       1.00   -1.028276365   -2.486823634    2.706531103

 Bond lengths in Bohr (Angstrom)

  1- 2  2.893924392   1- 6  2.893924145   1-10  2.059566657   1-11  2.054326504   2- 3  2.893922021
       ( 1.531398838)       ( 1.531398707)       ( 1.089875739)       ( 1.087102770)       ( 1.531397584)

  2- 8  2.059566915   2- 9  2.054327075   3- 4  2.893922464   3- 7  2.054327254   3-18  2.059566419
       ( 1.089875876)       ( 1.087103072)       ( 1.531397818)       ( 1.087103167)       ( 1.089875613)

  4- 5  2.893923595   4-12  2.059566499   4-13  2.054327146   5- 6  2.893924404   5-14  2.054326783
       ( 1.531398417)       ( 1.089875655)       ( 1.087103110)       ( 1.531398845)       ( 1.087102917)

  5-15  2.059566957   6-16  2.059566634   6-17  2.054326327
       ( 1.089875898)       ( 1.089875727)       ( 1.087102676)

 Bond angles

  1-2-3  111.50469537   1-2-8  109.17546892   1-2-9  110.13338771   1-6-5  111.50470412

  1- 6-16  109.17504604   1- 6-17  110.13389823   2- 1- 6  111.50473098   2- 1-10  109.17485472

  2- 1-11  110.13377487   2- 3- 4  111.50425439   2- 3- 7  110.13360792   2- 3-18  109.17554797

  3- 2- 8  109.17487238   3- 2- 9  110.13411089   3- 4- 5  111.50439545   3- 4-12  109.17504692

  3- 4-13  110.13410933   4- 3- 7  110.13390979   4- 3-18  109.17525831   4- 5- 6  111.50484470

  4- 5-14  110.13397485   4- 5-15  109.17475778   5- 4-12  109.17561203   5- 4-13  110.13337588

  5- 6-16  109.17502804   5- 6-17  110.13373170   6- 1-10  109.17526157   6- 1-11  110.13379945

  6- 5-14  110.13357178   6- 5-15  109.17531354   7- 3-18  106.58468654   8- 2- 9  106.58470406

 10- 1-11  106.58481773  12- 4-13  106.58471852  14- 5-15  106.58476882  16- 6-17  106.58483217

 NUCLEAR CHARGE:                   48
 NUMBER OF PRIMITIVE AOS:         288
 NUMBER OF SYMMETRY AOS:          282
 NUMBER OF CONTRACTIONS:          180   (  180A   )
 NUMBER OF INNER CORE ORBITALS:     0   (    0A   )
 NUMBER OF OUTER CORE ORBITALS:     6   (    6A   )
 NUMBER OF VALENCE ORBITALS:       36   (   36A   )


 NUCLEAR REPULSION ENERGY  256.23261228


 Eigenvalues of metric

         1 0.141E-02 0.141E-02 0.227E-02 0.329E-02 0.329E-02 0.108E-01 0.108E-01 0.112E-01


 Contracted 2-electron integrals neglected if value below      1.0D-11
 AO integral compression algorithm  1   Integral accuracy      1.0D-11

     454.558 MB (compressed) written to integral file ( 40.1%)

     Node minimum: 110.887 MB, node maximum: 118.489 MB


 NUMBER OF SORTED TWO-ELECTRON INTEGRALS:   33170512.     BUFFER LENGTH:  32768
 NUMBER OF SEGMENTS:   3  SEGMENT LENGTH:   15989512      RECORD LENGTH: 524288

 Memory used in sort:      16.55 MW

 SORT1 READ   141839289. AND WROTE    28319430. INTEGRALS IN     82 RECORDS. CPU TIME:     2.14 SEC, REAL TIME:     2.44 SEC
 SORT2 READ   112949408. AND WROTE   132690195. INTEGRALS IN   1704 RECORDS. CPU TIME:     0.44 SEC, REAL TIME:     0.66 SEC

 Node minimum:    33166440.  Node maximum:    33178658. integrals

 OPERATOR DM      FOR CENTER  0  COORDINATES:    0.000000    0.000000    0.000000

 Program * Restricted Hartree-Fock

 Molecular orbitals read from record     2100.2  Type=RHF/CANONICAL  

 NELEC=   48   SYM=1   MS2= 0   THRE=1.0D-08   THRD=1.0D-07   THRG=1.0D-07  HFMA2=F  DIIS_START=2   DIIS_MAX=10   DIIS_INCORE=F

 Level shifts:    0.00 (CLOSED)    0.00 (OPEN)    0.30 (GAP_MIN)

 ITER           ETOT              DE          GRAD        DDIFF     DIIS  NEXP   TIME(IT)  TIME(TOT)  DIAG
   1     -234.25406056    -234.25406056     0.00D+00     0.28D-01     0     0      45.13     45.27    start
   2     -234.26274575      -0.00868519     0.13D-02     0.56D-03     1     0      41.31     86.58    diag
   3     -234.26356364      -0.00081789     0.33D-03     0.30D-03     2     0      41.91    128.49    diag
   4     -234.26357641      -0.00001277     0.35D-04     0.88D-04     3     0      46.93    175.42    diag
   5     -234.26357680      -0.00000039     0.58D-05     0.19D-04     4     0      42.28    217.70    diag
   6     -234.26357682      -0.00000002     0.15D-05     0.29D-05     5     0      42.34    260.04    diag
   7     -234.26357682      -0.00000000     0.66D-06     0.88D-06     6     0      40.15    300.19    diag
   8     -234.26357682      -0.00000000     0.15D-06     0.29D-06     7     0      40.93    341.12    fixocc
   9     -234.26357682      -0.00000000     0.39D-07     0.82D-07     8     0      43.36    384.48    diag
  10     -234.26357682      -0.00000000     0.68D-08     0.75D-08     0     0      42.02    426.50    diag/orth

 Final occupancy:  24

 !RHF STATE 1.1 Energy               -234.263576820551
  RHF One-electron energy            -822.903031824738
  RHF Two-electron energy             332.406842721295
  RHF Kinetic energy                  234.191148172447
  RHF Nuclear energy                  256.232612282893
  RHF Virial quotient                  -1.000309271502

 !RHF STATE 1.1 Dipole moment          -0.00000013    -0.00000003     0.00000062
 Dipole moment /Debye                  -0.00000034    -0.00000006     0.00000158

 Orbital energies:

           1.1          2.1          3.1          4.1          5.1          6.1          7.1          8.1          9.1         10.1
    -11.210912   -11.210629   -11.210629   -11.210020   -11.210020   -11.209706    -1.111418    -1.000295    -1.000295    -0.827975

          11.1         12.1         13.1         14.1         15.1         16.1         17.1         18.1         19.1         20.1
     -0.827974    -0.750134    -0.647075    -0.607602    -0.595741    -0.595740    -0.524018    -0.524017    -0.511141    -0.480273

          21.1         22.1         23.1         24.1         25.1         26.1
     -0.480273    -0.448648    -0.425069    -0.425069     0.155619     0.172185


 HOMO     24.1    -0.425069 =     -11.5667eV
 LUMO     25.1     0.155619 =       4.2346eV
 LUMO-HOMO         0.580688 =      15.8013eV

 Orbitals saved in record  2100.2


 **********************************************************************************************************************************
 DATASETS  * FILE   NREC   LENGTH (MB)   RECORD NAMES
              1      18       30.02       500      610      700      900      950      970     1000      129      960     1100   
                                          VAR    BASINP    GEOM    SYMINP    ZMAT    AOBASIS   BASIS     P2S    ABASIS      S 
                                         1400     1410     1200     1210     1080     1600     1650     1700   
                                           T        V       H0       H01     AOSYM     SMH    MOLCAS    OPER   

              2       4        1.15       700     1000      520     2100   
                                         GEOM     BASIS   MCVARS     RHF  

 PROGRAMS   *        TOTAL    HF-SCF    HF-SCF       INT
 CPU TIMES  *      2214.76    431.86    423.38      5.29
 REAL TIME  *       624.79 SEC
 DISK USED  *        33.34 MB (local),        1.80 GB (total)
 SF USED    *         0.06 MB
 GA USED    *         0.00 MB       (max)       0.00 MB       (current)
 **********************************************************************************************************************************
 Cartesian Coordinates are in [bohr]
 Creating new Variables:
 CX1              -1.74568907
 CY1              -0.43153835
 CZ1              -2.14066661
 CX2              -2.72670601
 CY2               0.43155121
 CZ2               0.44147989
 CX3              -0.98102492
 CY3              -0.43156022
 CZ3               2.58213887
 CX4               1.74567977
 CY4               0.43155642
 CZ4               2.14066590
 CX5               2.72671038
 CY5              -0.43154328
 CZ5              -0.44147113
 CX6               0.98103002
 CY6               0.43153437
 CZ6              -2.58214754
 HX7              -1.66537609
 HY7               0.28079023
 HZ7               4.38338310
 HX8              -2.85806073
 HY8               2.48681484
 HZ8               0.46276965
 HX9              -4.62880419
 HY9              -0.28080391
 HZ9               0.74942862
 HX10             -1.82981232
 HY10             -2.48680035
 HZ10             -2.24379849
 HX11             -2.96343759
 HY11              0.28084012
 HZ11             -3.63393915
 HX12              1.82976234
 HY12              2.48681966
 HZ12              2.24380321
 HX13              2.96344506
 HY13             -0.28079878
 HZ13              3.63393673
 HX14              4.62880102
 HY14              0.28082170
 HZ14             -0.74944170
 HX15              2.85808022
 HY15             -2.48680641
 HZ15             -0.46271937
 HX16              1.02830307
 HY16              2.48679589
 HZ16             -2.70656655
 HX17              1.66537363
 HY17             -0.28085129
 HZ17             -4.38337966
 HX18             -1.02827637
 HY18             -2.48682363
 HZ18              2.70653110
