
 Running default procedure: HF-SCF000

 PROGRAM * ALASKA (Gradient of the energy)     Author: R. Lindh

 Orbitals from record         2100.2

 Number of closed-shell orbitals: 21 ( 21 )
 Number of occupied orbitals:     21 ( 21 )

 Number of electrons= 42     Singlet     Space symmetry=1      Wavefunction type: CLOSED          


 SCF GRADIENT FOR STATE 1.1

 Atom          dE/dx               dE/dy               dE/dz

   1         0.006291931         0.000024086         0.000423376
   2         0.003768676        -0.000148267        -0.005222820
   3        -0.003038018         0.000066782        -0.005493640
   4        -0.006203373        -0.000047354        -0.000771882
   5        -0.003587954        -0.000025129         0.005359427
   6         0.002697228         0.000067970         0.005712135
   7        -0.016821308        -0.000005762        -0.001257174
   8        -0.009536045         0.000051458         0.013940312
   9         0.007348949         0.000007566         0.015233506
  10         0.016862997         0.000026085         0.001304212
  11         0.009526073        -0.000012226        -0.014031263
  12        -0.007309156        -0.000005209        -0.015196188

 Nuclear force contribution to virial =         0.377826630

 Entering BMAT geometry-optimization, modelhes=F
 Reading points 1 to 1 from record 700.2,  wavefunction type=HF-SCF000       

 torquex=0.3465D-07  torquey=-.1785D-08  torquez=-.9901D-09 total=    0.0000

 Entering opt_bmat, project=F  hessinp=F  newcoord=T  MAXIT=100  maxitq=40

 Number of contracted internal coordinates:  30
 Smallest nonzero eigenvalue of G:  0.329D+00
 No hessian update for point  1
 bmat iter=  1  nc=  30  grad=     0.40223307  step=     0.06790532  stepmax=     0.30000000  scale=     1.00000000  de=-0.013543784956
 it=  1  dnq=  0.679D-01  dnx=  0.944D-01
 it=  2  dnq=  0.136D-04  dnx=  0.142D-04
 it=  3  dnq=  0.309D-06  dnx=  0.309D-06
 it=  4  dnq=  0.729D-08  dnx=  0.707D-08
 back transformation to cartesian coordinates converged in  4 iterations
 Bmat iter=  1  dq=   0.06790532  dx=   0.09438664  rms=   0.01573111  de=  -0.0031065546  enext=-230.7542677276

 Optimization point 1

 Variable                      Last           Current        Next           Gradient       Hessian

 E(HF-SCF000) / Hartree      0.00000000  -230.75116117  -230.75426773
 GX1 / ANGSTROM              0.00000000    -1.39110407    -1.37962828     0.01189003     3.57106483
 GY1 / ANGSTROM              0.00000000     0.00001596     0.00006092     0.00004552     3.57106483
 GZ1 / ANGSTROM              0.00000000    -0.10408515    -0.10321629     0.00080007     3.57106483
 GX2 / ANGSTROM              0.00000000    -0.78548904    -0.77906533     0.00712177     3.57106483
 GY2 / ANGSTROM              0.00000000    -0.00032937    -0.00014709    -0.00028018     3.57106483
 GZ2 / ANGSTROM              0.00000000     1.15277672     1.14323424    -0.00986970     3.57106483
 GX3 / ANGSTROM              0.00000000     0.60533032     0.60039753    -0.00574102     3.57106483
 GY3 / ANGSTROM              0.00000000     0.00023211     0.00024238     0.00012620     3.57106483
 GZ3 / ANGSTROM              0.00000000     1.25690606     1.24636144    -0.01038148     3.57106483
 GX4 / ANGSTROM              0.00000000     1.39120415     1.37960941    -0.01172268     3.57106483
 GY4 / ANGSTROM              0.00000000    -0.00005962    -0.00002394    -0.00008949     3.57106483
 GZ4 / ANGSTROM              0.00000000     0.10381509     0.10305287    -0.00145865     3.57106483
 GX5 / ANGSTROM              0.00000000     0.78566449     0.77917720    -0.00678025     3.57106483
 GY5 / ANGSTROM              0.00000000    -0.00019342    -0.00010442    -0.00004749     3.57106483
 GZ5 / ANGSTROM              0.00000000    -1.15271135    -1.14314146     0.01012785     3.57106483
 GX6 / ANGSTROM              0.00000000    -0.60559256    -0.60055613     0.00509702     3.57106483
 GY6 / ANGSTROM              0.00000000     0.00024084     0.00009790     0.00012844     3.57106483
 GZ6 / ANGSTROM              0.00000000    -1.25669946    -1.24631121     0.01079437     3.57106483
 GX7 / ANGSTROM              0.00000000    -2.48766175    -2.45111018    -0.03178767     3.57106483
 GY7 / ANGSTROM              0.00000000     0.00002316     0.00016373    -0.00001089     3.57106483
 GZ7 / ANGSTROM              0.00000000    -0.18596364    -0.18324486    -0.00237572     3.57106483
 GX8 / ANGSTROM              0.00000000    -1.40505072    -1.38430903    -0.01802051     3.57106483
 GY8 / ANGSTROM              0.00000000     0.00027063     0.00027336     0.00009724     3.57106483
 GZ8 / ANGSTROM              0.00000000     2.06128360     2.03103218     0.02634337     3.57106483
 GX9 / ANGSTROM              0.00000000     1.08275434     1.06689927     0.01388750     3.57106483
 GY9 / ANGSTROM              0.00000000     0.00059397     0.00042921     0.00001430     3.57106483
 GZ9 / ANGSTROM              0.00000000     2.24754357     2.21427632     0.02878716     3.57106483
 GX10 / ANGSTROM             0.00000000     2.48779634     2.45107120     0.03186645     3.57106483
 GY10 / ANGSTROM             0.00000000     0.00032396     0.00013680     0.00004929     3.57106483
 GZ10 / ANGSTROM             0.00000000     0.18616659     0.18338447     0.00246460     3.57106483
 GX11 / ANGSTROM             0.00000000     1.40475047     1.38418215     0.01800167     3.57106483
 GY11 / ANGSTROM             0.00000000    -0.00043142    -0.00003794    -0.00002310     3.57106483
 GZ11 / ANGSTROM             0.00000000    -2.06167049    -2.03110471    -0.02651524     3.57106483
 GX12 / ANGSTROM             0.00000000    -1.08274686    -1.06681270    -0.01381230     3.57106483
 GY12 / ANGSTROM             0.00000000     0.00033312    -0.00007101    -0.00000984     3.57106483
 GZ12 / ANGSTROM             0.00000000    -2.24738245    -2.21434389    -0.02871663     3.57106483
 Convergence:                0.00000000  (line search)     0.17836490     0.04421740  (total)

 Geometry written to block  2 of record 700


 Recomputing integrals since geometry changed


 PROGRAM * SEWARD (Integral evaluation for generally contracted gaussian basis sets)     Author: Roland Lindh, 1990

 Geometry written to block  2 of record 700


 Point group  C1  



 ATOMIC COORDINATES

 NR  ATOM    CHARGE       X              Y              Z

   1  C       6.00   -2.607119610    0.000115127   -0.195050512
   2  C       6.00   -1.472220105   -0.000277957    2.160399616
   3  C       6.00    1.134586902    0.000458040    2.355281769
   4  C       6.00    2.607083944   -0.000045234    0.194741691
   5  C       6.00    1.472431517   -0.000197327   -2.160224282
   6  C       6.00   -1.134886603    0.000185004   -2.355186845
   7  H       1.00   -4.631926936    0.000309407   -0.346282605
   8  H       1.00   -2.615964934    0.000516569    3.838094565
   9  H       1.00    2.016147416    0.000811098    4.184375816
  10  H       1.00    4.631853277    0.000258506    0.346546426
  11  H       1.00    2.615725161   -0.000071689   -3.838231623
  12  H       1.00   -2.015983836   -0.000134186   -4.184503496

 Bond lengths in Bohr (Angstrom)

 1-2  2.614601757  1-6  2.614126816  1-7  2.030447214  2-3  2.614081553  2-8  2.030471179
     ( 1.383587665)     ( 1.383336337)     ( 1.074466394)     ( 1.383312385)     ( 1.074479075)

  3- 4  2.614609191   3- 9  2.030451698   4- 5  2.614058318   4-10  2.030452073   5- 6  2.614597164
       ( 1.383591599)       ( 1.074468766)       ( 1.383300090)       ( 1.074468965)       ( 1.383585235)

  5-11  2.030475070   6-12  2.030451143
       ( 1.074481134)       ( 1.074468473)

 Bond angles

  1- 2- 3  120.00104325   1- 2- 8  119.99070718   1- 6- 5  119.99990101   1- 6-12  120.00579018

  2-1-6  119.99812833   2-1-7  119.99709802   2-3-4  120.00061667   2-3-9  120.00789053

  3- 2- 8  120.00822715   3- 4- 5  119.99860271   3- 4-10  119.98837551   4- 3- 9  119.99148982

  4- 5- 6  120.00169639   4- 5-11  120.00647111   5- 4-10  120.01301911   5- 6-12  119.99430520

  6- 1- 7  120.00477362   6- 5-11  119.99183016

 NUCLEAR CHARGE:                   42
 NUMBER OF PRIMITIVE AOS:         240
 NUMBER OF SYMMETRY AOS:          234
 NUMBER OF CONTRACTIONS:          144   (  144A   )
 NUMBER OF INNER CORE ORBITALS:     0   (    0A   )
 NUMBER OF OUTER CORE ORBITALS:     6   (    6A   )
 NUMBER OF VALENCE ORBITALS:       30   (   30A   )


 NUCLEAR REPULSION ENERGY  205.18607383


 Eigenvalues of metric

         1 0.198E-03 0.155E-02 0.231E-02 0.231E-02 0.292E-02 0.292E-02 0.762E-02 0.762E-02


 Contracted 2-electron integrals neglected if value below      1.0D-11
 AO integral compression algorithm  1   Integral accuracy      1.0D-11

     166.724 MB (compressed) written to integral file ( 34.7%)


 NUMBER OF SORTED TWO-ELECTRON INTEGRALS:   54502020.     BUFFER LENGTH:  32768
 NUMBER OF SEGMENTS:   4  SEGMENT LENGTH:   15999503      RECORD LENGTH: 524288

 Memory used in sort:      16.56 MW

 SORT1 READ    60147540. AND WROTE    43768346. INTEGRALS IN    126 RECORDS. CPU TIME:     0.71 SEC, REAL TIME:     1.02 SEC
 SORT2 READ    43768346. AND WROTE    54502020. INTEGRALS IN    636 RECORDS. CPU TIME:     0.83 SEC, REAL TIME:     0.94 SEC

 FILE SIZES:   FILE 1:   197.7 MBYTE,  FILE 4:   528.9 MBYTE,   TOTAL:    726.5 MBYTE

 OPERATOR DM      FOR CENTER  0  COORDINATES:    0.000000    0.000000    0.000000

 Program * Restricted Hartree-Fock

 Molecular orbitals read from record     2100.2  Type=RHF/CANONICAL  

 NELEC=   42   SYM=1   MS2= 0   THRE=1.0D-08   THRD=1.0D-06   THRG=1.0D-06  HFMA2=F  DIIS_START=2   DIIS_MAX=10   DIIS_INCORE=F

 Level shifts:    0.00 (CLOSED)    0.00 (OPEN)    0.30 (GAP_MIN)

 ITER           ETOT              DE          GRAD        DDIFF     DIIS  NEXP   TIME(IT)  TIME(TOT)  DIAG
   1     -230.75326706    -230.75326706     0.00D+00     0.34D-01     0     0       3.87      3.89    start
   2     -230.75403113      -0.00076407     0.60D-03     0.31D-03     1     0       3.90      7.79    diag
   3     -230.75406412      -0.00003299     0.11D-03     0.96D-04     2     0       3.87     11.66    diag
   4     -230.75406886      -0.00000474     0.41D-04     0.20D-04     3     0       3.84     15.50    diag
   5     -230.75406911      -0.00000025     0.78D-05     0.83D-05     4     0       3.77     19.27    diag
   6     -230.75406913      -0.00000001     0.15D-05     0.23D-05     5     0       3.81     23.08    diag
   7     -230.75406913      -0.00000000     0.23D-06     0.45D-06     6     0       3.83     26.91    diag
   8     -230.75406913      -0.00000000     0.80D-07     0.94D-07     0     0       3.79     30.70    fixocc

 Final occupancy:  21

 !RHF STATE 1.1 Energy               -230.754069128959
  RHF One-electron energy            -716.821026416080
  RHF Two-electron energy             280.880883461364
  RHF Kinetic energy                  230.765743996868
  RHF Nuclear energy                  205.186073825757
  RHF Virial quotient                  -0.999949408141

 !RHF STATE 1.1 Dipole moment          -0.00001600     0.00020862     0.00000120
 Dipole moment /Debye                  -0.00004066     0.00053026     0.00000304

 Orbital energies:

           1.1          2.1          3.1          4.1          5.1          6.1          7.1          8.1          9.1         10.1
    -11.229808   -11.229204   -11.229204   -11.227903   -11.227903   -11.227266    -1.154998    -1.017000    -1.016996    -0.825096

          11.1         12.1         13.1         14.1         15.1         16.1         17.1         18.1         19.1         20.1
     -0.825094    -0.713092    -0.642518    -0.621088    -0.589130    -0.589123    -0.504058    -0.493807    -0.493786    -0.336282

          21.1         22.1         23.1
     -0.336276     0.136972     0.136978


 HOMO     21.1    -0.336276 =      -9.1505eV
 LUMO     22.1     0.136972 =       3.7272eV
 LUMO-HOMO         0.473248 =      12.8777eV

 Orbitals saved in record  2100.2


 **********************************************************************************************************************************
 DATASETS  * FILE   NREC   LENGTH (MB)   RECORD NAMES
              1      19      165.74       500      610      700      900      950      970     1000      129      960     1100   
                                          VAR    BASINP    GEOM    SYMINP    ZMAT    AOBASIS   BASIS     P2S    ABASIS      S 
                                         1400     1410     1200     1210     1080     1600     1650     1300     1700   
                                           T        V       H0       H01     AOSYM     SMH    MOLCAS    ERIS     OPER   

              2       4        0.86       700     1000      520     2100   
                                         GEOM     BASIS   MCVARS     RHF  

              3       2        0.10      1000     8000   
                                         BASIS   

 PROGRAMS   *        TOTAL    HF-SCF    HF-SCF       INT
 CPU TIMES  *       117.82     35.75     34.61      4.96
 REAL TIME  *        39.80 SEC
 DISK USED  *       694.01 MB
 **********************************************************************************************************************************

 PROGRESS OF GEOMETRY OPTIMIZATION.    TOTAL CPU:        78.1 SEC
   1  -230.75116117  -230.75406913    -0.00290796  0.01686300  0.04421740  0.00736957  0.06940046  0.17836490  0.05148951

 **********************************************************************************************************************************

 Current geometry (xyz format, in Angstrom)

   12
 HF-SCF000/6-311G(D,P)  ENERGY=-230.75406913
 C         -1.3796282837        0.0000609228       -0.1032162860
 C         -0.7790653291       -0.0001470885        1.1432342430
 C          0.6003975322        0.0002423845        1.2463614374
 C          1.3796094100       -0.0000239366        0.1030528650
 C          0.7791772034       -0.0001044211       -1.1431414605
 C         -0.6005561275        0.0000978999       -1.2463112060
 H         -2.4511101770        0.0001637309       -0.1832448633
 H         -1.3843090275        0.0002733568        2.0310321772
 H          1.0668992662        0.0004292143        2.2142763238
 H          2.4510711983        0.0001367953        0.1833844713
 H          1.3841821452       -0.0000379362       -2.0311047052
 H         -1.0668127034       -0.0000710083       -2.2143438892

 **********************************************************************************************************************************

 PROGRAM * ALASKA (Gradient of the energy)     Author: R. Lindh

 Orbitals from record         2100.2

 Number of closed-shell orbitals: 21 ( 21 )
 Number of occupied orbitals:     21 ( 21 )

 Number of electrons= 42     Singlet     Space symmetry=1      Wavefunction type: CLOSED          


 SCF GRADIENT FOR STATE 1.1

 Atom          dE/dx               dE/dy               dE/dz

   1         0.001179026         0.000022586         0.000007316
   2         0.000781504        -0.000103948        -0.000938906
   3        -0.000618292         0.000066547        -0.001031960
   4        -0.001180595        -0.000034528        -0.000222756
   5        -0.000597600        -0.000022653         0.001079401
   6         0.000439209         0.000043262         0.001105567
   7         0.000891528         0.000003907         0.000069368
   8         0.000487293         0.000027388        -0.000740901
   9        -0.000376206        -0.000002019        -0.000811144
  10        -0.000892547         0.000006399        -0.000044418
  11        -0.000507008         0.000011413         0.000726456
  12         0.000393688        -0.000018355         0.000801978

 Nuclear force contribution to virial =        -0.043659556

 Entering BMAT geometry-optimization, modelhes=F
 Reading points 1 to 2 from record 700.2,  wavefunction type=HF-SCF000       

 torquex=0.1992D-07  torquey=-.4665D-08  torquez=0.1298D-09 total=    0.0000

 Entering opt_bmat, project=F  hessinp=F  newcoord=F  MAXIT=100  maxitq=40
 Smallest nonzero eigenvalue of G:  0.333D+00
 BFGS update of hessian using  1 points
 bmat iter=  2  nc=  30  grad=     0.04588918  step=     0.00582607  stepmax=     0.30000000  scale=     1.00000000  de=-0.000132722630
 it=  1  dnq=  0.583D-02  dnx=  0.939D-02
 it=  2  dnq=  0.570D-06  dnx=  0.295D-06
 it=  3  dnq=  0.788D-09  dnx=  0.354D-09
 back transformation to cartesian coordinates converged in  3 iterations
 Bmat iter=  2  dq=   0.00582607  dx=   0.00939087  rms=   0.00156514  de=  -0.0000304428  enext=-230.7540995717

 Optimization point 2

 Variable                      Last           Current        Next           Gradient       Hessian

 E(HF-SCF000) / Hartree   -230.75116117  -230.75406913  -230.75409957
 GX1 / ANGSTROM             -1.39110407    -1.37962828    -1.38167967     0.00222804     3.57106483
 GY1 / ANGSTROM              0.00001596     0.00006092     0.00006325     0.00004268     3.57106483
 GZ1 / ANGSTROM             -0.10408515    -0.10321629    -0.10334545     0.00001382     3.57106483
 GX2 / ANGSTROM             -0.78548904    -0.77906533    -0.78027228     0.00147683     3.57106483
 GY2 / ANGSTROM             -0.00032937    -0.00014709    -0.00005431    -0.00019643     3.57106483
 GZ2 / ANGSTROM              1.15277672     1.14323424     1.14494084    -0.00177427     3.57106483
 GX3 / ANGSTROM              0.60533032     0.60039753     0.60131949    -0.00116840     3.57106483
 GY3 / ANGSTROM              0.00023211     0.00024238     0.00025524     0.00012576     3.57106483
 GZ3 / ANGSTROM              1.25690606     1.24636144     1.24823236    -0.00195012     3.57106483
 GX4 / ANGSTROM              1.39120415     1.37960941     1.38166612    -0.00223100     3.57106483
 GY4 / ANGSTROM             -0.00005962    -0.00002394     0.00001681    -0.00006525     3.57106483
 GZ4 / ANGSTROM              0.10381509     0.10305287     0.10324828    -0.00042095     3.57106483
 GX5 / ANGSTROM              0.78566449     0.77917720     0.78032655    -0.00112930     3.57106483
 GY5 / ANGSTROM             -0.00019342    -0.00010442    -0.00010215    -0.00004281     3.57106483
 GZ5 / ANGSTROM             -1.15271135    -1.14314146    -1.14489378     0.00203977     3.57106483
 GX6 / ANGSTROM             -0.60559256    -0.60055613    -0.60142458     0.00082999     3.57106483
 GY6 / ANGSTROM              0.00024084     0.00009790     0.00007641     0.00008175     3.57106483
 GZ6 / ANGSTROM             -1.25669946    -1.24631121    -1.24819636     0.00208922     3.57106483
 GX7 / ANGSTROM             -2.48766175    -2.45111018    -2.45430358     0.00168474     3.57106483
 GY7 / ANGSTROM              0.00002316     0.00016373     0.00007952     0.00000738     3.57106483
 GZ7 / ANGSTROM             -0.18596364    -0.18324486    -0.18348108     0.00013109     3.57106483
 GX8 / ANGSTROM             -1.40505072    -1.38430903    -1.38611545     0.00092085     3.57106483
 GY8 / ANGSTROM              0.00027063     0.00027336     0.00025414     0.00005176     3.57106483
 GZ8 / ANGSTROM              2.06128360     2.03103218     2.03370533    -0.00140010     3.57106483
 GX9 / ANGSTROM              1.08275434     1.06689927     1.06826660    -0.00071093     3.57106483
 GY9 / ANGSTROM              0.00059397     0.00042921     0.00037406    -0.00000382     3.57106483
 GZ9 / ANGSTROM              2.24754357     2.21427632     2.21720513    -0.00153284     3.57106483
 GX10 / ANGSTROM             2.48779634     2.45107120     2.45427690    -0.00168667     3.57106483
 GY10 / ANGSTROM             0.00032396     0.00013680     0.00017115     0.00001209     3.57106483
 GZ10 / ANGSTROM             0.18616659     0.18338447     0.18357499    -0.00008394     3.57106483
 GX11 / ANGSTROM             1.40475047     1.38418215     1.38601025    -0.00095811     3.57106483
 GY11 / ANGSTROM            -0.00043142    -0.00003794    -0.00014689     0.00002157     3.57106483
 GZ11 / ANGSTROM            -2.06167049    -2.03110471    -2.03376769     0.00137280     3.57106483
 GX12 / ANGSTROM            -1.08274686    -1.06681270    -1.06821521     0.00074396     3.57106483
 GY12 / ANGSTROM             0.00033312    -0.00007101     0.00003269    -0.00003469     3.57106483
 GZ12 / ANGSTROM            -2.24738245    -2.21434389    -2.21724347     0.00151552     3.57106483
 Convergence:                0.00000000  (line search)     0.01774617     0.00367399  (total)

 Geometry written to block  3 of record 700


 Recomputing integrals since geometry changed


 PROGRAM * SEWARD (Integral evaluation for generally contracted gaussian basis sets)     Author: Roland Lindh, 1990

 Geometry written to block  3 of record 700


 Point group  C1  



 ATOMIC COORDINATES

 NR  ATOM    CHARGE       X              Y              Z

   1  C       6.00   -2.610996168    0.000119525   -0.195294589
   2  C       6.00   -1.474500914   -0.000102639    2.163624625
   3  C       6.00    1.136329144    0.000482334    2.358817293
   4  C       6.00    2.610970555    0.000031771    0.195110969
   5  C       6.00    1.474603464   -0.000193041   -2.163535682
   6  C       6.00   -1.136527748    0.000144394   -2.358749268
   7  H       1.00   -4.637961602    0.000150276   -0.346728994
   8  H       1.00   -2.619378586    0.000480253    3.843146094
   9  H       1.00    2.018731300    0.000706862    4.189910460
  10  H       1.00    4.637911167    0.000323428    0.346906456
  11  H       1.00    2.619179771   -0.000277573   -3.843263928
  12  H       1.00   -2.018634190    0.000061767   -4.189982916

 Bond lengths in Bohr (Angstrom)

 1-2  2.618419633  1-6  2.618127818  1-7  2.032614388  2-3  2.618116520  2-8  2.032618406
     ( 1.385607998)     ( 1.385453577)     ( 1.075613213)     ( 1.385447598)     ( 1.075615339)

  3- 4  2.618433224   3- 9  2.032617967   4- 5  2.618118455   4-10  2.032616589   5- 6  2.618418352
       ( 1.385615191)       ( 1.075615107)       ( 1.385448622)       ( 1.075614378)       ( 1.385607320)

  5-11  2.032619470   6-12  2.032616160
       ( 1.075615902)       ( 1.075614150)

 Bond angles

  1- 2- 3  119.99976576   1- 2- 8  119.99482051   1- 6- 5  120.00017174   1- 6-12  120.00408347

  2-1-6  120.00009473   2-1-7  119.99676088   2-3-4  120.00016026   2-3-9  120.00500810

  3- 2- 8  120.00540202   3- 4- 5  120.00000612   3- 4-10  119.99296661   4- 3- 9  119.99482895

  4- 5- 6  119.99979415   4- 5-11  120.00506374   5- 4-10  120.00702552   5- 6-12  119.99574373

  6- 1- 7  120.00314427   6- 5-11  119.99514111

 NUCLEAR CHARGE:                   42
 NUMBER OF PRIMITIVE AOS:         240
 NUMBER OF SYMMETRY AOS:          234
 NUMBER OF CONTRACTIONS:          144   (  144A   )
 NUMBER OF INNER CORE ORBITALS:     0   (    0A   )
 NUMBER OF OUTER CORE ORBITALS:     6   (    6A   )
 NUMBER OF VALENCE ORBITALS:       30   (   30A   )


 NUCLEAR REPULSION ENERGY  204.89190202


 Eigenvalues of metric

         1 0.201E-03 0.157E-02 0.234E-02 0.234E-02 0.295E-02 0.295E-02 0.767E-02 0.767E-02


 Contracted 2-electron integrals neglected if value below      1.0D-11
 AO integral compression algorithm  1   Integral accuracy      1.0D-11

     165.413 MB (compressed) written to integral file ( 34.3%)


 NUMBER OF SORTED TWO-ELECTRON INTEGRALS:   54502020.     BUFFER LENGTH:  32768
 NUMBER OF SEGMENTS:   4  SEGMENT LENGTH:   15999503      RECORD LENGTH: 524288

 Memory used in sort:      16.56 MW

 SORT1 READ    60145614. AND WROTE    43565536. INTEGRALS IN    126 RECORDS. CPU TIME:     0.70 SEC, REAL TIME:     1.07 SEC
 SORT2 READ    43565536. AND WROTE    54502020. INTEGRALS IN    631 RECORDS. CPU TIME:     0.79 SEC, REAL TIME:     1.02 SEC

 FILE SIZES:   FILE 1:   196.4 MBYTE,  FILE 4:   528.9 MBYTE,   TOTAL:    725.2 MBYTE

 OPERATOR DM      FOR CENTER  0  COORDINATES:    0.000000    0.000000    0.000000

 Program * Restricted Hartree-Fock

 Molecular orbitals read from record     2100.2  Type=RHF/CANONICAL  

 NELEC=   42   SYM=1   MS2= 0   THRE=1.0D-08   THRD=1.0D-06   THRG=1.0D-06  HFMA2=F  DIIS_START=2   DIIS_MAX=10   DIIS_INCORE=F

 Level shifts:    0.00 (CLOSED)    0.00 (OPEN)    0.30 (GAP_MIN)

 ITER           ETOT              DE          GRAD        DDIFF     DIIS  NEXP   TIME(IT)  TIME(TOT)  DIAG
   1     -230.75409019    -230.75409019     0.00D+00     0.34D-01     0     0       3.93      3.94    start
   2     -230.75409694      -0.00000675     0.58D-04     0.27D-04     1     0       4.01      7.95    diag
   3     -230.75409741      -0.00000046     0.14D-04     0.10D-04     2     0       3.91     11.86    diag
   4     -230.75409747      -0.00000007     0.49D-05     0.25D-05     3     0       3.94     15.80    diag
   5     -230.75409748      -0.00000000     0.69D-06     0.83D-06     4     0       4.04     19.84    diag
   6     -230.75409748      -0.00000000     0.12D-06     0.17D-06     0     0       3.88     23.72    diag

 Final occupancy:  21

 !RHF STATE 1.1 Energy               -230.754097476952
  RHF One-electron energy            -716.237910516607
  RHF Two-electron energy             280.591911019544
  RHF Kinetic energy                  230.720471024834
  RHF Nuclear energy                  204.891902020110
  RHF Virial quotient                  -1.000145745421

 !RHF STATE 1.1 Dipole moment          -0.00000082     0.00013814     0.00000119
 Dipole moment /Debye                  -0.00000209     0.00035111     0.00000303

 Orbital energies:

           1.1          2.1          3.1          4.1          5.1          6.1          7.1          8.1          9.1         10.1
    -11.230644   -11.230047   -11.230047   -11.228760   -11.228760   -11.228129    -1.153723    -1.016272    -1.016270    -0.824621

          11.1         12.1         13.1         14.1         15.1         16.1         17.1         18.1         19.1         20.1
     -0.824619    -0.712206    -0.642666    -0.620300    -0.588730    -0.588728    -0.503213    -0.493729    -0.493724    -0.335937

          21.1         22.1         23.1
     -0.335934     0.136419     0.136421


 HOMO     21.1    -0.335934 =      -9.1412eV
 LUMO     22.1     0.136419 =       3.7122eV
 LUMO-HOMO         0.472354 =      12.8534eV

 Orbitals saved in record  2100.2


 **********************************************************************************************************************************
 DATASETS  * FILE   NREC   LENGTH (MB)   RECORD NAMES
              1      19      164.20       500      610      700      900      950      970     1000      129      960     1100   
                                          VAR    BASINP    GEOM    SYMINP    ZMAT    AOBASIS   BASIS     P2S    ABASIS      S 
                                         1400     1410     1200     1210     1080     1600     1650     1300     1700   
                                           T        V       H0       H01     AOSYM     SMH    MOLCAS    ERIS     OPER   

              2       4        0.86       700     1000      520     2100   
                                         GEOM     BASIS   MCVARS     RHF  

              3       2        0.10      1000     8000   
                                         BASIS   

 PROGRAMS   *        TOTAL    HF-SCF    HF-SCF       INT
 CPU TIMES  *       191.20     29.04     34.61      4.96
 REAL TIME  *        66.35 SEC
 DISK USED  *       694.01 MB
 **********************************************************************************************************************************

 PROGRESS OF GEOMETRY OPTIMIZATION.    TOTAL CPU:       151.5 SEC
   1  -230.75116117  -230.75406913    -0.00290796  0.01686300  0.04421740  0.00736957  0.06940046  0.17836490  0.05148951
   2  -230.75406913  -230.75409748    -0.00002835  0.00118060  0.00367399  0.00061233  0.00605789  0.01774617  0.00512288

 **********************************************************************************************************************************

 Current geometry (xyz format, in Angstrom)

   12
 HF-SCF000/6-311G(D,P)  ENERGY=-230.75409748
 C         -1.3816796701        0.0000632497       -0.1033454459
 C         -0.7802722810       -0.0000543142        1.1449408447
 C          0.6013194873        0.0002552403        1.2482323562
 C          1.3816661160        0.0000168127        0.1032482784
 C          0.7803265481       -0.0001021526       -1.1448937781
 C         -0.6014245840        0.0000764100       -1.2481963590
 H         -2.4543035849        0.0000795226       -0.1834810822
 H         -1.3861154542        0.0002541392        2.0337053309
 H          1.0682665989        0.0003740553        2.2172051312
 H          2.4542768956        0.0001711508        0.1835749909
 H          1.3860102462       -0.0001468855       -2.0337676864
 H         -1.0682152107        0.0000326856       -2.2172434731

 **********************************************************************************************************************************

 PROGRAM * ALASKA (Gradient of the energy)     Author: R. Lindh

 Orbitals from record         2100.2

 Number of closed-shell orbitals: 21 ( 21 )
 Number of occupied orbitals:     21 ( 21 )

 Number of electrons= 42     Singlet     Space symmetry=1      Wavefunction type: CLOSED          


 SCF GRADIENT FOR STATE 1.1

 Atom          dE/dx               dE/dy               dE/dz

   1        -0.000178504         0.000017903        -0.000063649
   2        -0.000049979        -0.000074629         0.000181336
   3         0.000022822         0.000053488         0.000191521
   4         0.000187325        -0.000025937        -0.000054649
   5         0.000145980        -0.000017772        -0.000114693
   6        -0.000127098         0.000027840        -0.000141251
   7         0.000004516        -0.000001287         0.000004236
   8        -0.000005272         0.000020313        -0.000007576
   9         0.000005617        -0.000005284        -0.000006337
  10        -0.000004663         0.000007946         0.000012161
  11        -0.000008063         0.000003729        -0.000002094
  12         0.000007320        -0.000006310         0.000000994

 Nuclear force contribution to virial =         0.002739406

 Entering BMAT geometry-optimization, modelhes=F
 Reading points 1 to 3 from record 700.2,  wavefunction type=HF-SCF000       

 torquex=0.1012D-06  torquey=-.1039D-08  torquez=-.1038D-08 total=    0.0000

 Entering opt_bmat, project=F  hessinp=F  newcoord=F  MAXIT=100  maxitq=40
 Smallest nonzero eigenvalue of G:  0.333D+00
 BFGS update of hessian using  2 points
 bmat iter=  3  nc=  30  grad=     0.00363520  step=     0.00051986  stepmax=     0.30000000  scale=     1.00000000  de=-0.000000793950
 it=  1  dnq=  0.520D-03  dnx=  0.566D-03
 it=  2  dnq=  0.315D-07  dnx=  0.148D-07
 it=  3  dnq=  0.343D-11  dnx=  0.187D-11
 back transformation to cartesian coordinates converged in  3 iterations
 Bmat iter=  3  dq=   0.00051986  dx=   0.00056550  rms=   0.00009425  de=  -0.0000001821  enext=-230.7540976591

 Optimization point 3

 Variable                      Last           Current        Next           Gradient       Hessian

 E(HF-SCF000) / Hartree   -230.75406913  -230.75409748  -230.75409766
 GX1 / ANGSTROM             -1.37962828    -1.38167967    -1.38151604    -0.00033732     3.57106483
 GY1 / ANGSTROM              0.00006092     0.00006325     0.00007391     0.00003383     3.57106483
 GZ1 / ANGSTROM             -0.10321629    -0.10334545    -0.10331954    -0.00012028     3.57106483
 GX2 / ANGSTROM             -0.77906533    -0.78027228    -0.78019452    -0.00009445     3.57106483
 GY2 / ANGSTROM             -0.00014709    -0.00005431     0.00001267    -0.00014103     3.57106483
 GZ2 / ANGSTROM              1.14323424     1.14494084     1.14479021     0.00034268     3.57106483
 GX3 / ANGSTROM              0.60039753     0.60131949     0.60126242     0.00004313     3.57106483
 GY3 / ANGSTROM              0.00024238     0.00025524     0.00024986     0.00010108     3.57106483
 GZ3 / ANGSTROM              1.24636144     1.24823236     1.24807432     0.00036192     3.57106483
 GX4 / ANGSTROM              1.37960941     1.38166612     1.38149702     0.00035399     3.57106483
 GY4 / ANGSTROM             -0.00002394     0.00001681     0.00003653    -0.00004901     3.57106483
 GZ4 / ANGSTROM              0.10305287     0.10324828     0.10325826    -0.00010327     3.57106483
 GX5 / ANGSTROM              0.77917720     0.78032655     0.78021897     0.00027586     3.57106483
 GY5 / ANGSTROM             -0.00010442    -0.00010215    -0.00007247    -0.00003358     3.57106483
 GZ5 / ANGSTROM             -1.14314146    -1.14489378    -1.14476153    -0.00021674     3.57106483
 GX6 / ANGSTROM             -0.60055613    -0.60142458    -0.60133697    -0.00024018     3.57106483
 GY6 / ANGSTROM              0.00009790     0.00007641     0.00004066     0.00005261     3.57106483
 GZ6 / ANGSTROM             -1.24631121    -1.24819636    -1.24805360    -0.00026693     3.57106483
 GX7 / ANGSTROM             -2.45111018    -2.45430358    -2.45416059     0.00000853     3.57106483
 GY7 / ANGSTROM              0.00016373     0.00007952     0.00009380    -0.00000243     3.57106483
 GZ7 / ANGSTROM             -0.18324486    -0.18348108    -0.18347565     0.00000801     3.57106483
 GX8 / ANGSTROM             -1.38430903    -1.38611545    -1.38601796    -0.00000996     3.57106483
 GY8 / ANGSTROM              0.00027336     0.00025414     0.00023851     0.00003839     3.57106483
 GZ8 / ANGSTROM              2.03103218     2.03370533     2.03359227    -0.00001432     3.57106483
 GX9 / ANGSTROM              1.06689927     1.06826660     1.06818487     0.00001061     3.57106483
 GY9 / ANGSTROM              0.00042921     0.00037406     0.00034039    -0.00000998     3.57106483
 GZ9 / ANGSTROM              2.21427632     2.21720513     2.21708114    -0.00001197     3.57106483
 GX10 / ANGSTROM             2.45107120     2.45427690     2.45413243    -0.00000881     3.57106483
 GY10 / ANGSTROM             0.00013680     0.00017115     0.00013141     0.00001501     3.57106483
 GZ10 / ANGSTROM             0.18338447     0.18357499     0.18353224     0.00002298     3.57106483
 GX11 / ANGSTROM             1.38418215     1.38601025     1.38594467    -0.00001524     3.57106483
 GY11 / ANGSTROM            -0.00003794    -0.00014689    -0.00009258     0.00000705     3.57106483
 GZ11 / ANGSTROM            -2.03110471    -2.03376769    -2.03363015    -0.00000396     3.57106483
 GX12 / ANGSTROM            -1.06681270    -1.06821521    -1.06815919     0.00001383     3.57106483
 GY12 / ANGSTROM            -0.00007101     0.00003269    -0.00003276    -0.00001193     3.57106483
 GZ12 / ANGSTROM            -2.21434389    -2.21724347    -2.21710886     0.00000188     3.57106483
 Convergence:                0.00000000  (line search)     0.00106865     0.00047823  (total)

 Geometry written to block  4 of record 700


 Recomputing integrals since geometry changed


 PROGRAM * SEWARD (Integral evaluation for generally contracted gaussian basis sets)     Author: Roland Lindh, 1990

 Geometry written to block  4 of record 700


 Point group  C1  



 ATOMIC COORDINATES

 NR  ATOM    CHARGE       X              Y              Z

   1  C       6.00   -2.610686944    0.000139671   -0.195245641
   2  C       6.00   -1.474353974    0.000023939    2.163339966
   3  C       6.00    1.136221308    0.000472168    2.358518643
   4  C       6.00    2.610651007    0.000069027    0.195129834
   5  C       6.00    1.474400172   -0.000136941   -2.163285769
   6  C       6.00   -1.136362187    0.000076831   -2.358479484
   7  H       1.00   -4.637691385    0.000177248   -0.346718737
   8  H       1.00   -2.619194349    0.000450715    3.842932448
   9  H       1.00    2.018576850    0.000643235    4.189676146
  10  H       1.00    4.637638157    0.000248335    0.346825660
  11  H       1.00    2.619055858   -0.000174955   -3.843004013
  12  H       1.00   -2.018528321   -0.000061916   -4.189728533

 Bond lengths in Bohr (Angstrom)

 1-2  2.618048643  1-6  2.617864426  1-7  2.032656170  2-3  2.617861383  2-8  2.032656039
     ( 1.385411679)     ( 1.385314195)     ( 1.075635323)     ( 1.385312585)     ( 1.075635253)

  3- 4  2.618051611   3- 9  2.032655685   4- 5  2.617859843   4-10  2.032655545   5- 6  2.618049031
       ( 1.385413250)       ( 1.075635066)       ( 1.385311770)       ( 1.075634992)       ( 1.385411884)

  5-11  2.032655904   6-12  2.032655943
       ( 1.075635182)       ( 1.075635203)

 Bond angles

  1- 2- 3  119.99984659   1- 2- 8  119.99684909   1- 6- 5  120.00012771   1- 6-12  120.00263231

  2-1-6  120.00000161   2-1-7  119.99773587   2-3-4  120.00013587   2-3-9  120.00314730

  3- 2- 8  120.00329833   3- 4- 5  120.00001871   3- 4-10  119.99595172   4- 3- 9  119.99671491

  4- 5- 6  119.99986543   4- 5-11  120.00315323   5- 4-10  120.00402869   5- 6-12  119.99723946

  6- 1- 7  120.00226243   6- 5-11  119.99698068

 NUCLEAR CHARGE:                   42
 NUMBER OF PRIMITIVE AOS:         240
 NUMBER OF SYMMETRY AOS:          234
 NUMBER OF CONTRACTIONS:          144   (  144A   )
 NUMBER OF INNER CORE ORBITALS:     0   (    0A   )
 NUMBER OF OUTER CORE ORBITALS:     6   (    6A   )
 NUMBER OF VALENCE ORBITALS:       30   (   30A   )


 NUCLEAR REPULSION ENERGY  204.91234621


 Eigenvalues of metric

         1 0.201E-03 0.157E-02 0.234E-02 0.234E-02 0.294E-02 0.294E-02 0.767E-02 0.767E-02


 Contracted 2-electron integrals neglected if value below      1.0D-11
 AO integral compression algorithm  1   Integral accuracy      1.0D-11

     164.102 MB (compressed) written to integral file ( 34.1%)


 NUMBER OF SORTED TWO-ELECTRON INTEGRALS:   54502020.     BUFFER LENGTH:  32768
 NUMBER OF SEGMENTS:   4  SEGMENT LENGTH:   15999503      RECORD LENGTH: 524288

 Memory used in sort:      16.56 MW

 SORT1 READ    60145614. AND WROTE    43389948. INTEGRALS IN    126 RECORDS. CPU TIME:     0.65 SEC, REAL TIME:     1.05 SEC
 SORT2 READ    43389948. AND WROTE    54502020. INTEGRALS IN    626 RECORDS. CPU TIME:     0.77 SEC, REAL TIME:     0.98 SEC

 FILE SIZES:   FILE 1:   195.0 MBYTE,  FILE 4:   528.9 MBYTE,   TOTAL:    723.9 MBYTE

 OPERATOR DM      FOR CENTER  0  COORDINATES:    0.000000    0.000000    0.000000

 Program * Restricted Hartree-Fock

 Molecular orbitals read from record     2100.2  Type=RHF/CANONICAL  

 NELEC=   42   SYM=1   MS2= 0   THRE=1.0D-08   THRD=1.0D-07   THRG=1.0D-07  HFMA2=F  DIIS_START=2   DIIS_MAX=10   DIIS_INCORE=F

 Level shifts:    0.00 (CLOSED)    0.00 (OPEN)    0.30 (GAP_MIN)

 ITER           ETOT              DE          GRAD        DDIFF     DIIS  NEXP   TIME(IT)  TIME(TOT)  DIAG
   1     -230.75409761    -230.75409761     0.00D+00     0.34D-01     0     0       4.20      4.20    start
   2     -230.75409766      -0.00000005     0.45D-05     0.26D-05     1     0       4.06      8.26    diag
   3     -230.75409766      -0.00000000     0.12D-05     0.84D-06     2     0       4.09     12.35    diag
   4     -230.75409766      -0.00000000     0.44D-06     0.32D-06     3     0       4.83     17.18    diag
   5     -230.75409766      -0.00000000     0.12D-06     0.19D-06     4     0       4.09     21.27    diag
   6     -230.75409766      -0.00000000     0.50D-07     0.12D-06     5     0       4.00     25.27    diag
   7     -230.75409766      -0.00000000     0.18D-07     0.50D-07     6     0       4.08     29.35    diag
   8     -230.75409766      -0.00000000     0.62D-08     0.65D-08     0     0       4.22     33.57    fixocc

 Final occupancy:  21

 !RHF STATE 1.1 Energy               -230.754097664798
  RHF One-electron energy            -716.278530500625
  RHF Two-electron energy             280.612086621322
  RHF Kinetic energy                  230.723081806008
  RHF Nuclear energy                  204.912346214506
  RHF Virial quotient                  -1.000134428938

 !RHF STATE 1.1 Dipole moment          -0.00000164     0.00009178     0.00000022
 Dipole moment /Debye                  -0.00000417     0.00023327     0.00000056

 Orbital energies:

           1.1          2.1          3.1          4.1          5.1          6.1          7.1          8.1          9.1         10.1
    -11.230594   -11.229996   -11.229996   -11.228708   -11.228708   -11.228077    -1.153826    -1.016321    -1.016321    -0.824639

          11.1         12.1         13.1         14.1         15.1         16.1         17.1         18.1         19.1         20.1
     -0.824638    -0.712246    -0.642608    -0.620368    -0.588739    -0.588738    -0.503286    -0.493717    -0.493716    -0.335968

          21.1         22.1         23.1
     -0.335967     0.136463     0.136463


 HOMO     21.1    -0.335967 =      -9.1421eV
 LUMO     22.1     0.136463 =       3.7133eV
 LUMO-HOMO         0.472430 =      12.8555eV

 Orbitals saved in record  2100.2


 **********************************************************************************************************************************
 DATASETS  * FILE   NREC   LENGTH (MB)   RECORD NAMES
              1      19      163.04       500      610      700      900      950      970     1000      129      960     1100   
                                          VAR    BASINP    GEOM    SYMINP    ZMAT    AOBASIS   BASIS     P2S    ABASIS      S 
                                         1400     1410     1200     1210     1080     1600     1650     1300     1700   
                                           T        V       H0       H01     AOSYM     SMH    MOLCAS    ERIS     OPER   

              2       4        0.86       700     1000      520     2100   
                                         GEOM     BASIS   MCVARS     RHF  

              3       2        0.10      1000     8000   
                                         BASIS   

 PROGRAMS   *        TOTAL    HF-SCF    HF-SCF       INT
 CPU TIMES  *       273.78     38.66     34.61      4.96
 REAL TIME  *        94.27 SEC
 DISK USED  *       694.01 MB
 **********************************************************************************************************************************

 PROGRESS OF GEOMETRY OPTIMIZATION.    TOTAL CPU:       234.1 SEC
   1  -230.75116117  -230.75406913    -0.00290796  0.01686300  0.04421740  0.00736957  0.06940046  0.17836490  0.05148951
   2  -230.75406913  -230.75409748    -0.00002835  0.00118060  0.00367399  0.00061233  0.00605789  0.01774617  0.00512288
   3  -230.75409748  -230.75409766    -0.00000019  0.00019152  0.00047823  0.00007971  0.00031955  0.00106865  0.00030849

 **********************************************************************************************************************************

 Current geometry (xyz format, in Angstrom)

   12
 HF-SCF000/6-311G(D,P)  ENERGY=-230.75409766
 C         -1.3815160355        0.0000739110       -0.1033195439
 C         -0.7801945239        0.0000126680        1.1447902095
 C          0.6012624227        0.0002498604        1.2480743173
 C          1.3814970183        0.0000365276        0.1032582611
 C          0.7802189705       -0.0000724659       -1.1447615294
 C         -0.6013369729        0.0000406573       -1.2480535954
 H         -2.4541605921        0.0000937954       -0.1834756544
 H         -1.3860179605        0.0002385081        2.0335922747
 H          1.0681848677        0.0003403852        2.2170811373
 H          2.4541324253        0.0001314133        0.1835322354
 H          1.3859446742       -0.0000925819       -2.0336301450
 H         -1.0681591868       -0.0000327645       -2.2171088593

 **********************************************************************************************************************************

 Recomputing wavefunction for reoriented structure


 Recomputing integrals since geometry changed


 PROGRAM * SEWARD (Integral evaluation for generally contracted gaussian basis sets)     Author: Roland Lindh, 1990

 Geometry written to block  1 of record 700

 Orientation using atomic masses  
 Molecule type: Asymmetric top
 Rotational constants:       5.7821124      2.8910531      5.7820997 GHz

 Point group  C1  



 ATOMIC COORDINATES

 NR  ATOM    CHARGE       X              Y              Z

   1  C       6.00   -1.848737532    0.000040616   -1.853607501
   2  C       6.00   -2.529616395   -0.000232596    0.674352665
   3  C       6.00   -0.680905454    0.000199005    2.527853647
   4  C       6.00    1.848814404   -0.000063285    1.853530571
   5  C       6.00    2.529644376   -0.000111785   -0.674247248
   6  C       6.00    0.680801614    0.000118616   -2.527881817
   7  H       1.00   -3.284234720    0.000091098   -3.292717964
   8  H       1.00   -4.493720522    0.000084828    1.197788857
   9  H       1.00   -1.209427497    0.000247808    4.490594990
  10  H       1.00    3.284152962    0.000103102    3.292798357
  11  H       1.00    4.493690849   -0.000040438   -1.197899300
  12  H       1.00    1.209526857    0.000102139   -4.490568700

 Bond lengths in Bohr (Angstrom)

 1-2  2.618048643  1-6  2.617864426  1-7  2.032656170  2-3  2.617861383  2-8  2.032656039
     ( 1.385411679)     ( 1.385314195)     ( 1.075635323)     ( 1.385312585)     ( 1.075635253)

  3- 4  2.618051611   3- 9  2.032655685   4- 5  2.617859843   4-10  2.032655545   5- 6  2.618049031
       ( 1.385413250)       ( 1.075635066)       ( 1.385311770)       ( 1.075634992)       ( 1.385411884)

  5-11  2.032655904   6-12  2.032655943
       ( 1.075635182)       ( 1.075635203)

 Bond angles

  1- 2- 3  119.99984659   1- 2- 8  119.99684909   1- 6- 5  120.00012771   1- 6-12  120.00263231

  2-1-6  120.00000161   2-1-7  119.99773587   2-3-4  120.00013587   2-3-9  120.00314730

  3- 2- 8  120.00329833   3- 4- 5  120.00001871   3- 4-10  119.99595172   4- 3- 9  119.99671491

  4- 5- 6  119.99986543   4- 5-11  120.00315323   5- 4-10  120.00402869   5- 6-12  119.99723946

  6- 1- 7  120.00226243   6- 5-11  119.99698068

 NUCLEAR CHARGE:                   42
 NUMBER OF PRIMITIVE AOS:         240
 NUMBER OF SYMMETRY AOS:          234
 NUMBER OF CONTRACTIONS:          144   (  144A   )
 NUMBER OF INNER CORE ORBITALS:     0   (    0A   )
 NUMBER OF OUTER CORE ORBITALS:     6   (    6A   )
 NUMBER OF VALENCE ORBITALS:       30   (   30A   )


 NUCLEAR REPULSION ENERGY  204.91234621


 Eigenvalues of metric

         1 0.201E-03 0.157E-02 0.234E-02 0.234E-02 0.294E-02 0.294E-02 0.767E-02 0.767E-02


 Contracted 2-electron integrals neglected if value below      1.0D-11
 AO integral compression algorithm  1   Integral accuracy      1.0D-11

     164.102 MB (compressed) written to integral file ( 34.1%)


 NUMBER OF SORTED TWO-ELECTRON INTEGRALS:   54502020.     BUFFER LENGTH:  32768
 NUMBER OF SEGMENTS:   4  SEGMENT LENGTH:   15999503      RECORD LENGTH: 524288

 Memory used in sort:      16.56 MW

 SORT1 READ    60141267. AND WROTE    43329606. INTEGRALS IN    126 RECORDS. CPU TIME:     0.67 SEC, REAL TIME:     1.00 SEC
 SORT2 READ    43329606. AND WROTE    54502020. INTEGRALS IN    626 RECORDS. CPU TIME:     0.79 SEC, REAL TIME:     0.96 SEC

 FILE SIZES:   FILE 1:   195.0 MBYTE,  FILE 4:   528.5 MBYTE,   TOTAL:    723.6 MBYTE

 OPERATOR DM      FOR CENTER  0  COORDINATES:    0.000000    0.000000    0.000000

 Program * Restricted Hartree-Fock

 Molecular orbitals read from record     2100.2  Type=RHF/CANONICAL  

 NELEC=   42   SYM=1   MS2= 0   THRE=1.0D-08   THRD=1.0D-07   THRG=1.0D-07  HFMA2=F  DIIS_START=2   DIIS_MAX=10   DIIS_INCORE=F

 Level shifts:    0.00 (CLOSED)    0.00 (OPEN)    0.30 (GAP_MIN)

 ITER           ETOT              DE          GRAD        DDIFF     DIIS  NEXP   TIME(IT)  TIME(TOT)  DIAG
   1     -229.65833436    -229.65833436     0.00D+00     0.36D-01     0     0       3.97      3.97    start
   2     -230.68460953      -1.02627517     0.18D-01     0.89D-02     1     0       4.17      8.14    diag
   3     -230.75303411      -0.06842458     0.42D-02     0.32D-02     2     0       4.15     12.29    diag
   4     -230.75401596      -0.00098184     0.48D-03     0.73D-03     3     0       3.92     16.21    diag
   5     -230.75408970      -0.00007375     0.13D-03     0.25D-03     4     0       3.72     19.93    diag
   6     -230.75409695      -0.00000725     0.40D-04     0.86D-04     5     0       3.82     23.75    diag
   7     -230.75409765      -0.00000070     0.11D-04     0.32D-04     6     0       3.87     27.62    diag
   8     -230.75409766      -0.00000002     0.19D-05     0.35D-05     7     0       3.84     31.46    fixocc
   9     -230.75409767      -0.00000000     0.30D-06     0.53D-06     8     0       4.11     35.57    diag
  10     -230.75409767      -0.00000000     0.27D-07     0.35D-07     9     0       3.92     39.49    diag/orth
  11     -230.75409767      -0.00000000     0.17D-08     0.36D-08     0     0       3.86     43.35    diag

 Final occupancy:  21

 !RHF STATE 1.1 Energy               -230.754097665097
  RHF One-electron energy            -716.278530651614
  RHF Two-electron energy             280.612086772011
  RHF Kinetic energy                  230.723081821531
  RHF Nuclear energy                  204.912346214506
  RHF Virial quotient                  -1.000134428872

 !RHF STATE 1.1 Dipole moment          -0.00000090     0.00009175    -0.00000032
 Dipole moment /Debye                  -0.00000230     0.00023321    -0.00000083

 Orbital energies:

           1.1          2.1          3.1          4.1          5.1          6.1          7.1          8.1          9.1         10.1
    -11.230594   -11.229996   -11.229996   -11.228708   -11.228708   -11.228077    -1.153826    -1.016321    -1.016321    -0.824639

          11.1         12.1         13.1         14.1         15.1         16.1         17.1         18.1         19.1         20.1
     -0.824638    -0.712246    -0.642608    -0.620368    -0.588739    -0.588738    -0.503286    -0.493717    -0.493716    -0.335968

          21.1         22.1         23.1
     -0.335967     0.136463     0.136463


 HOMO     21.1    -0.335967 =      -9.1421eV
 LUMO     22.1     0.136463 =       3.7133eV
 LUMO-HOMO         0.472430 =      12.8555eV

 Orbitals saved in record  2100.2


 **********************************************************************************************************************************
 DATASETS  * FILE   NREC   LENGTH (MB)   RECORD NAMES
              1      19      163.08       500      610      700      900      950      970     1000      129      960     1100   
                                          VAR    BASINP    GEOM    SYMINP    ZMAT    AOBASIS   BASIS     P2S    ABASIS      S 
                                         1400     1410     1200     1210     1080     1600     1650     1300     1700   
                                           T        V       H0       H01     AOSYM     SMH    MOLCAS    ERIS     OPER   

              2       4        0.86       700     1000      520     2100   
                                         GEOM     BASIS   MCVARS     RHF  

 PROGRAMS   *        TOTAL    HF-SCF    HF-SCF       INT
 CPU TIMES  *       322.19     48.39     34.61      4.96
 REAL TIME  *       109.27 SEC
 DISK USED  *       694.01 MB
 **********************************************************************************************************************************
 Cartesian Coordinates are in [bohr]
 Creating new Variables:
 CX1              -1.84873753
 CY1               0.00004062
 CZ1              -1.85360750
 CX2              -2.52961639
 CY2              -0.00023260
 CZ2               0.67435266
 CX3              -0.68090545
 CY3               0.00019900
 CZ3               2.52785365
 CX4               1.84881440
 CY4              -0.00006329
 CZ4               1.85353057
 CX5               2.52964438
 CY5              -0.00011178
 CZ5              -0.67424725
 CX6               0.68080161
 CY6               0.00011862
 CZ6              -2.52788182
 HX7              -3.28423472
 HY7               0.00009110
 HZ7              -3.29271796
 HX8              -4.49372052
 HY8               0.00008483
 HZ8               1.19778886
 HX9              -1.20942750
 HY9               0.00024781
 HZ9               4.49059499
 HX10              3.28415296
 HY10              0.00010310
 HZ10              3.29279836
 HX11              4.49369085
 HY11             -0.00004044
 HZ11             -1.19789930
 HX12              1.20952686
 HY12              0.00010214
 HZ12             -4.49056870
