
 Running default procedure: HF-SCF000

 PROGRAM * ALASKA (Gradient of the energy)     Author: R. Lindh

 Orbitals from record         2100.2

 Number of closed-shell orbitals:  8 (  7  1 )
 Number of occupied orbitals:      8 (  7  1 )

 Number of electrons= 16     Singlet     Space symmetry=1      Wavefunction type: CLOSED          


 SCF GRADIENT FOR STATE 1.1

 Atom          dE/dx               dE/dy               dE/dz

   1         0.000000000         0.000674883        -0.135313976
   2         0.000000000        -0.009203670         0.007499658
   3         0.000000000         0.009013222         0.007982444
   4         0.000000000        -0.000484435         0.119831874

 Nuclear force contribution to virial =         0.237406432

 Entering BMAT geometry-optimization, modelhes=F
 Reading points 1 to 1 from record 700.2,  wavefunction type=HF-SCF000       

 torquex=-.1113D-08  torquey=0.0000D+00  torquez=0.0000D+00 total=    0.0000

 Entering opt_bmat, project=F  hessinp=F  newcoord=T  MAXIT=100  maxitq=40

 Number of contracted internal coordinates:   6
 Smallest nonzero eigenvalue of G:  0.100D+01
 coord i=   4  type=5 removed because of small gradient:  0.930336D-16
 No hessian update for point  1
 bmat iter=  1  nc=   6  grad=     0.99684964  step=     0.08072972  stepmax=     0.30000000  scale=     1.00000000  de=-0.039062813437
 it=  1  dnq=  0.807D-01  dnx=  0.608D-01
 it=  2  dnq=  0.253D-03  dnx=  0.135D-03
 it=  3  dnq=  0.485D-05  dnx=  0.276D-05
 it=  4  dnq=  0.120D-06  dnx=  0.701D-07
 it=  5  dnq=  0.348D-08  dnx=  0.201D-08
 back transformation to cartesian coordinates converged in  5 iterations
 Bmat iter=  1  dq=   0.08072972  dx=   0.06073520  rms=   0.01753274  de=  -0.0089598855  enext=-113.8976287804

 Optimization point 1

 Variable                      Last           Current        Next           Gradient       Hessian

 E(HF-SCF000) / Hartree      0.00000000  -113.88866889  -113.89762878
 GX1 / ANGSTROM              0.00000000     0.00000000     0.00000000     0.00000000     3.57106483
 GY1 / ANGSTROM              0.00000000     0.00003452    -0.00061028     0.00127534     3.57106483
 GZ1 / ANGSTROM              0.00000000    -0.63470252    -0.60874172    -0.25570636     3.57106483
 GX2 / ANGSTROM              0.00000000     0.00000000     0.00000000     0.00000000     3.57106483
 GY2 / ANGSTROM              0.00000000     0.92449387     0.93611900    -0.01739242     3.57106483
 GZ2 / ANGSTROM              0.00000000    -1.17347419    -1.16083533     0.01417230     3.57106483
 GX3 / ANGSTROM              0.00000000     0.00000000     0.00000000     0.00000000     3.57106483
 GY3 / ANGSTROM              0.00000000    -0.92773122    -0.93979792     0.01703252     3.57106483
 GZ3 / ANGSTROM              0.00000000    -1.16776042    -1.15682991     0.01508463     3.57106483
 GX4 / ANGSTROM              0.00000000     0.00000000     0.00000000     0.00000000     3.57106483
 GY4 / ANGSTROM              0.00000000     0.00017808     0.00126445    -0.00091545     3.57106483
 GZ4 / ANGSTROM              0.00000000     0.62369748     0.57416730     0.22644942     3.57106483
 Convergence:                0.00000000  (line search)     0.11477289     0.18153829  (total)

 Geometry written to block  2 of record 700


 Recomputing integrals since geometry changed


 PROGRAM * SEWARD (Integral evaluation for generally contracted gaussian basis sets)     Author: Roland Lindh, 1990

 Geometry written to block  2 of record 700


 Point group  Cs  



 ATOMIC COORDINATES

 NR  ATOM    CHARGE       X              Y              Z

   1  C       6.00    0.000000000   -0.001153267   -1.150355129
   2  H       1.00    0.000000000    1.769008539   -2.193660845
   3  H       1.00    0.000000000   -1.775960684   -2.186091696
   4  O       8.00    0.000000000    0.002389471    1.085018938

 Bond lengths in Bohr (Angstrom)

 1-2  2.054740771  1-3  2.054918881  1-4  2.235376874
     ( 1.087321991)     ( 1.087416242)     ( 1.182910499)

 Bond angles

  2-1-3  119.21871948   2-1-4  120.42362794   3-1-4  120.35765258

 NUCLEAR CHARGE:                   16
 NUMBER OF PRIMITIVE AOS:          80
 NUMBER OF SYMMETRY AOS:           78
 NUMBER OF CONTRACTIONS:           48   (   36A'  +   12A"  )
 NUMBER OF INNER CORE ORBITALS:     0   (    0A'  +    0A"  )
 NUMBER OF OUTER CORE ORBITALS:     2   (    2A'  +    0A"  )
 NUMBER OF VALENCE ORBITALS:       10   (    8A'  +    2A"  )


 NUCLEAR REPULSION ENERGY   31.89156406

 Eigenvalues of metric

         1 0.125E-01 0.214E-01 0.271E-01 0.311E-01 0.465E-01 0.668E-01 0.976E-01 0.108E+00
         2 0.154E+00 0.210E+00 0.368E+00 0.480E+00 0.494E+00 0.890E+00 0.934E+00 0.999E+00


 Contracted 2-electron integrals neglected if value below      1.0D-14
 AO integral compression algorithm  1   Integral accuracy      1.0D-14

     4.194 MB (compressed) written to integral file (100.0%)

     Node minimum: 0.524 MB, node maximum: 1.049 MB


 NUMBER OF SORTED TWO-ELECTRON INTEGRALS:      75125.     BUFFER LENGTH:  32768
 NUMBER OF SEGMENTS:   1  SEGMENT LENGTH:      75125      RECORD LENGTH: 524288

 Memory used in sort:       0.63 MW

 SORT1 READ      497818. AND WROTE       72348. INTEGRALS IN      1 RECORDS. CPU TIME:     0.02 SEC, REAL TIME:     0.03 SEC
 SORT2 READ      368532. AND WROTE      381036. INTEGRALS IN     20 RECORDS. CPU TIME:     0.01 SEC, REAL TIME:     0.01 SEC

 Node minimum:       74977.  Node maximum:       77273. integrals

 OPERATOR DM      FOR CENTER  0  COORDINATES:    0.000000    0.000000    0.000000

 Program * Restricted Hartree-Fock

 Molecular orbitals read from record     2100.2  Type=RHF/CANONICAL  

 NELEC=   16   SYM=1   MS2= 0   THRE=1.0D-08   THRD=1.0D-06   THRG=1.0D-06  HFMA2=F  DIIS_START=2   DIIS_MAX=10   DIIS_INCORE=F

 Level shifts:    0.00 (CLOSED)    0.00 (OPEN)    0.30 (GAP_MIN)

 ITER           ETOT              DE          GRAD        DDIFF     DIIS  NEXP   TIME(IT)  TIME(TOT)  DIAG
   1     -113.89413223    -113.89413223     0.00D+00     0.88D-01     0     0       0.03      0.03    start
   2     -113.89826774      -0.00413551     0.49D-02     0.26D-02     1     0       0.00      0.03    diag
   3     -113.89864867      -0.00038093     0.13D-02     0.11D-02     2     0       0.01      0.04    diag
   4     -113.89872086      -0.00007218     0.60D-03     0.40D-03     3     0       0.01      0.05    diag
   5     -113.89872974      -0.00000888     0.19D-03     0.16D-03     4     0       0.01      0.06    diag
   6     -113.89873046      -0.00000072     0.45D-04     0.62D-04     5     0       0.00      0.06    diag
   7     -113.89873049      -0.00000003     0.78D-05     0.16D-04     6     0       0.02      0.08    diag
   8     -113.89873049      -0.00000000     0.13D-05     0.15D-05     7     0       0.00      0.08    fixocc
   9     -113.89873049      -0.00000000     0.19D-06     0.26D-06     8     0       0.01      0.09    diag
  10     -113.89873049      -0.00000000     0.70D-07     0.81D-07     0     0       0.03      0.12    diag/orth

 Final occupancy:   7   1

 !RHF STATE 1.1 Energy               -113.898730487197
  RHF One-electron energy            -218.557156964831
  RHF Two-electron energy              72.766862412906
  RHF Kinetic energy                  113.932102368679
  RHF Nuclear energy                   31.891564064728
  RHF Virial quotient                  -0.999707089742

 !RHF STATE 1.1 Dipole moment           0.00000000    -0.00154175    -1.05112063
 Dipole moment /Debye                   0.00000000    -0.00391873    -2.67168215

 Orbital energies:

           1.1          2.1          3.1          4.1          5.1          6.1          7.1          8.1          9.1
    -20.565558   -11.330296    -1.417637    -0.865294    -0.703421    -0.652286    -0.436934     0.160460     0.211336

           1.2          2.2          3.2
     -0.540290     0.136966     0.573888


 HOMO      7.1    -0.436934 =     -11.8896eV
 LUMO      2.2     0.136966 =       3.7270eV
 LUMO-HOMO         0.573900 =      15.6166eV

 Orbitals saved in record  2100.2


 **********************************************************************************************************************************
 DATASETS  * FILE   NREC   LENGTH (MB)   RECORD NAMES
              1      18       28.66       500      610      700      900      950      970     1000      129      960     1100   
                                          VAR    BASINP    GEOM    SYMINP    ZMAT    AOBASIS   BASIS     P2S    ABASIS      S 
                                         1400     1410     1200     1210     1080     1600     1650     1700   
                                           T        V       H0       H01     AOSYM     SMH    MOLCAS    OPER   

              2       4        0.42       700     1000      520     2100   
                                         GEOM     BASIS   MCVARS     RHF  

              3       2        0.05      1000     8000   
                                         BASIS   

 PROGRAMS   *        TOTAL    HF-SCF    HF-SCF       INT
 CPU TIMES  *         1.25      0.29      0.13      0.22
 REAL TIME  *         0.92 SEC
 DISK USED  *        29.23 MB (local),      168.93 MB (total)
 SF USED    *         0.02 MB
 GA USED    *         0.00 MB       (max)       0.00 MB       (current)
 **********************************************************************************************************************************

 PROGRESS OF GEOMETRY OPTIMIZATION.    TOTAL CPU:         0.8 SEC
   1  -113.88866889  -113.89873049    -0.01006159  0.13531398  0.18153829  0.05240559  0.09359848  0.11477289  0.05738644

 **********************************************************************************************************************************

 Current geometry (xyz format, in Angstrom)

    4
 HF-SCF000/6-311G(D,P)  ENERGY=-113.89873049
 C          0.0000000000       -0.0006102827       -0.6087417185
 H          0.0000000000        0.9361190046       -1.1608353279
 H          0.0000000000       -0.9397979215       -1.1568299067
 O          0.0000000000        0.0012644534        0.5741672952

 **********************************************************************************************************************************

 PROGRAM * ALASKA (Gradient of the energy)     Author: R. Lindh

 Orbitals from record         2100.2

 Number of closed-shell orbitals:  8 (  7  1 )
 Number of occupied orbitals:      8 (  7  1 )

 Number of electrons= 16     Singlet     Space symmetry=1      Wavefunction type: CLOSED          


 SCF GRADIENT FOR STATE 1.1

 Atom          dE/dx               dE/dy               dE/dz

   1         0.000000000         0.000177023        -0.017406461
   2         0.000000000        -0.000539853         0.006945057
   3         0.000000000         0.000470059         0.007025757
   4         0.000000000        -0.000107228         0.003435647

 Nuclear force contribution to virial =        -0.008632967

 Entering BMAT geometry-optimization, modelhes=F
 Reading points 1 to 2 from record 700.2,  wavefunction type=HF-SCF000       

 torquex=-.9245D-09  torquey=0.0000D+00  torquez=0.0000D+00 total=    0.0000

 Entering opt_bmat, project=F  hessinp=F  newcoord=F  MAXIT=100  maxitq=40
 Smallest nonzero eigenvalue of G:  0.100D+01
 coord i=   4  type=5 removed because of small gradient: -0.302366D-17
 BFGS update of hessian using  1 points
 bmat iter=  2  nc=   6  grad=     0.06871672  step=     0.04586337  stepmax=     0.30000000  scale=     1.00000000  de=-0.001224510970
 it=  1  dnq=  0.459D-01  dnx=  0.195D-01
 it=  2  dnq=  0.378D-03  dnx=  0.308D-03
 it=  3  dnq=  0.639D-05  dnx=  0.343D-05
 it=  4  dnq=  0.142D-06  dnx=  0.983D-07
 it=  5  dnq=  0.178D-08  dnx=  0.132D-08
 back transformation to cartesian coordinates converged in  5 iterations
 Bmat iter=  2  dq=   0.04586337  dx=   0.01961612  rms=   0.00566269  de=  -0.0002808676  enext=-113.8990113548

 Optimization point 2

 Variable                      Last           Current        Next           Gradient       Hessian

 E(HF-SCF000) / Hartree   -113.88866889  -113.89873049  -113.89901135
 GX1 / ANGSTROM              0.00000000     0.00000000     0.00000000     0.00000000     3.57106483
 GY1 / ANGSTROM              0.00003452    -0.00061028    -0.00078548     0.00033452     3.57106483
 GZ1 / ANGSTROM             -0.63470252    -0.60874172    -0.59738958    -0.03289344     3.57106483
 GX2 / ANGSTROM              0.00000000     0.00000000     0.00000000     0.00000000     3.57106483
 GY2 / ANGSTROM              0.92449387     0.93611900     0.93162095    -0.00102017     3.57106483
 GZ2 / ANGSTROM             -1.17347419    -1.16083533    -1.16978540     0.01312426     3.57106483
 GX3 / ANGSTROM              0.00000000     0.00000000     0.00000000     0.00000000     3.57106483
 GY3 / ANGSTROM             -0.92773122    -0.93979792    -0.93541655     0.00088828     3.57106483
 GZ3 / ANGSTROM             -1.16776042    -1.15682991    -1.16619756     0.01327676     3.57106483
 GX4 / ANGSTROM              0.00000000     0.00000000     0.00000000     0.00000000     3.57106483
 GY4 / ANGSTROM              0.00017808     0.00126445     0.00155634    -0.00020263     3.57106483
 GZ4 / ANGSTROM              0.62369748     0.57416730     0.58113289     0.00649243     3.57106483
 Convergence:                0.00000000  (line search)     0.03706909     0.02032090  (total)

 Geometry written to block  3 of record 700


 Recomputing integrals since geometry changed


 PROGRAM * SEWARD (Integral evaluation for generally contracted gaussian basis sets)     Author: Roland Lindh, 1990

 Geometry written to block  3 of record 700


 Point group  Cs  



 ATOMIC COORDINATES

 NR  ATOM    CHARGE       X              Y              Z

   1  C       6.00    0.000000000   -0.001484339   -1.128902696
   2  H       1.00    0.000000000    1.760508446   -2.210574038
   3  H       1.00    0.000000000   -1.767681100   -2.203793994
   4  O       8.00    0.000000000    0.002941051    1.098181995

 Bond lengths in Bohr (Angstrom)

 1-2  2.067518190  1-3  2.067569177  1-4  2.227089088
     ( 1.094083509)     ( 1.094110491)     ( 1.178524792)

 Bond angles

  2-1-3  117.13030079   2-1-4  121.43153432   3-1-4  121.43816489

 NUCLEAR CHARGE:                   16
 NUMBER OF PRIMITIVE AOS:          80
 NUMBER OF SYMMETRY AOS:           78
 NUMBER OF CONTRACTIONS:           48   (   36A'  +   12A"  )
 NUMBER OF INNER CORE ORBITALS:     0   (    0A'  +    0A"  )
 NUMBER OF OUTER CORE ORBITALS:     2   (    2A'  +    0A"  )
 NUMBER OF VALENCE ORBITALS:       10   (    8A'  +    2A"  )


 NUCLEAR REPULSION ENERGY   31.91067694

 Eigenvalues of metric

         1 0.126E-01 0.223E-01 0.271E-01 0.322E-01 0.463E-01 0.661E-01 0.975E-01 0.109E+00
         2 0.154E+00 0.210E+00 0.365E+00 0.491E+00 0.491E+00 0.892E+00 0.934E+00 0.999E+00


 Contracted 2-electron integrals neglected if value below      1.0D-14
 AO integral compression algorithm  1   Integral accuracy      1.0D-14

     4.194 MB (compressed) written to integral file (100.0%)

     Node minimum: 0.524 MB, node maximum: 1.049 MB


 NUMBER OF SORTED TWO-ELECTRON INTEGRALS:      75125.     BUFFER LENGTH:  32768
 NUMBER OF SEGMENTS:   1  SEGMENT LENGTH:      75125      RECORD LENGTH: 524288

 Memory used in sort:       0.63 MW

 SORT1 READ      497818. AND WROTE       72348. INTEGRALS IN      1 RECORDS. CPU TIME:     0.01 SEC, REAL TIME:     0.01 SEC
 SORT2 READ      368536. AND WROTE      381036. INTEGRALS IN     15 RECORDS. CPU TIME:     0.00 SEC, REAL TIME:     0.00 SEC

 Node minimum:       74977.  Node maximum:       77273. integrals

 OPERATOR DM      FOR CENTER  0  COORDINATES:    0.000000    0.000000    0.000000

 Program * Restricted Hartree-Fock

 Molecular orbitals read from record     2100.2  Type=RHF/CANONICAL  

 NELEC=   16   SYM=1   MS2= 0   THRE=1.0D-08   THRD=1.0D-06   THRG=1.0D-06  HFMA2=F  DIIS_START=2   DIIS_MAX=10   DIIS_INCORE=F

 Level shifts:    0.00 (CLOSED)    0.00 (OPEN)    0.30 (GAP_MIN)

 ITER           ETOT              DE          GRAD        DDIFF     DIIS  NEXP   TIME(IT)  TIME(TOT)  DIAG
   1     -113.89901707    -113.89901707     0.00D+00     0.87D-01     0     0       0.01      0.03    start
   2     -113.89908701      -0.00006994     0.58D-03     0.35D-03     1     0       0.01      0.04    diag
   3     -113.89909396      -0.00000695     0.19D-03     0.14D-03     2     0       0.00      0.04    diag
   4     -113.89909624      -0.00000228     0.11D-03     0.59D-04     3     0       0.00      0.04    diag
   5     -113.89909641      -0.00000017     0.20D-04     0.28D-04     4     0       0.02      0.06    diag
   6     -113.89909642      -0.00000001     0.39D-05     0.67D-05     5     0       0.01      0.07    diag
   7     -113.89909642      -0.00000000     0.17D-05     0.27D-05     6     0       0.00      0.07    diag
   8     -113.89909642      -0.00000000     0.55D-06     0.95D-06     7     0       0.02      0.09    fixocc
   9     -113.89909642      -0.00000000     0.97D-07     0.11D-06     0     0       0.00      0.09    diag

 Final occupancy:   7   1

 !RHF STATE 1.1 Energy               -113.899096422739
  RHF One-electron energy            -218.581303393670
  RHF Two-electron energy              72.771530030596
  RHF Kinetic energy                  113.927932813410
  RHF Nuclear energy                   31.910676940334
  RHF Virial quotient                  -0.999746889196

 !RHF STATE 1.1 Dipole moment           0.00000000    -0.00206908    -1.04152187
 Dipole moment /Debye                   0.00000000    -0.00525908    -2.64728453

 Orbital energies:

           1.1          2.1          3.1          4.1          5.1          6.1          7.1          8.1          9.1
    -20.566854   -11.331789    -1.421273    -0.864311    -0.700472    -0.655342    -0.435833     0.159698     0.212630

           1.2          2.2          3.2
     -0.543248     0.137732     0.573365


 HOMO      7.1    -0.435833 =     -11.8596eV
 LUMO      2.2     0.137732 =       3.7479eV
 LUMO-HOMO         0.573565 =      15.6075eV

 Orbitals saved in record  2100.2


 **********************************************************************************************************************************
 DATASETS  * FILE   NREC   LENGTH (MB)   RECORD NAMES
              1      18       28.66       500      610      700      900      950      970     1000      129      960     1100   
                                          VAR    BASINP    GEOM    SYMINP    ZMAT    AOBASIS   BASIS     P2S    ABASIS      S 
                                         1400     1410     1200     1210     1080     1600     1650     1700   
                                           T        V       H0       H01     AOSYM     SMH    MOLCAS    OPER   

              2       4        0.42       700     1000      520     2100   
                                         GEOM     BASIS   MCVARS     RHF  

              3       2        0.05      1000     8000   
                                         BASIS   

 PROGRAMS   *        TOTAL    HF-SCF    HF-SCF       INT
 CPU TIMES  *         2.14      0.28      0.13      0.22
 REAL TIME  *         1.40 SEC
 DISK USED  *        29.23 MB (local),      168.94 MB (total)
 SF USED    *         0.02 MB
 GA USED    *         0.00 MB       (max)       0.00 MB       (current)
 **********************************************************************************************************************************

 PROGRESS OF GEOMETRY OPTIMIZATION.    TOTAL CPU:         1.7 SEC
   1  -113.88866889  -113.89873049    -0.01006159  0.13531398  0.18153829  0.05240559  0.09359848  0.11477289  0.05738644
   2  -113.89873049  -113.89909642    -0.00036594  0.01740646  0.02032090  0.00586614  0.02145243  0.03706909  0.01853454

 **********************************************************************************************************************************

 Current geometry (xyz format, in Angstrom)

    4
 HF-SCF000/6-311G(D,P)  ENERGY=-113.89909642
 C          0.0000000000       -0.0007854783       -0.5973895802
 H          0.0000000000        0.9316209493       -1.1697854038
 H          0.0000000000       -0.9354165545       -1.1661975594
 O          0.0000000000        0.0015563372        0.5811328854

 **********************************************************************************************************************************

 PROGRAM * ALASKA (Gradient of the energy)     Author: R. Lindh

 Orbitals from record         2100.2

 Number of closed-shell orbitals:  8 (  7  1 )
 Number of occupied orbitals:      8 (  7  1 )

 Number of electrons= 16     Singlet     Space symmetry=1      Wavefunction type: CLOSED          


 SCF GRADIENT FOR STATE 1.1

 Atom          dE/dx               dE/dy               dE/dz

   1         0.000000000        -0.000006206        -0.002397811
   2         0.000000000         0.001087803         0.002153801
   3         0.000000000        -0.001089570         0.002136987
   4         0.000000000         0.000007973        -0.001892978

 Nuclear force contribution to virial =        -0.005001426

 Entering BMAT geometry-optimization, modelhes=F
 Reading points 1 to 3 from record 700.2,  wavefunction type=HF-SCF000       

 torquex=0.1615D-07  torquey=0.0000D+00  torquez=0.0000D+00 total=    0.0000

 Entering opt_bmat, project=F  hessinp=F  newcoord=F  MAXIT=100  maxitq=40
 Smallest nonzero eigenvalue of G:  0.100D+01
 coord i=   4  type=5 removed because of small gradient:  0.221502D-17
 BFGS update of hessian using  2 points
 bmat iter=  3  nc=   6  grad=     0.02365804  step=     0.02812906  stepmax=     0.30000000  scale=     1.00000000  de=-0.000252327448
 it=  1  dnq=  0.281D-01  dnx=  0.139D-01
 it=  2  dnq=  0.106D-03  dnx=  0.997D-04
 it=  3  dnq=  0.182D-05  dnx=  0.874D-06
 it=  4  dnq=  0.143D-07  dnx=  0.133D-07
 it=  5  dnq=  0.236D-09  dnx=  0.111D-09
 back transformation to cartesian coordinates converged in  5 iterations
 Bmat iter=  3  dq=   0.02812906  dx=   0.01397620  rms=   0.00403458  de=  -0.0000578767  enext=-113.8991542994

 Optimization point 3

 Variable                      Last           Current        Next           Gradient       Hessian

 E(HF-SCF000) / Hartree   -113.89873049  -113.89909642  -113.89915430
 GX1 / ANGSTROM              0.00000000     0.00000000     0.00000000     0.00000000     3.57106483
 GY1 / ANGSTROM             -0.00061028    -0.00078548    -0.00078217    -0.00001173     3.57106483
 GZ1 / ANGSTROM             -0.60874172    -0.59738958    -0.59186438    -0.00453121     3.57106483
 GX2 / ANGSTROM              0.00000000     0.00000000     0.00000000     0.00000000     3.57106483
 GY2 / ANGSTROM              0.93611900     0.93162095     0.92591302     0.00205565     3.57106483
 GZ2 / ANGSTROM             -1.16083533    -1.16978540    -1.17549251     0.00407009     3.57106483
 GX3 / ANGSTROM              0.00000000     0.00000000     0.00000000     0.00000000     3.57106483
 GY3 / ANGSTROM             -0.93979792    -0.93541655    -0.92971076    -0.00205899     3.57106483
 GZ3 / ANGSTROM             -1.15682991    -1.16619756    -1.17189808     0.00403832     3.57106483
 GX4 / ANGSTROM              0.00000000     0.00000000     0.00000000     0.00000000     3.57106483
 GY4 / ANGSTROM              0.00126445     0.00155634     0.00155517     0.00001507     3.57106483
 GZ4 / ANGSTROM              0.57416730     0.58113289     0.58701532    -0.00357721     3.57106483
 Convergence:                0.00000000  (line search)     0.02641120     0.00457264  (total)

 Geometry written to block  4 of record 700


 Recomputing integrals since geometry changed


 PROGRAM * SEWARD (Integral evaluation for generally contracted gaussian basis sets)     Author: Roland Lindh, 1990

 Geometry written to block  4 of record 700


 Point group  Cs  



 ATOMIC COORDINATES

 NR  ATOM    CHARGE       X              Y              Z

   1  C       6.00    0.000000000   -0.001478095   -1.118461590
   2  H       1.00    0.000000000    1.749722025   -2.221358901
   3  H       1.00    0.000000000   -1.756898719   -2.214566419
   4  O       8.00    0.000000000    0.002938846    1.109298177

 Bond lengths in Bohr (Angstrom)

 1-2  2.069561389  1-3  2.069528295  1-4  2.227764145
     ( 1.095164723)     ( 1.095147211)     ( 1.178882017)

 Bond angles

  2-1-3  115.81634613   2-1-4  122.08892479   3-1-4  122.09472907

 NUCLEAR CHARGE:                   16
 NUMBER OF PRIMITIVE AOS:          80
 NUMBER OF SYMMETRY AOS:           78
 NUMBER OF CONTRACTIONS:           48   (   36A'  +   12A"  )
 NUMBER OF INNER CORE ORBITALS:     0   (    0A'  +    0A"  )
 NUMBER OF OUTER CORE ORBITALS:     2   (    2A'  +    0A"  )
 NUMBER OF VALENCE ORBITALS:       10   (    8A'  +    2A"  )


 NUCLEAR REPULSION ENERGY   31.88405080

 Eigenvalues of metric

         1 0.127E-01 0.227E-01 0.268E-01 0.327E-01 0.460E-01 0.659E-01 0.974E-01 0.108E+00
         2 0.154E+00 0.210E+00 0.366E+00 0.488E+00 0.495E+00 0.893E+00 0.934E+00 0.999E+00


 Contracted 2-electron integrals neglected if value below      1.0D-14
 AO integral compression algorithm  1   Integral accuracy      1.0D-14

     4.456 MB (compressed) written to integral file (100.0%)

     Node minimum: 0.524 MB, node maximum: 1.049 MB


 NUMBER OF SORTED TWO-ELECTRON INTEGRALS:      75125.     BUFFER LENGTH:  32768
 NUMBER OF SEGMENTS:   1  SEGMENT LENGTH:      75125      RECORD LENGTH: 524288

 Memory used in sort:       0.63 MW

 SORT1 READ      497818. AND WROTE       72348. INTEGRALS IN      1 RECORDS. CPU TIME:     0.00 SEC, REAL TIME:     0.01 SEC
 SORT2 READ      368536. AND WROTE      381036. INTEGRALS IN     20 RECORDS. CPU TIME:     0.00 SEC, REAL TIME:     0.01 SEC

 Node minimum:       74977.  Node maximum:       77273. integrals

 OPERATOR DM      FOR CENTER  0  COORDINATES:    0.000000    0.000000    0.000000

 Program * Restricted Hartree-Fock

 Molecular orbitals read from record     2100.2  Type=RHF/CANONICAL  

 NELEC=   16   SYM=1   MS2= 0   THRE=1.0D-08   THRD=1.0D-06   THRG=1.0D-06  HFMA2=F  DIIS_START=2   DIIS_MAX=10   DIIS_INCORE=F

 Level shifts:    0.00 (CLOSED)    0.00 (OPEN)    0.30 (GAP_MIN)

 ITER           ETOT              DE          GRAD        DDIFF     DIIS  NEXP   TIME(IT)  TIME(TOT)  DIAG
   1     -113.89914173    -113.89914173     0.00D+00     0.87D-01     0     0       0.03      0.03    start
   2     -113.89915269      -0.00001097     0.22D-03     0.15D-03     1     0       0.00      0.03    diag
   3     -113.89915354      -0.00000085     0.60D-04     0.52D-04     2     0       0.00      0.03    diag
   4     -113.89915376      -0.00000022     0.32D-04     0.18D-04     3     0       0.01      0.04    diag
   5     -113.89915379      -0.00000003     0.96D-05     0.99D-05     4     0       0.00      0.04    diag
   6     -113.89915379      -0.00000000     0.26D-05     0.31D-05     5     0       0.00      0.04    diag
   7     -113.89915379      -0.00000000     0.10D-05     0.17D-05     6     0       0.02      0.06    diag
   8     -113.89915379      -0.00000000     0.21D-06     0.36D-06     7     0       0.00      0.06    fixocc
   9     -113.89915379      -0.00000000     0.14D-07     0.15D-07     0     0       0.01      0.07    diag

 Final occupancy:   7   1

 !RHF STATE 1.1 Energy               -113.899153793414
  RHF One-electron energy            -218.523743735543
  RHF Two-electron energy              72.740539137338
  RHF Kinetic energy                  113.920743869627
  RHF Nuclear energy                   31.884050804791
  RHF Virial quotient                  -0.999810481608

 !RHF STATE 1.1 Dipole moment           0.00000000    -0.00208427    -1.04338350
 Dipole moment /Debye                   0.00000000    -0.00529769    -2.65201634

 Orbital energies:

           1.1          2.1          3.1          4.1          5.1          6.1          7.1          8.1          9.1
    -20.567682   -11.332571    -1.421310    -0.865277    -0.698667    -0.656468    -0.435805     0.159317     0.213234

           1.2          2.2          3.2
     -0.543553     0.137278     0.573211


 HOMO      7.1    -0.435805 =     -11.8589eV
 LUMO      2.2     0.137278 =       3.7355eV
 LUMO-HOMO         0.573083 =      15.5944eV

 Orbitals saved in record  2100.2


 **********************************************************************************************************************************
 DATASETS  * FILE   NREC   LENGTH (MB)   RECORD NAMES
              1      18       28.66       500      610      700      900      950      970     1000      129      960     1100   
                                          VAR    BASINP    GEOM    SYMINP    ZMAT    AOBASIS   BASIS     P2S    ABASIS      S 
                                         1400     1410     1200     1210     1080     1600     1650     1700   
                                           T        V       H0       H01     AOSYM     SMH    MOLCAS    OPER   

              2       4        0.42       700     1000      520     2100   
                                         GEOM     BASIS   MCVARS     RHF  

              3       2        0.05      1000     8000   
                                         BASIS   

 PROGRAMS   *        TOTAL    HF-SCF    HF-SCF       INT
 CPU TIMES  *         2.87      0.25      0.13      0.22
 REAL TIME  *         1.83 SEC
 DISK USED  *        29.23 MB (local),      168.94 MB (total)
 SF USED    *         0.02 MB
 GA USED    *         0.00 MB       (max)       0.00 MB       (current)
 **********************************************************************************************************************************

 PROGRESS OF GEOMETRY OPTIMIZATION.    TOTAL CPU:         2.4 SEC
   1  -113.88866889  -113.89873049    -0.01006159  0.13531398  0.18153829  0.05240559  0.09359848  0.11477289  0.05738644
   2  -113.89873049  -113.89909642    -0.00036594  0.01740646  0.02032090  0.00586614  0.02145243  0.03706909  0.01853454
   3  -113.89909642  -113.89915379    -0.00005737  0.00239781  0.00457264  0.00132001  0.01111618  0.02641120  0.01320560

 **********************************************************************************************************************************

 Current geometry (xyz format, in Angstrom)

    4
 HF-SCF000/6-311G(D,P)  ENERGY=-113.89915379
 C          0.0000000000       -0.0007821743       -0.5918643845
 H          0.0000000000        0.9259130212       -1.1754925076
 H          0.0000000000       -0.9297107637       -1.1718980810
 O          0.0000000000        0.0015551705        0.5870153152

 **********************************************************************************************************************************

 PROGRAM * ALASKA (Gradient of the energy)     Author: R. Lindh

 Orbitals from record         2100.2

 Number of closed-shell orbitals:  8 (  7  1 )
 Number of occupied orbitals:      8 (  7  1 )

 Number of electrons= 16     Singlet     Space symmetry=1      Wavefunction type: CLOSED          


 SCF GRADIENT FOR STATE 1.1

 Atom          dE/dx               dE/dy               dE/dz

   1         0.000000000        -0.000023576        -0.000262604
   2         0.000000000         0.000203311        -0.000119442
   3         0.000000000        -0.000190264        -0.000122314
   4         0.000000000         0.000010529         0.000504361

 Nuclear force contribution to virial =         0.002079475

 Entering BMAT geometry-optimization, modelhes=F
 Reading points 1 to 4 from record 700.2,  wavefunction type=HF-SCF000       

 torquex=0.1429D-09  torquey=0.0000D+00  torquez=0.0000D+00 total=    0.0000

 Entering opt_bmat, project=F  hessinp=F  newcoord=F  MAXIT=100  maxitq=40
 Smallest nonzero eigenvalue of G:  0.100D+01
 coord i=   4  type=5 removed because of small gradient: -0.221228D-18
 BFGS update of hessian using  3 points
 bmat iter=  4  nc=   6  grad=     0.00495124  step=     0.00058671  stepmax=     0.30000000  scale=     1.00000000  de=-0.000001255503
 it=  1  dnq=  0.587D-03  dnx=  0.566D-03
 it=  2  dnq=  0.573D-07  dnx=  0.286D-07
 it=  3  dnq=  0.168D-10  dnx=  0.839D-11
 back transformation to cartesian coordinates converged in  3 iterations
 Bmat iter=  4  dq=   0.00058671  dx=   0.00056558  rms=   0.00016327  de=  -0.0000002880  enext=-113.8991540814

 Optimization point 4

 Variable                      Last           Current        Next           Gradient       Hessian

 E(HF-SCF000) / Hartree   -113.89909642  -113.89915379  -113.89915408
 GX1 / ANGSTROM              0.00000000     0.00000000     0.00000000     0.00000000     3.57106483
 GY1 / ANGSTROM             -0.00078548    -0.00078217    -0.00076582    -0.00004455     3.57106483
 GZ1 / ANGSTROM             -0.59738958    -0.59186438    -0.59184325    -0.00049625     3.57106483
 GX2 / ANGSTROM              0.00000000     0.00000000     0.00000000     0.00000000     3.57106483
 GY2 / ANGSTROM              0.93162095     0.92591302     0.92559190     0.00038420     3.57106483
 GZ2 / ANGSTROM             -1.16978540    -1.17549251    -1.17537478    -0.00022571     3.57106483
 GX3 / ANGSTROM              0.00000000     0.00000000     0.00000000     0.00000000     3.57106483
 GY3 / ANGSTROM             -0.93541655    -0.92971076    -0.92938763    -0.00035955     3.57106483
 GZ3 / ANGSTROM             -1.16619756    -1.17189808    -1.17175800    -0.00023114     3.57106483
 GX4 / ANGSTROM              0.00000000     0.00000000     0.00000000     0.00000000     3.57106483
 GY4 / ANGSTROM              0.00155634     0.00155517     0.00153680     0.00001990     3.57106483
 GZ4 / ANGSTROM              0.58113289     0.58701532     0.58673637     0.00095310     3.57106483
 Convergence:                0.00000000  (line search)     0.00106879     0.00065633  (total)

 Geometry written to block  5 of record 700


 Recomputing integrals since geometry changed


 PROGRAM * SEWARD (Integral evaluation for generally contracted gaussian basis sets)     Author: Roland Lindh, 1990

 Geometry written to block  5 of record 700


 Point group  Cs  



 ATOMIC COORDINATES

 NR  ATOM    CHARGE       X              Y              Z

   1  C       6.00    0.000000000   -0.001447188   -1.118421653
   2  H       1.00    0.000000000    1.749115198   -2.221136424
   3  H       1.00    0.000000000   -1.756288075   -2.214301704
   4  O       8.00    0.000000000    0.002904124    1.108771047

 Bond lengths in Bohr (Angstrom)

 1-2  2.068924487  1-3  2.068917501  1-4  2.227196951
     ( 1.094827690)     ( 1.094823993)     ( 1.178581870)

 Bond angles

  2-1-3  115.80798858   2-1-4  122.09571851   3-1-4  122.09629292

 NUCLEAR CHARGE:                   16
 NUMBER OF PRIMITIVE AOS:          80
 NUMBER OF SYMMETRY AOS:           78
 NUMBER OF CONTRACTIONS:           48   (   36A'  +   12A"  )
 NUMBER OF INNER CORE ORBITALS:     0   (    0A'  +    0A"  )
 NUMBER OF OUTER CORE ORBITALS:     2   (    2A'  +    0A"  )
 NUMBER OF VALENCE ORBITALS:       10   (    8A'  +    2A"  )


 NUCLEAR REPULSION ENERGY   31.89247798

 Eigenvalues of metric

         1 0.126E-01 0.226E-01 0.268E-01 0.326E-01 0.459E-01 0.659E-01 0.974E-01 0.108E+00
         2 0.154E+00 0.210E+00 0.365E+00 0.488E+00 0.495E+00 0.893E+00 0.934E+00 0.999E+00


 Contracted 2-electron integrals neglected if value below      1.0D-14
 AO integral compression algorithm  1   Integral accuracy      1.0D-14

     4.194 MB (compressed) written to integral file (100.0%)

     Node minimum: 0.524 MB, node maximum: 1.049 MB


 NUMBER OF SORTED TWO-ELECTRON INTEGRALS:      75125.     BUFFER LENGTH:  32768
 NUMBER OF SEGMENTS:   1  SEGMENT LENGTH:      75125      RECORD LENGTH: 524288

 Memory used in sort:       0.63 MW

 SORT1 READ      497818. AND WROTE       72348. INTEGRALS IN      1 RECORDS. CPU TIME:     0.00 SEC, REAL TIME:     0.01 SEC
 SORT2 READ      368536. AND WROTE      381036. INTEGRALS IN     20 RECORDS. CPU TIME:     0.01 SEC, REAL TIME:     0.01 SEC

 Node minimum:       74977.  Node maximum:       77273. integrals

 OPERATOR DM      FOR CENTER  0  COORDINATES:    0.000000    0.000000    0.000000

 Program * Restricted Hartree-Fock

 Molecular orbitals read from record     2100.2  Type=RHF/CANONICAL  

 NELEC=   16   SYM=1   MS2= 0   THRE=1.0D-08   THRD=1.0D-07   THRG=1.0D-07  HFMA2=F  DIIS_START=2   DIIS_MAX=10   DIIS_INCORE=F

 Level shifts:    0.00 (CLOSED)    0.00 (OPEN)    0.30 (GAP_MIN)

 ITER           ETOT              DE          GRAD        DDIFF     DIIS  NEXP   TIME(IT)  TIME(TOT)  DIAG
   1     -113.89915393    -113.89915393     0.00D+00     0.87D-01     0     0       0.01      0.03    start
   2     -113.89915402      -0.00000010     0.25D-04     0.12D-04     1     0       0.01      0.04    diag
   3     -113.89915403      -0.00000001     0.55D-05     0.48D-05     2     0       0.00      0.04    diag
   4     -113.89915403      -0.00000000     0.16D-05     0.12D-05     3     0       0.01      0.05    diag
   5     -113.89915403      -0.00000000     0.33D-06     0.54D-06     4     0       0.01      0.06    diag
   6     -113.89915403      -0.00000000     0.80D-07     0.93D-07     5     0       0.00      0.06    diag
   7     -113.89915403      -0.00000000     0.48D-07     0.36D-07     0     0       0.00      0.06    diag

 Final occupancy:   7   1

 !RHF STATE 1.1 Energy               -113.899154031635
  RHF One-electron energy            -218.539806477624
  RHF Two-electron energy              72.748174466379
  RHF Kinetic energy                  113.923133306104
  RHF Nuclear energy                   31.892477979609
  RHF Virial quotient                  -0.999789513563

 !RHF STATE 1.1 Dipole moment           0.00000000    -0.00203985    -1.04289783
 Dipole moment /Debye                   0.00000000    -0.00518479    -2.65078188

 Orbital energies:

           1.1          2.1          3.1          4.1          5.1          6.1          7.1          8.1          9.1
    -20.567644   -11.332434    -1.421500    -0.865336    -0.698802    -0.656558    -0.435783     0.159363     0.213266

           1.2          2.2          3.2
     -0.543673     0.137375     0.573206


 HOMO      7.1    -0.435783 =     -11.8583eV
 LUMO      2.2     0.137375 =       3.7382eV
 LUMO-HOMO         0.573159 =      15.5964eV

 Orbitals saved in record  2100.2


 **********************************************************************************************************************************
 DATASETS  * FILE   NREC   LENGTH (MB)   RECORD NAMES
              1      18       28.66       500      610      700      900      950      970     1000      129      960     1100   
                                          VAR    BASINP    GEOM    SYMINP    ZMAT    AOBASIS   BASIS     P2S    ABASIS      S 
                                         1400     1410     1200     1210     1080     1600     1650     1700   
                                           T        V       H0       H01     AOSYM     SMH    MOLCAS    OPER   

              2       4        0.42       700     1000      520     2100   
                                         GEOM     BASIS   MCVARS     RHF  

              3       2        0.05      1000     8000   
                                         BASIS   

 PROGRAMS   *        TOTAL    HF-SCF    HF-SCF       INT
 CPU TIMES  *         3.69      0.25      0.13      0.22
 REAL TIME  *         2.27 SEC
 DISK USED  *        29.23 MB (local),      168.94 MB (total)
 SF USED    *         0.02 MB
 GA USED    *         0.00 MB       (max)       0.00 MB       (current)
 **********************************************************************************************************************************

 PROGRESS OF GEOMETRY OPTIMIZATION.    TOTAL CPU:         3.2 SEC
   1  -113.88866889  -113.89873049    -0.01006159  0.13531398  0.18153829  0.05240559  0.09359848  0.11477289  0.05738644
   2  -113.89873049  -113.89909642    -0.00036594  0.01740646  0.02032090  0.00586614  0.02145243  0.03706909  0.01853454
   3  -113.89909642  -113.89915379    -0.00005737  0.00239781  0.00457264  0.00132001  0.01111618  0.02641120  0.01320560
   4  -113.89915379  -113.89915403    -0.00000024  0.00050436  0.00065633  0.00018947  0.00061064  0.00106879  0.00053440

 **********************************************************************************************************************************

 Current geometry (xyz format, in Angstrom)

    4
 HF-SCF000/6-311G(D,P)  ENERGY=-113.89915403
 C          0.0000000000       -0.0007658192       -0.5918432507
 H          0.0000000000        0.9255919018       -1.1753747778
 H          0.0000000000       -0.9293876252       -1.1717579998
 O          0.0000000000        0.0015367963        0.5867363704

 **********************************************************************************************************************************

 PROGRAM * ALASKA (Gradient of the energy)     Author: R. Lindh

 Orbitals from record         2100.2

 Number of closed-shell orbitals:  8 (  7  1 )
 Number of occupied orbitals:      8 (  7  1 )

 Number of electrons= 16     Singlet     Space symmetry=1      Wavefunction type: CLOSED          


 SCF GRADIENT FOR STATE 1.1

 Atom          dE/dx               dE/dy               dE/dz

   1         0.000000000        -0.000003044         0.000136861
   2         0.000000000        -0.000012160         0.000003741
   3         0.000000000         0.000014570         0.000004030
   4         0.000000000         0.000000634        -0.000144632

 Nuclear force contribution to virial =        -0.000377520

 Entering BMAT geometry-optimization, modelhes=F
 Reading points 1 to 5 from record 700.2,  wavefunction type=HF-SCF000       

 torquex=0.5505D-08  torquey=0.0000D+00  torquez=0.0000D+00 total=    0.0000

 Entering opt_bmat, project=F  hessinp=F  newcoord=F  MAXIT=100  maxitq=40
 Smallest nonzero eigenvalue of G:  0.100D+01
 coord i=   4  type=5 removed because of small gradient:  0.182035D-19
 BFGS update of hessian using  4 points
 bmat iter=  5  nc=   6  grad=     0.00120215  step=     0.00012045  stepmax=     0.30000000  scale=     1.00000000  de=-0.000000045735
 it=  1  dnq=  0.120D-03  dnx=  0.684D-04
 it=  2  dnq=  0.153D-08  dnx=  0.106D-08
 it=  3  dnq=  0.670D-13  dnx=  0.439D-13
 back transformation to cartesian coordinates converged in  3 iterations
 Bmat iter=  5  dq=   0.00012045  dx=   0.00006841  rms=   0.00001975  de=  -0.0000000105  enext=-113.8991540421

 Optimization point 5

 Variable                      Last           Current        Next           Gradient       Hessian

 E(HF-SCF000) / Hartree   -113.89915379  -113.89915403  -113.89915404
 GX1 / ANGSTROM              0.00000000     0.00000000     0.00000000     0.00000000     3.57106483
 GY1 / ANGSTROM             -0.00078217    -0.00076582    -0.00076403    -0.00000575     3.57106483
 GZ1 / ANGSTROM             -0.59186438    -0.59184325    -0.59187643     0.00025863     3.57106483
 GX2 / ANGSTROM              0.00000000     0.00000000     0.00000000     0.00000000     3.57106483
 GY2 / ANGSTROM              0.92591302     0.92559190     0.92562328    -0.00002298     3.57106483
 GZ2 / ANGSTROM             -1.17549251    -1.17537478    -1.17537846     0.00000707     3.57106483
 GX3 / ANGSTROM              0.00000000     0.00000000     0.00000000     0.00000000     3.57106483
 GY3 / ANGSTROM             -0.92971076    -0.92938763    -0.92941966     0.00002753     3.57106483
 GZ3 / ANGSTROM             -1.17189808    -1.17175800    -1.17176043     0.00000762     3.57106483
 GX4 / ANGSTROM              0.00000000     0.00000000     0.00000000     0.00000000     3.57106483
 GY4 / ANGSTROM              0.00155517     0.00153680     0.00153566     0.00000120     3.57106483
 GZ4 / ANGSTROM              0.58701532     0.58673637     0.58677567    -0.00027332     3.57106483
 Convergence:                0.00000000  (line search)     0.00012928     0.00020012  (total)

 Geometry written to block  6 of record 700


 Recomputing integrals since geometry changed


 PROGRAM * SEWARD (Integral evaluation for generally contracted gaussian basis sets)     Author: Roland Lindh, 1990

 Geometry written to block  6 of record 700


 Point group  Cs  



 ATOMIC COORDINATES

 NR  ATOM    CHARGE       X              Y              Z

   1  C       6.00    0.000000000   -0.001443806   -1.118484350
   2  H       1.00    0.000000000    1.749174496   -2.221143390
   3  H       1.00    0.000000000   -1.756348618   -2.214306302
   4  O       8.00    0.000000000    0.002901986    1.108845308

 Bond lengths in Bohr (Angstrom)

 1-2  2.068942097  1-3  2.068940950  1-4  2.227333898
     ( 1.094837008)     ( 1.094836401)     ( 1.178654340)

 Bond angles

  2-1-3  115.81242220   2-1-4  122.09373619   3-1-4  122.09384160

 NUCLEAR CHARGE:                   16
 NUMBER OF PRIMITIVE AOS:          80
 NUMBER OF SYMMETRY AOS:           78
 NUMBER OF CONTRACTIONS:           48   (   36A'  +   12A"  )
 NUMBER OF INNER CORE ORBITALS:     0   (    0A'  +    0A"  )
 NUMBER OF OUTER CORE ORBITALS:     2   (    2A'  +    0A"  )
 NUMBER OF VALENCE ORBITALS:       10   (    8A'  +    2A"  )


 NUCLEAR REPULSION ENERGY   31.89097382

 Eigenvalues of metric

         1 0.126E-01 0.226E-01 0.268E-01 0.326E-01 0.459E-01 0.659E-01 0.974E-01 0.108E+00
         2 0.154E+00 0.210E+00 0.366E+00 0.488E+00 0.495E+00 0.893E+00 0.934E+00 0.999E+00


 Contracted 2-electron integrals neglected if value below      1.0D-14
 AO integral compression algorithm  1   Integral accuracy      1.0D-14

     3.932 MB (compressed) written to integral file (100.0%)

     Node minimum: 0.786 MB, node maximum: 0.786 MB


 NUMBER OF SORTED TWO-ELECTRON INTEGRALS:      75125.     BUFFER LENGTH:  32768
 NUMBER OF SEGMENTS:   1  SEGMENT LENGTH:      75125      RECORD LENGTH: 524288

 Memory used in sort:       0.63 MW

 SORT1 READ      497818. AND WROTE       72348. INTEGRALS IN      1 RECORDS. CPU TIME:     0.03 SEC, REAL TIME:     0.02 SEC
 SORT2 READ      368536. AND WROTE      381036. INTEGRALS IN     15 RECORDS. CPU TIME:     0.00 SEC, REAL TIME:     0.01 SEC

 Node minimum:       74977.  Node maximum:       77273. integrals

 OPERATOR DM      FOR CENTER  0  COORDINATES:    0.000000    0.000000    0.000000

 Program * Restricted Hartree-Fock

 Molecular orbitals read from record     2100.2  Type=RHF/CANONICAL  

 NELEC=   16   SYM=1   MS2= 0   THRE=1.0D-08   THRD=1.0D-07   THRG=1.0D-07  HFMA2=F  DIIS_START=2   DIIS_MAX=10   DIIS_INCORE=F

 Level shifts:    0.00 (CLOSED)    0.00 (OPEN)    0.30 (GAP_MIN)

 ITER           ETOT              DE          GRAD        DDIFF     DIIS  NEXP   TIME(IT)  TIME(TOT)  DIAG
   1     -113.89915404    -113.89915404     0.00D+00     0.87D-01     0     0       0.02      0.03    start
   2     -113.89915404      -0.00000000     0.51D-05     0.26D-05     1     0       0.01      0.04    diag
   3     -113.89915404      -0.00000000     0.13D-05     0.11D-05     2     0       0.01      0.05    diag
   4     -113.89915404      -0.00000000     0.57D-06     0.39D-06     3     0       0.00      0.05    diag
   5     -113.89915404      -0.00000000     0.20D-06     0.16D-06     4     0       0.00      0.05    diag
   6     -113.89915404      -0.00000000     0.46D-07     0.70D-07     5     0       0.02      0.07    diag
   7     -113.89915404       0.00000000     0.81D-08     0.12D-07     0     0       0.00      0.07    diag

 Final occupancy:   7   1

 !RHF STATE 1.1 Energy               -113.899154042134
  RHF One-electron energy            -218.536968899445
  RHF Two-electron energy              72.746841034859
  RHF Kinetic energy                  113.922768194306
  RHF Nuclear energy                   31.890973822451
  RHF Virial quotient                  -0.999792717886

 !RHF STATE 1.1 Dipole moment           0.00000000    -0.00203550    -1.04304268
 Dipole moment /Debye                   0.00000000    -0.00517373    -2.65115005

 Orbital energies:

           1.1          2.1          3.1          4.1          5.1          6.1          7.1          8.1          9.1
    -20.567646   -11.332450    -1.421450    -0.865342    -0.698787    -0.656535    -0.435794     0.159359     0.213257

           1.2          2.2          3.2
     -0.543640     0.137353     0.573209


 HOMO      7.1    -0.435794 =     -11.8586eV
 LUMO      2.2     0.137353 =       3.7376eV
 LUMO-HOMO         0.573147 =      15.5961eV

 Orbitals saved in record  2100.2


 **********************************************************************************************************************************
 DATASETS  * FILE   NREC   LENGTH (MB)   RECORD NAMES
              1      18       28.66       500      610      700      900      950      970     1000      129      960     1100   
                                          VAR    BASINP    GEOM    SYMINP    ZMAT    AOBASIS   BASIS     P2S    ABASIS      S 
                                         1400     1410     1200     1210     1080     1600     1650     1700   
                                           T        V       H0       H01     AOSYM     SMH    MOLCAS    OPER   

              2       4        0.42       700     1000      520     2100   
                                         GEOM     BASIS   MCVARS     RHF  

              3       2        0.05      1000     8000   
                                         BASIS   

 PROGRAMS   *        TOTAL    HF-SCF    HF-SCF       INT
 CPU TIMES  *         4.54      0.24      0.13      0.22
 REAL TIME  *         2.74 SEC
 DISK USED  *        29.23 MB (local),      168.94 MB (total)
 SF USED    *         0.02 MB
 GA USED    *         0.00 MB       (max)       0.00 MB       (current)
 **********************************************************************************************************************************

 PROGRESS OF GEOMETRY OPTIMIZATION.    TOTAL CPU:         4.1 SEC
   1  -113.88866889  -113.89873049    -0.01006159  0.13531398  0.18153829  0.05240559  0.09359848  0.11477289  0.05738644
   2  -113.89873049  -113.89909642    -0.00036594  0.01740646  0.02032090  0.00586614  0.02145243  0.03706909  0.01853454
   3  -113.89909642  -113.89915379    -0.00005737  0.00239781  0.00457264  0.00132001  0.01111618  0.02641120  0.01320560
   4  -113.89915379  -113.89915403    -0.00000024  0.00050436  0.00065633  0.00018947  0.00061064  0.00106879  0.00053440
   5  -113.89915403  -113.89915404    -0.00000001  0.00014463  0.00020012  0.00005777  0.00007426  0.00012928  0.00006464

 **********************************************************************************************************************************

 Current geometry (xyz format, in Angstrom)

    4
 HF-SCF000/6-311G(D,P)  ENERGY=-113.89915404
 C          0.0000000000       -0.0007640292       -0.5918764285
 H          0.0000000000        0.9256232812       -1.1753784642
 H          0.0000000000       -0.9294196633       -1.1717604329
 O          0.0000000000        0.0015356650        0.5867756676

 **********************************************************************************************************************************

 PROGRAM * ALASKA (Gradient of the energy)     Author: R. Lindh

 Orbitals from record         2100.2

 Number of closed-shell orbitals:  8 (  7  1 )
 Number of occupied orbitals:      8 (  7  1 )

 Number of electrons= 16     Singlet     Space symmetry=1      Wavefunction type: CLOSED          


 SCF GRADIENT FOR STATE 1.1

 Atom          dE/dx               dE/dy               dE/dz

   1         0.000000000        -0.000000569         0.000000607
   2         0.000000000         0.000000657         0.000000077
   3         0.000000000        -0.000000256         0.000000116
   4         0.000000000         0.000000168        -0.000000801

 Nuclear force contribution to virial =        -0.000000397

 Entering BMAT geometry-optimization, modelhes=F
 Reading points 1 to 6 from record 700.2,  wavefunction type=HF-SCF000       

 torquex=0.8260D-09  torquey=0.0000D+00  torquez=0.0000D+00 total=    0.0000

 Entering opt_bmat, project=F  hessinp=F  newcoord=F  MAXIT=100  maxitq=40
 Smallest nonzero eigenvalue of G:  0.100D+01
 coord i=   4  type=5 removed because of small gradient:  0.429827D-21
 BFGS update of hessian using  5 points
 bmat iter=  6  nc=   6  grad=     0.00000838  step=     0.00000368  stepmax=     0.30000000  scale=     1.00000000  de=-0.000000000008
 it=  1  dnq=  0.368D-05  dnx=  0.215D-05
 it=  2  dnq=  0.239D-11  dnx=  0.165D-11
 back transformation to cartesian coordinates converged in  2 iterations
 Bmat iter=  6  dq=   0.00000368  dx=   0.00000215  rms=   0.00000062  de=  -0.0000000000  enext=-113.8991540421

 Optimization point 6

 Variable                      Last           Current        Next           Gradient       Hessian

 E(HF-SCF000) / Hartree   -113.89915403  -113.89915404  -113.89915404
 GX1 / ANGSTROM              0.00000000     0.00000000     0.00000000     0.00000000     3.57106483
 GY1 / ANGSTROM             -0.00076582    -0.00076403    -0.00076367    -0.00000107     3.57106483
 GZ1 / ANGSTROM             -0.59184325    -0.59187643    -0.59187599     0.00000115     3.57106483
 GX2 / ANGSTROM              0.00000000     0.00000000     0.00000000     0.00000000     3.57106483
 GY2 / ANGSTROM              0.92559190     0.92562328     0.92562203     0.00000124     3.57106483
 GZ2 / ANGSTROM             -1.17537478    -1.17537846    -1.17537920     0.00000015     3.57106483
 GX3 / ANGSTROM              0.00000000     0.00000000     0.00000000     0.00000000     3.57106483
 GY3 / ANGSTROM             -0.92938763    -0.92941966    -0.92941851    -0.00000048     3.57106483
 GZ3 / ANGSTROM             -1.17175800    -1.17176043    -1.17176090     0.00000022     3.57106483
 GX4 / ANGSTROM              0.00000000     0.00000000     0.00000000     0.00000000     3.57106483
 GY4 / ANGSTROM              0.00153680     0.00153566     0.00153541     0.00000032     3.57106483
 GZ4 / ANGSTROM              0.58673637     0.58677567     0.58677644    -0.00000151     3.57106483
 Convergence:                0.00000000  (line search)     0.00000407     0.00000137  (total)

 Geometry written to block  7 of record 700


 Recomputing integrals since geometry changed


 PROGRAM * SEWARD (Integral evaluation for generally contracted gaussian basis sets)     Author: Roland Lindh, 1990

 Geometry written to block  7 of record 700


 Point group  Cs  



 ATOMIC COORDINATES

 NR  ATOM    CHARGE       X              Y              Z

   1  C       6.00    0.000000000   -0.001443131   -1.118483530
   2  H       1.00    0.000000000    1.749172135   -2.221144781
   3  H       1.00    0.000000000   -1.756346444   -2.214307191
   4  O       8.00    0.000000000    0.002901498    1.108846769

 Bond lengths in Bohr (Angstrom)

 1-2  2.068940706  1-3  2.068940583  1-4  2.227334537
     ( 1.094836272)     ( 1.094836207)     ( 1.178654678)

 Bond angles

  2-1-3  115.81226348   2-1-4  122.09386275   3-1-4  122.09387378

 NUCLEAR CHARGE:                   16
 NUMBER OF PRIMITIVE AOS:          80
 NUMBER OF SYMMETRY AOS:           78
 NUMBER OF CONTRACTIONS:           48   (   36A'  +   12A"  )
 NUMBER OF INNER CORE ORBITALS:     0   (    0A'  +    0A"  )
 NUMBER OF OUTER CORE ORBITALS:     2   (    2A'  +    0A"  )
 NUMBER OF VALENCE ORBITALS:       10   (    8A'  +    2A"  )


 NUCLEAR REPULSION ENERGY   31.89096906

 Eigenvalues of metric

         1 0.126E-01 0.226E-01 0.268E-01 0.326E-01 0.459E-01 0.659E-01 0.974E-01 0.108E+00
         2 0.154E+00 0.210E+00 0.366E+00 0.488E+00 0.495E+00 0.893E+00 0.934E+00 0.999E+00


 Contracted 2-electron integrals neglected if value below      1.0D-14
 AO integral compression algorithm  1   Integral accuracy      1.0D-14

     4.194 MB (compressed) written to integral file (100.0%)

     Node minimum: 0.786 MB, node maximum: 1.049 MB


 NUMBER OF SORTED TWO-ELECTRON INTEGRALS:      75125.     BUFFER LENGTH:  32768
 NUMBER OF SEGMENTS:   1  SEGMENT LENGTH:      75125      RECORD LENGTH: 524288

 Memory used in sort:       0.63 MW

 SORT1 READ      497818. AND WROTE       72348. INTEGRALS IN      1 RECORDS. CPU TIME:     0.01 SEC, REAL TIME:     0.01 SEC
 SORT2 READ      368536. AND WROTE      381036. INTEGRALS IN     15 RECORDS. CPU TIME:     0.00 SEC, REAL TIME:     0.00 SEC

 Node minimum:       74977.  Node maximum:       77273. integrals

 OPERATOR DM      FOR CENTER  0  COORDINATES:    0.000000    0.000000    0.000000

 Program * Restricted Hartree-Fock

 Molecular orbitals read from record     2100.2  Type=RHF/CANONICAL  

 NELEC=   16   SYM=1   MS2= 0   THRE=1.0D-08   THRD=1.0D-07   THRG=1.0D-07  HFMA2=F  DIIS_START=2   DIIS_MAX=10   DIIS_INCORE=F

 Level shifts:    0.00 (CLOSED)    0.00 (OPEN)    0.30 (GAP_MIN)

 ITER           ETOT              DE          GRAD        DDIFF     DIIS  NEXP   TIME(IT)  TIME(TOT)  DIAG
   1     -113.89915404    -113.89915404     0.00D+00     0.87D-01     0     0       0.02      0.03    start
   2     -113.89915404      -0.00000000     0.48D-07     0.28D-07     1     0       0.01      0.04    diag

 Final occupancy:   7   1

 !RHF STATE 1.1 Energy               -113.899154042138
  RHF One-electron energy            -218.536958737959
  RHF Two-electron energy              72.746835633548
  RHF Kinetic energy                  113.922767315752
  RHF Nuclear energy                   31.890969062273
  RHF Virial quotient                  -0.999792725597

 !RHF STATE 1.1 Dipole moment           0.00000000    -0.00203475    -1.04304352
 Dipole moment /Debye                   0.00000000    -0.00517183    -2.65115220

 Orbital energies:

           1.1          2.1          3.1          4.1          5.1          6.1          7.1          8.1          9.1
    -20.567646   -11.332450    -1.421450    -0.865342    -0.698787    -0.656535    -0.435794     0.159359     0.213258

           1.2          2.2          3.2
     -0.543640     0.137353     0.573209


 HOMO      7.1    -0.435794 =     -11.8586eV
 LUMO      2.2     0.137353 =       3.7376eV
 LUMO-HOMO         0.573147 =      15.5961eV

 Orbitals saved in record  2100.2


 **********************************************************************************************************************************
 DATASETS  * FILE   NREC   LENGTH (MB)   RECORD NAMES
              1      18       28.66       500      610      700      900      950      970     1000      129      960     1100   
                                          VAR    BASINP    GEOM    SYMINP    ZMAT    AOBASIS   BASIS     P2S    ABASIS      S 
                                         1400     1410     1200     1210     1080     1600     1650     1700   
                                           T        V       H0       H01     AOSYM     SMH    MOLCAS    OPER   

              2       4        0.42       700     1000      520     2100   
                                         GEOM     BASIS   MCVARS     RHF  

              3       2        0.05      1000     8000   
                                         BASIS   

 PROGRAMS   *        TOTAL    HF-SCF    HF-SCF       INT
 CPU TIMES  *         5.27      0.21      0.13      0.22
 REAL TIME  *         3.20 SEC
 DISK USED  *        29.23 MB (local),      168.94 MB (total)
 SF USED    *         0.03 MB
 GA USED    *         0.00 MB       (max)       0.00 MB       (current)
 **********************************************************************************************************************************

 PROGRESS OF GEOMETRY OPTIMIZATION.    TOTAL CPU:         4.8 SEC
   1  -113.88866889  -113.89873049    -0.01006159  0.13531398  0.18153829  0.05240559  0.09359848  0.11477289  0.05738644
   2  -113.89873049  -113.89909642    -0.00036594  0.01740646  0.02032090  0.00586614  0.02145243  0.03706909  0.01853454
   3  -113.89909642  -113.89915379    -0.00005737  0.00239781  0.00457264  0.00132001  0.01111618  0.02641120  0.01320560
   4  -113.89915379  -113.89915403    -0.00000024  0.00050436  0.00065633  0.00018947  0.00061064  0.00106879  0.00053440
   5  -113.89915403  -113.89915404    -0.00000001  0.00014463  0.00020012  0.00005777  0.00007426  0.00012928  0.00006464
   6  -113.89915404  -113.89915404    -0.00000000  0.00000080  0.00000137  0.00000040  0.00000236  0.00000407  0.00000203

 **********************************************************************************************************************************

 Current geometry (xyz format, in Angstrom)

    4
 HF-SCF000/6-311G(D,P)  ENERGY=-113.89915404
 C          0.0000000000       -0.0007636720       -0.5918759949
 H          0.0000000000        0.9256220319       -1.1753792001
 H          0.0000000000       -0.9294185128       -1.1717609036
 O          0.0000000000        0.0015354065        0.5867764407

 **********************************************************************************************************************************

 PROGRAM * ALASKA (Gradient of the energy)     Author: R. Lindh

 Orbitals from record         2100.2

 Number of closed-shell orbitals:  8 (  7  1 )
 Number of occupied orbitals:      8 (  7  1 )

 Number of electrons= 16     Singlet     Space symmetry=1      Wavefunction type: CLOSED          


 SCF GRADIENT FOR STATE 1.1

 Atom          dE/dx               dE/dy               dE/dz

   1         0.000000000         0.000000036        -0.000000077
   2         0.000000000        -0.000000001         0.000000007
   3         0.000000000         0.000000011        -0.000000005
   4         0.000000000        -0.000000045         0.000000075

 Nuclear force contribution to virial =         0.000000143

 Entering BMAT geometry-optimization, modelhes=F
 Reading points 1 to 7 from record 700.2,  wavefunction type=HF-SCF000       

 torquex=-.1328D-06  torquey=0.0000D+00  torquez=0.0000D+00 total=    0.0000

 Entering opt_bmat, project=F  hessinp=F  newcoord=F  MAXIT=100  maxitq=40
 Smallest nonzero eigenvalue of G:  0.100D+01
 coord i=   4  type=5 removed because of small gradient: -0.411261D-22
 BFGS update of hessian using  6 points
 bmat iter=  7  nc=   6  grad=     0.00000064  step=     0.00000016  stepmax=     0.30000000  scale=     1.00000000  de=-0.000000000000
 it=  1  dnq=  0.159D-06  dnx=  0.858D-07
 it=  2  dnq=  0.407D-14  dnx=  0.319D-14
 back transformation to cartesian coordinates converged in  2 iterations
 Bmat iter=  7  dq=   0.00000016  dx=   0.00000009  rms=   0.00000002  de=   0.0000000000  enext=-113.8991540421

 Optimization point 7

 Variable                      Last           Current        Next           Gradient       Hessian

 E(HF-SCF000) / Hartree   -113.89915404  -113.89915404  -113.89915404
 GX1 / ANGSTROM              0.00000000     0.00000000     0.00000000     0.00000000     3.57106483
 GY1 / ANGSTROM             -0.00076403    -0.00076367    -0.00076370     0.00000007     3.57106483
 GZ1 / ANGSTROM             -0.59187643    -0.59187599    -0.59187598    -0.00000015     3.57106483
 GX2 / ANGSTROM              0.00000000     0.00000000     0.00000000     0.00000000     3.57106483
 GY2 / ANGSTROM              0.92562328     0.92562203     0.92562203    -0.00000000     3.57106483
 GZ2 / ANGSTROM             -1.17537846    -1.17537920    -1.17537916     0.00000001     3.57106483
 GX3 / ANGSTROM              0.00000000     0.00000000     0.00000000     0.00000000     3.57106483
 GY3 / ANGSTROM             -0.92941966    -0.92941851    -0.92941853     0.00000002     3.57106483
 GZ3 / ANGSTROM             -1.17176043    -1.17176090    -1.17176094    -0.00000001     3.57106483
 GX4 / ANGSTROM              0.00000000     0.00000000     0.00000000     0.00000000     3.57106483
 GY4 / ANGSTROM              0.00153566     0.00153541     0.00153546    -0.00000009     3.57106483
 GZ4 / ANGSTROM              0.58677567     0.58677644     0.58677642     0.00000014     3.57106483
 Convergence:                0.00000000  (line search)     0.00000016     0.00000012  (total)

 Geometry written to block  8 of record 700


 Recomputing integrals since geometry changed


 PROGRAM * SEWARD (Integral evaluation for generally contracted gaussian basis sets)     Author: Roland Lindh, 1990

 Geometry written to block  8 of record 700


 Point group  Cs  



 ATOMIC COORDINATES

 NR  ATOM    CHARGE       X              Y              Z

   1  C       6.00    0.000000000   -0.001443190   -1.118483505
   2  H       1.00    0.000000000    1.749172132   -2.221144701
   3  H       1.00    0.000000000   -1.756346477   -2.214307254
   4  O       8.00    0.000000000    0.002901592    1.108846727

 Bond lengths in Bohr (Angstrom)

 1-2  2.068940724  1-3  2.068940607  1-4  2.227334469
     ( 1.094836282)     ( 1.094836220)     ( 1.178654642)

 Bond angles

  2-1-3  115.81226310   2-1-4  122.09385670   3-1-4  122.09388020

 NUCLEAR CHARGE:                   16
 NUMBER OF PRIMITIVE AOS:          80
 NUMBER OF SYMMETRY AOS:           78
 NUMBER OF CONTRACTIONS:           48   (   36A'  +   12A"  )
 NUMBER OF INNER CORE ORBITALS:     0   (    0A'  +    0A"  )
 NUMBER OF OUTER CORE ORBITALS:     2   (    2A'  +    0A"  )
 NUMBER OF VALENCE ORBITALS:       10   (    8A'  +    2A"  )


 NUCLEAR REPULSION ENERGY   31.89096970

 Eigenvalues of metric

         1 0.126E-01 0.226E-01 0.268E-01 0.326E-01 0.459E-01 0.659E-01 0.974E-01 0.108E+00
         2 0.154E+00 0.210E+00 0.366E+00 0.488E+00 0.495E+00 0.893E+00 0.934E+00 0.999E+00


 Contracted 2-electron integrals neglected if value below      1.0D-14
 AO integral compression algorithm  1   Integral accuracy      1.0D-14

     4.719 MB (compressed) written to integral file ( 95.8%)

     Node minimum: 0.786 MB, node maximum: 1.049 MB


 NUMBER OF SORTED TWO-ELECTRON INTEGRALS:      75125.     BUFFER LENGTH:  32768
 NUMBER OF SEGMENTS:   1  SEGMENT LENGTH:      75125      RECORD LENGTH: 524288

 Memory used in sort:       0.63 MW

 SORT1 READ      497818. AND WROTE       72348. INTEGRALS IN      1 RECORDS. CPU TIME:     0.00 SEC, REAL TIME:     0.01 SEC
 SORT2 READ      368536. AND WROTE      381036. INTEGRALS IN     20 RECORDS. CPU TIME:     0.00 SEC, REAL TIME:     0.01 SEC

 Node minimum:       74977.  Node maximum:       77273. integrals

 OPERATOR DM      FOR CENTER  0  COORDINATES:    0.000000    0.000000    0.000000

 Program * Restricted Hartree-Fock

 Molecular orbitals read from record     2100.2  Type=RHF/CANONICAL  

 NELEC=   16   SYM=1   MS2= 0   THRE=1.0D-08   THRD=1.0D-07   THRG=1.0D-07  HFMA2=F  DIIS_START=2   DIIS_MAX=10   DIIS_INCORE=F

 Level shifts:    0.00 (CLOSED)    0.00 (OPEN)    0.30 (GAP_MIN)

 ITER           ETOT              DE          GRAD        DDIFF     DIIS  NEXP   TIME(IT)  TIME(TOT)  DIAG
   1     -113.89915404    -113.89915404     0.00D+00     0.87D-01     0     0       0.02      0.03    start
   2     -113.89915404      -0.00000000     0.89D-08     0.78D-08     1     0       0.00      0.03    diag

 Final occupancy:   7   1

 !RHF STATE 1.1 Energy               -113.899154042144
  RHF One-electron energy            -218.536960669346
  RHF Two-electron energy              72.746836926845
  RHF Kinetic energy                  113.922768142664
  RHF Nuclear energy                   31.890969700358
  RHF Virial quotient                  -0.999792718340

 !RHF STATE 1.1 Dipole moment           0.00000000    -0.00203475    -1.04304371
 Dipole moment /Debye                   0.00000000    -0.00517183    -2.65115266

 Orbital energies:

           1.1          2.1          3.1          4.1          5.1          6.1          7.1          8.1          9.1
    -20.567646   -11.332450    -1.421450    -0.865342    -0.698787    -0.656535    -0.435794     0.159359     0.213258

           1.2          2.2          3.2
     -0.543640     0.137353     0.573209


 HOMO      7.1    -0.435794 =     -11.8586eV
 LUMO      2.2     0.137353 =       3.7376eV
 LUMO-HOMO         0.573147 =      15.5961eV

 Orbitals saved in record  2100.2


 **********************************************************************************************************************************
 DATASETS  * FILE   NREC   LENGTH (MB)   RECORD NAMES
              1      18       28.66       500      610      700      900      950      970     1000      129      960     1100   
                                          VAR    BASINP    GEOM    SYMINP    ZMAT    AOBASIS   BASIS     P2S    ABASIS      S 
                                         1400     1410     1200     1210     1080     1600     1650     1700   
                                           T        V       H0       H01     AOSYM     SMH    MOLCAS    OPER   

              2       4        0.42       700     1000      520     2100   
                                         GEOM     BASIS   MCVARS     RHF  

              3       2        0.05      1000     8000   
                                         BASIS   

 PROGRAMS   *        TOTAL    HF-SCF    HF-SCF       INT
 CPU TIMES  *         6.00      0.22      0.13      0.22
 REAL TIME  *         3.62 SEC
 DISK USED  *        29.23 MB (local),      168.94 MB (total)
 SF USED    *         0.03 MB
 GA USED    *         0.00 MB       (max)       0.00 MB       (current)
 **********************************************************************************************************************************

 PROGRESS OF GEOMETRY OPTIMIZATION.    TOTAL CPU:         5.5 SEC
   1  -113.88866889  -113.89873049    -0.01006159  0.13531398  0.18153829  0.05240559  0.09359848  0.11477289  0.05738644
   2  -113.89873049  -113.89909642    -0.00036594  0.01740646  0.02032090  0.00586614  0.02145243  0.03706909  0.01853454
   3  -113.89909642  -113.89915379    -0.00005737  0.00239781  0.00457264  0.00132001  0.01111618  0.02641120  0.01320560
   4  -113.89915379  -113.89915403    -0.00000024  0.00050436  0.00065633  0.00018947  0.00061064  0.00106879  0.00053440
   5  -113.89915403  -113.89915404    -0.00000001  0.00014463  0.00020012  0.00005777  0.00007426  0.00012928  0.00006464
   6  -113.89915404  -113.89915404    -0.00000000  0.00000080  0.00000137  0.00000040  0.00000236  0.00000407  0.00000203
   7  -113.89915404  -113.89915404    -0.00000000  0.00000008  0.00000012  0.00000004  0.00000009  0.00000016  0.00000008

 **********************************************************************************************************************************

 Current geometry (xyz format, in Angstrom)

    4
 HF-SCF000/6-311G(D,P)  ENERGY=-113.89915404
 C          0.0000000000       -0.0007637032       -0.5918759814
 H          0.0000000000        0.9256220302       -1.1753791579
 H          0.0000000000       -0.9294185298       -1.1717609369
 O          0.0000000000        0.0015354566        0.5867764182

 **********************************************************************************************************************************

 Recomputing wavefunction for reoriented structure


 Recomputing integrals since geometry changed


 PROGRAM * SEWARD (Integral evaluation for generally contracted gaussian basis sets)     Author: Roland Lindh, 1990

 Geometry written to block  1 of record 700

 Orientation using atomic masses  
 Molecule type: Asymmetric top
 Symmetry elements: X
 Rotational constants:      35.5377037     40.4728439    291.4429712 GHz

 Point group  Cs  



 ATOMIC COORDINATES

 NR  ATOM    CHARGE       X              Y              Z

   1  C       6.00    0.000000000   -0.000000020   -1.113285526
   2  H       1.00    0.000000000    1.752762891   -2.212529764
   3  H       1.00    0.000000000   -1.752762386   -2.212530415
   4  O       8.00    0.000000000   -0.000000017    1.114048943

 Bond lengths in Bohr (Angstrom)

 1-2  2.068940724  1-3  2.068940607  1-4  2.227334469
     ( 1.094836282)     ( 1.094836220)     ( 1.178654642)

 Bond angles

  2-1-3  115.81226310   2-1-4  122.09385670   3-1-4  122.09388020

 NUCLEAR CHARGE:                   16
 NUMBER OF PRIMITIVE AOS:          80
 NUMBER OF SYMMETRY AOS:           78
 NUMBER OF CONTRACTIONS:           48   (   36A'  +   12A"  )
 NUMBER OF INNER CORE ORBITALS:     0   (    0A'  +    0A"  )
 NUMBER OF OUTER CORE ORBITALS:     2   (    2A'  +    0A"  )
 NUMBER OF VALENCE ORBITALS:       10   (    8A'  +    2A"  )


 NUCLEAR REPULSION ENERGY   31.89096970


 Eigenvalues of metric

         1 0.126E-01 0.226E-01 0.268E-01 0.326E-01 0.459E-01 0.659E-01 0.974E-01 0.108E+00
         2 0.154E+00 0.210E+00 0.366E+00 0.488E+00 0.495E+00 0.893E+00 0.934E+00 0.999E+00


 Contracted 2-electron integrals neglected if value below      1.0D-14
 AO integral compression algorithm  1   Integral accuracy      1.0D-14

     3.932 MB (compressed) written to integral file (100.0%)

     Node minimum: 0.786 MB, node maximum: 0.786 MB


 NUMBER OF SORTED TWO-ELECTRON INTEGRALS:      75125.     BUFFER LENGTH:  32768
 NUMBER OF SEGMENTS:   1  SEGMENT LENGTH:      75125      RECORD LENGTH: 524288

 Memory used in sort:       0.63 MW

 SORT1 READ      497818. AND WROTE       71341. INTEGRALS IN      1 RECORDS. CPU TIME:     0.01 SEC, REAL TIME:     0.01 SEC
 SORT2 READ      362899. AND WROTE      381036. INTEGRALS IN     15 RECORDS. CPU TIME:     0.00 SEC, REAL TIME:     0.00 SEC

 Node minimum:       74977.  Node maximum:       77273. integrals

 OPERATOR DM      FOR CENTER  0  COORDINATES:    0.000000    0.000000    0.000000

 Program * Restricted Hartree-Fock

 Molecular orbitals read from record     2100.2  Type=RHF/CANONICAL  

 NELEC=   16   SYM=1   MS2= 0   THRE=1.0D-08   THRD=1.0D-07   THRG=1.0D-07  HFMA2=F  DIIS_START=2   DIIS_MAX=10   DIIS_INCORE=F

 Level shifts:    0.00 (CLOSED)    0.00 (OPEN)    0.30 (GAP_MIN)

 ITER           ETOT              DE          GRAD        DDIFF     DIIS  NEXP   TIME(IT)  TIME(TOT)  DIAG
   1     -113.89915118    -113.89915118     0.00D+00     0.87D-01     0     0       0.02      0.03    start
   2     -113.89915382      -0.00000264     0.11D-03     0.55D-04     1     0       0.00      0.03    diag
   3     -113.89915404      -0.00000022     0.25D-04     0.19D-04     2     0       0.01      0.04    diag
   4     -113.89915404      -0.00000000     0.32D-05     0.39D-05     3     0       0.00      0.04    diag
   5     -113.89915404      -0.00000000     0.52D-06     0.10D-05     4     0       0.02      0.06    diag
   6     -113.89915404      -0.00000000     0.14D-06     0.28D-06     5     0       0.00      0.06    diag
   7     -113.89915404      -0.00000000     0.65D-07     0.84D-07     6     0       0.00      0.06    diag
   8     -113.89915404      -0.00000000     0.24D-07     0.28D-07     0     0       0.02      0.08    fixocc

 Final occupancy:   7   1

 !RHF STATE 1.1 Energy               -113.899154042136
  RHF One-electron energy            -218.536959622714
  RHF Two-electron energy              72.746835880221
  RHF Kinetic energy                  113.922767046766
  RHF Nuclear energy                   31.890969700358
  RHF Virial quotient                  -0.999792727957

 !RHF STATE 1.1 Dipole moment           0.00000000    -0.00000009    -1.04304524
 Dipole moment /Debye                   0.00000000    -0.00000022    -2.65115655

 Orbital energies:

           1.1          2.1          3.1          4.1          5.1          6.1          7.1          8.1          9.1
    -20.567646   -11.332450    -1.421450    -0.865342    -0.698787    -0.656534    -0.435794     0.159359     0.213258

           1.2          2.2          3.2
     -0.543640     0.137353     0.573209


 HOMO      7.1    -0.435794 =     -11.8586eV
 LUMO      2.2     0.137353 =       3.7376eV
 LUMO-HOMO         0.573147 =      15.5961eV

 Orbitals saved in record  2100.2


 **********************************************************************************************************************************
 DATASETS  * FILE   NREC   LENGTH (MB)   RECORD NAMES
              1      18       28.66       500      610      700      900      950      970     1000      129      960     1100   
                                          VAR    BASINP    GEOM    SYMINP    ZMAT    AOBASIS   BASIS     P2S    ABASIS      S 
                                         1400     1410     1200     1210     1080     1600     1650     1700   
                                           T        V       H0       H01     AOSYM     SMH    MOLCAS    OPER   

              2       4        0.42       700     1000      520     2100   
                                         GEOM     BASIS   MCVARS     RHF  

 PROGRAMS   *        TOTAL    HF-SCF    HF-SCF       INT
 CPU TIMES  *         6.26      0.25      0.13      0.22
 REAL TIME  *         3.82 SEC
 DISK USED  *        29.23 MB (local),      168.94 MB (total)
 SF USED    *         0.03 MB
 GA USED    *         0.00 MB       (max)       0.00 MB       (current)
 **********************************************************************************************************************************
 Cartesian Coordinates are in [bohr]
 Creating new Variables:
 CX1               0.00000000
 CY1              -0.00000002
 CZ1              -1.11328553
 HX2               0.00000000
 HY2               1.75276289
 HZ2              -2.21252976
 HX3               0.00000000
 HY3              -1.75276239
 HZ3              -2.21253042
 OX4               0.00000000
 OY4              -0.00000002
 OZ4               1.11404894
